<?xml version="1.0" encoding="UTF-8"?>
<coverage generated="1769884237283" clover="3.2.0">
  <project timestamp="1769884237283" name="All files">
    <metrics statements="1130" coveredstatements="0" conditionals="545" coveredconditionals="0" methods="150" coveredmethods="0" elements="1825" coveredelements="0" complexity="0" loc="1130" ncloc="1130" packages="1" files="4" classes="4"/>
    <file name="background.js" path="/Users/jeremiepoutrin/projects/github/jpoutrin/ui-chatter/poc/extension/background.js">
      <metrics statements="231" coveredstatements="0" conditionals="120" coveredconditionals="0" methods="33" coveredmethods="0"/>
      <line num="2" count="0" type="stmt"/>
      <line num="3" count="0" type="stmt"/>
      <line num="7" count="0" type="stmt"/>
      <line num="8" count="0" type="stmt"/>
      <line num="11" count="0" type="stmt"/>
      <line num="13" count="0" type="cond" truecount="0" falsecount="2"/>
      <line num="14" count="0" type="stmt"/>
      <line num="18" count="0" type="cond" truecount="0" falsecount="2"/>
      <line num="19" count="0" type="stmt"/>
      <line num="23" count="0" type="cond" truecount="0" falsecount="2"/>
      <line num="24" count="0" type="stmt"/>
      <line num="28" count="0" type="cond" truecount="0" falsecount="2"/>
      <line num="29" count="0" type="stmt"/>
      <line num="34" count="0" type="stmt"/>
      <line num="40" count="0" type="cond" truecount="0" falsecount="2"/>
      <line num="41" count="0" type="stmt"/>
      <line num="43" count="0" type="stmt"/>
      <line num="49" count="0" type="cond" truecount="0" falsecount="2"/>
      <line num="50" count="0" type="stmt"/>
      <line num="51" count="0" type="stmt"/>
      <line num="54" count="0" type="stmt"/>
      <line num="56" count="0" type="stmt"/>
      <line num="57" count="0" type="stmt"/>
      <line num="66" count="0" type="stmt"/>
      <line num="68" count="0" type="stmt"/>
      <line num="69" count="0" type="stmt"/>
      <line num="70" count="0" type="stmt"/>
      <line num="73" count="0" type="stmt"/>
      <line num="74" count="0" type="cond" truecount="0" falsecount="2"/>
      <line num="77" count="0" type="stmt"/>
      <line num="84" count="0" type="stmt"/>
      <line num="85" count="0" type="stmt"/>
      <line num="88" count="0" type="cond" truecount="0" falsecount="2"/>
      <line num="89" count="0" type="stmt"/>
      <line num="93" count="0" type="stmt"/>
      <line num="94" count="0" type="stmt"/>
      <line num="95" count="0" type="stmt"/>
      <line num="98" count="0" type="cond" truecount="0" falsecount="2"/>
      <line num="99" count="0" type="stmt"/>
      <line num="103" count="0" type="stmt"/>
      <line num="104" count="0" type="stmt"/>
      <line num="106" count="0" type="stmt"/>
      <line num="107" count="0" type="stmt"/>
      <line num="108" count="0" type="stmt"/>
      <line num="111" count="0" type="stmt"/>
      <line num="112" count="0" type="stmt"/>
      <line num="117" count="0" type="stmt"/>
      <line num="118" count="0" type="stmt"/>
      <line num="119" count="0" type="stmt"/>
      <line num="121" count="0" type="cond" truecount="0" falsecount="2"/>
      <line num="122" count="0" type="stmt"/>
      <line num="126" count="0" type="stmt"/>
      <line num="127" count="0" type="stmt"/>
      <line num="130" count="0" type="cond" truecount="0" falsecount="2"/>
      <line num="131" count="0" type="stmt"/>
      <line num="132" count="0" type="stmt"/>
      <line num="133" count="0" type="stmt"/>
      <line num="137" count="0" type="cond" truecount="0" falsecount="2"/>
      <line num="138" count="0" type="stmt"/>
      <line num="139" count="0" type="cond" truecount="0" falsecount="2"/>
      <line num="140" count="0" type="stmt"/>
      <line num="144" count="0" type="stmt"/>
      <line num="147" count="0" type="cond" truecount="0" falsecount="2"/>
      <line num="148" count="0" type="stmt"/>
      <line num="149" count="0" type="stmt"/>
      <line num="154" count="0" type="cond" truecount="0" falsecount="2"/>
      <line num="164" count="0" type="stmt"/>
      <line num="169" count="0" type="stmt"/>
      <line num="170" count="0" type="cond" truecount="0" falsecount="2"/>
      <line num="172" count="0" type="stmt"/>
      <line num="175" count="0" type="cond" truecount="0" falsecount="2"/>
      <line num="176" count="0" type="stmt"/>
      <line num="180" count="0" type="cond" truecount="0" falsecount="2"/>
      <line num="181" count="0" type="stmt"/>
      <line num="185" count="0" type="stmt"/>
      <line num="190" count="0" type="stmt"/>
      <line num="191" count="0" type="stmt"/>
      <line num="196" count="0" type="cond" truecount="0" falsecount="2"/>
      <line num="206" count="0" type="stmt"/>
      <line num="207" count="0" type="cond" truecount="0" falsecount="2"/>
      <line num="208" count="0" type="cond" truecount="0" falsecount="2"/>
      <line num="209" count="0" type="stmt"/>
      <line num="213" count="0" type="stmt"/>
      <line num="214" count="0" type="stmt"/>
      <line num="216" count="0" type="stmt"/>
      <line num="217" count="0" type="stmt"/>
      <line num="218" count="0" type="stmt"/>
      <line num="221" count="0" type="stmt"/>
      <line num="222" count="0" type="stmt"/>
      <line num="225" count="0" type="stmt"/>
      <line num="231" count="0" type="cond" truecount="0" falsecount="2"/>
      <line num="236" count="0" type="stmt"/>
      <line num="241" count="0" type="stmt"/>
      <line num="242" count="0" type="cond" truecount="0" falsecount="2"/>
      <line num="243" count="0" type="stmt"/>
      <line num="246" count="0" type="cond" truecount="0" falsecount="2"/>
      <line num="247" count="0" type="stmt"/>
      <line num="251" count="0" type="cond" truecount="0" falsecount="2"/>
      <line num="252" count="0" type="stmt"/>
      <line num="257" count="0" type="cond" truecount="0" falsecount="2"/>
      <line num="266" count="0" type="stmt"/>
      <line num="267" count="0" type="stmt"/>
      <line num="268" count="0" type="stmt"/>
      <line num="270" count="0" type="cond" truecount="0" falsecount="2"/>
      <line num="271" count="0" type="stmt"/>
      <line num="272" count="0" type="stmt"/>
      <line num="277" count="0" type="stmt"/>
      <line num="278" count="0" type="cond" truecount="0" falsecount="2"/>
      <line num="280" count="0" type="stmt"/>
      <line num="282" count="0" type="stmt"/>
      <line num="283" count="0" type="stmt"/>
      <line num="289" count="0" type="stmt"/>
      <line num="290" count="0" type="stmt"/>
      <line num="293" count="0" type="stmt"/>
      <line num="296" count="0" type="cond" truecount="0" falsecount="2"/>
      <line num="298" count="0" type="stmt"/>
      <line num="299" count="0" type="stmt"/>
      <line num="300" count="0" type="stmt"/>
      <line num="301" count="0" type="stmt"/>
      <line num="304" count="0" type="cond" truecount="0" falsecount="2"/>
      <line num="306" count="0" type="stmt"/>
      <line num="307" count="0" type="stmt"/>
      <line num="309" count="0" type="cond" truecount="0" falsecount="2"/>
      <line num="310" count="0" type="stmt"/>
      <line num="311" count="0" type="stmt"/>
      <line num="312" count="0" type="stmt"/>
      <line num="314" count="0" type="stmt"/>
      <line num="315" count="0" type="stmt"/>
      <line num="317" count="0" type="stmt"/>
      <line num="320" count="0" type="cond" truecount="0" falsecount="2"/>
      <line num="322" count="0" type="stmt"/>
      <line num="323" count="0" type="stmt"/>
      <line num="325" count="0" type="cond" truecount="0" falsecount="2"/>
      <line num="326" count="0" type="stmt"/>
      <line num="327" count="0" type="stmt"/>
      <line num="328" count="0" type="stmt"/>
      <line num="329" count="0" type="stmt"/>
      <line num="330" count="0" type="stmt"/>
      <line num="332" count="0" type="stmt"/>
      <line num="333" count="0" type="stmt"/>
      <line num="335" count="0" type="stmt"/>
      <line num="338" count="0" type="cond" truecount="0" falsecount="2"/>
      <line num="340" count="0" type="stmt"/>
      <line num="341" count="0" type="stmt"/>
      <line num="345" count="0" type="cond" truecount="0" falsecount="2"/>
      <line num="354" count="0" type="cond" truecount="0" falsecount="2"/>
      <line num="356" count="0" type="stmt"/>
      <line num="357" count="0" type="stmt"/>
      <line num="359" count="0" type="cond" truecount="0" falsecount="2"/>
      <line num="360" count="0" type="stmt"/>
      <line num="365" count="0" type="stmt"/>
      <line num="366" count="0" type="stmt"/>
      <line num="368" count="0" type="stmt"/>
      <line num="372" count="0" type="cond" truecount="0" falsecount="2"/>
      <line num="374" count="0" type="stmt"/>
      <line num="375" count="0" type="stmt"/>
      <line num="377" count="0" type="cond" truecount="0" falsecount="2"/>
      <line num="378" count="0" type="stmt"/>
      <line num="381" count="0" type="stmt"/>
      <line num="382" count="0" type="stmt"/>
      <line num="384" count="0" type="stmt"/>
      <line num="388" count="0" type="cond" truecount="0" falsecount="2"/>
      <line num="390" count="0" type="stmt"/>
      <line num="391" count="0" type="stmt"/>
      <line num="393" count="0" type="cond" truecount="0" falsecount="2"/>
      <line num="394" count="0" type="stmt"/>
      <line num="398" count="0" type="stmt"/>
      <line num="399" count="0" type="stmt"/>
      <line num="401" count="0" type="stmt"/>
      <line num="405" count="0" type="cond" truecount="0" falsecount="2"/>
      <line num="407" count="0" type="stmt"/>
      <line num="409" count="0" type="stmt"/>
      <line num="410" count="0" type="cond" truecount="0" falsecount="2"/>
      <line num="411" count="0" type="stmt"/>
      <line num="415" count="0" type="stmt"/>
      <line num="416" count="0" type="stmt"/>
      <line num="420" count="0" type="stmt"/>
      <line num="421" count="0" type="stmt"/>
      <line num="424" count="0" type="cond" truecount="0" falsecount="2"/>
      <line num="426" count="0" type="stmt"/>
      <line num="427" count="0" type="stmt"/>
      <line num="429" count="0" type="cond" truecount="0" falsecount="2"/>
      <line num="430" count="0" type="stmt"/>
      <line num="433" count="0" type="stmt"/>
      <line num="434" count="0" type="stmt"/>
      <line num="436" count="0" type="stmt"/>
      <line num="438" count="0" type="stmt"/>
      <line num="439" count="0" type="stmt"/>
      <line num="442" count="0" type="cond" truecount="0" falsecount="2"/>
      <line num="444" count="0" type="stmt"/>
      <line num="445" count="0" type="stmt"/>
      <line num="447" count="0" type="cond" truecount="0" falsecount="2"/>
      <line num="448" count="0" type="stmt"/>
      <line num="451" count="0" type="stmt"/>
      <line num="452" count="0" type="stmt"/>
      <line num="454" count="0" type="stmt"/>
      <line num="455" count="0" type="stmt"/>
      <line num="458" count="0" type="cond" truecount="0" falsecount="2"/>
      <line num="459" count="0" type="stmt"/>
      <line num="460" count="0" type="stmt"/>
      <line num="462" count="0" type="stmt"/>
      <line num="467" count="0" type="stmt"/>
      <line num="470" count="0" type="cond" truecount="0" falsecount="2"/>
      <line num="472" count="0" type="cond" truecount="0" falsecount="2"/>
      <line num="473" count="0" type="stmt"/>
      <line num="475" count="0" type="stmt"/>
      <line num="479" count="0" type="stmt"/>
      <line num="482" count="0" type="cond" truecount="0" falsecount="2"/>
      <line num="484" count="0" type="stmt"/>
      <line num="485" count="0" type="cond" truecount="0" falsecount="2"/>
      <line num="486" count="0" type="cond" truecount="0" falsecount="2"/>
      <line num="487" count="0" type="stmt"/>
      <line num="488" count="0" type="stmt"/>
      <line num="491" count="0" type="cond" truecount="0" falsecount="4"/>
      <line num="496" count="0" type="stmt"/>
      <line num="499" count="0" type="cond" truecount="0" falsecount="2"/>
      <line num="500" count="0" type="stmt"/>
      <line num="502" count="0" type="stmt"/>
      <line num="505" count="0" type="stmt"/>
      <line num="506" count="0" type="stmt"/>
      <line num="507" count="0" type="stmt"/>
      <line num="510" count="0" type="stmt"/>
      <line num="514" count="0" type="stmt"/>
      <line num="515" count="0" type="stmt"/>
      <line num="522" count="0" type="stmt"/>
      <line num="523" count="0" type="stmt"/>
      <line num="525" count="0" type="stmt"/>
      <line num="526" count="0" type="stmt"/>
      <line num="527" count="0" type="stmt"/>
      <line num="529" count="0" type="stmt"/>
      <line num="533" count="0" type="stmt"/>
    </file>
    <file name="content.js" path="/Users/jeremiepoutrin/projects/github/jpoutrin/ui-chatter/poc/extension/content.js">
      <metrics statements="73" coveredstatements="0" conditionals="47" coveredconditionals="0" methods="9" coveredmethods="0"/>
      <line num="2" count="0" type="stmt"/>
      <line num="3" count="0" type="stmt"/>
      <line num="6" count="0" type="stmt"/>
      <line num="7" count="0" type="cond" truecount="0" falsecount="2"/>
      <line num="8" count="0" type="stmt"/>
      <line num="9" count="0" type="stmt"/>
      <line num="10" count="0" type="stmt"/>
      <line num="16" count="0" type="cond" truecount="0" falsecount="2"/>
      <line num="17" count="0" type="stmt"/>
      <line num="20" count="0" type="cond" truecount="0" falsecount="2"/>
      <line num="21" count="0" type="stmt"/>
      <line num="24" count="0" type="stmt"/>
      <line num="25" count="0" type="cond" truecount="0" falsecount="2"/>
      <line num="26" count="0" type="stmt"/>
      <line num="27" count="0" type="stmt"/>
      <line num="29" count="0" type="stmt"/>
      <line num="30" count="0" type="cond" truecount="0" falsecount="4"/>
      <line num="31" count="0" type="stmt"/>
      <line num="33" count="0" type="stmt"/>
      <line num="36" count="0" type="stmt"/>
      <line num="37" count="0" type="cond" truecount="0" falsecount="2"/>
      <line num="38" count="0" type="stmt"/>
      <line num="40" count="0" type="stmt"/>
      <line num="43" count="0" type="cond" truecount="0" falsecount="2"/>
      <line num="48" count="0" type="cond" truecount="0" falsecount="2"/>
      <line num="49" count="0" type="stmt"/>
      <line num="52" count="0" type="stmt"/>
      <line num="53" count="0" type="cond" truecount="0" falsecount="2"/>
      <line num="54" count="0" type="stmt"/>
      <line num="56" count="0" type="cond" truecount="0" falsecount="2"/>
      <line num="57" count="0" type="stmt"/>
      <line num="61" count="0" type="cond" truecount="0" falsecount="2"/>
      <line num="62" count="0" type="stmt"/>
      <line num="63" count="0" type="stmt"/>
      <line num="64" count="0" type="cond" truecount="0" falsecount="2"/>
      <line num="65" count="0" type="stmt"/>
      <line num="66" count="0" type="stmt"/>
      <line num="70" count="0" type="stmt"/>
      <line num="71" count="0" type="stmt"/>
      <line num="74" count="0" type="stmt"/>
      <line num="79" count="0" type="stmt"/>
      <line num="82" count="0" type="stmt"/>
      <line num="83" count="0" type="stmt"/>
      <line num="84" count="0" type="stmt"/>
      <line num="85" count="0" type="cond" truecount="0" falsecount="2"/>
      <line num="86" count="0" type="stmt"/>
      <line num="91" count="0" type="stmt"/>
      <line num="92" count="0" type="stmt"/>
      <line num="95" count="0" type="stmt"/>
      <line num="102" count="0" type="stmt"/>
      <line num="122" count="0" type="stmt"/>
      <line num="123" count="0" type="cond" truecount="0" falsecount="2"/>
      <line num="126" count="0" type="cond" truecount="0" falsecount="2"/>
      <line num="127" count="0" type="stmt"/>
      <line num="131" count="0" type="stmt"/>
      <line num="132" count="0" type="cond" truecount="0" falsecount="5"/>
      <line num="133" count="0" type="stmt"/>
      <line num="134" count="0" type="stmt"/>
      <line num="139" count="0" type="stmt"/>
      <line num="140" count="0" type="cond" truecount="0" falsecount="2"/>
      <line num="142" count="0" type="stmt"/>
      <line num="143" count="0" type="stmt"/>
      <line num="145" count="0" type="stmt"/>
      <line num="148" count="0" type="stmt"/>
      <line num="149" count="0" type="stmt"/>
      <line num="150" count="0" type="stmt"/>
      <line num="153" count="0" type="stmt"/>
      <line num="156" count="0" type="stmt"/>
      <line num="162" count="0" type="stmt"/>
      <line num="163" count="0" type="cond" truecount="0" falsecount="2"/>
      <line num="164" count="0" type="stmt"/>
      <line num="165" count="0" type="stmt"/>
      <line num="169" count="0" type="stmt"/>
    </file>
    <file name="settings.js" path="/Users/jeremiepoutrin/projects/github/jpoutrin/ui-chatter/poc/extension/settings.js">
      <metrics statements="35" coveredstatements="0" conditionals="16" coveredconditionals="0" methods="11" coveredmethods="0"/>
      <line num="2" count="0" type="stmt"/>
      <line num="13" count="0" type="stmt"/>
      <line num="20" count="0" type="stmt"/>
      <line num="30" count="0" type="stmt"/>
      <line num="33" count="0" type="cond" truecount="0" falsecount="2"/>
      <line num="34" count="0" type="cond" truecount="0" falsecount="2"/>
      <line num="35" count="0" type="cond" truecount="0" falsecount="2"/>
      <line num="37" count="0" type="stmt"/>
      <line num="44" count="0" type="stmt"/>
      <line num="45" count="0" type="stmt"/>
      <line num="50" count="0" type="stmt"/>
      <line num="57" count="0" type="cond" truecount="0" falsecount="4"/>
      <line num="58" count="0" type="stmt"/>
      <line num="59" count="0" type="stmt"/>
      <line num="62" count="0" type="stmt"/>
      <line num="63" count="0" type="stmt"/>
      <line num="64" count="0" type="stmt"/>
      <line num="70" count="0" type="cond" truecount="0" falsecount="2"/>
      <line num="71" count="0" type="stmt"/>
      <line num="72" count="0" type="stmt"/>
      <line num="73" count="0" type="stmt"/>
      <line num="74" count="0" type="stmt"/>
      <line num="81" count="0" type="stmt"/>
      <line num="82" count="0" type="stmt"/>
      <line num="83" count="0" type="stmt"/>
      <line num="88" count="0" type="stmt"/>
      <line num="89" count="0" type="stmt"/>
      <line num="90" count="0" type="stmt"/>
      <line num="93" count="0" type="stmt"/>
      <line num="94" count="0" type="cond" truecount="0" falsecount="2"/>
      <line num="95" count="0" type="stmt"/>
      <line num="99" count="0" type="stmt"/>
      <line num="100" count="0" type="cond" truecount="0" falsecount="2"/>
      <line num="101" count="0" type="stmt"/>
      <line num="106" count="0" type="stmt"/>
    </file>
    <file name="sidepanel.js" path="/Users/jeremiepoutrin/projects/github/jpoutrin/ui-chatter/poc/extension/sidepanel.js">
      <metrics statements="791" coveredstatements="0" conditionals="362" coveredconditionals="0" methods="97" coveredmethods="0"/>
      <line num="2" count="0" type="stmt"/>
      <line num="3" count="0" type="stmt"/>
      <line num="4" count="0" type="stmt"/>
      <line num="5" count="0" type="stmt"/>
      <line num="6" count="0" type="stmt"/>
      <line num="9" count="0" type="stmt"/>
      <line num="12" count="0" type="stmt"/>
      <line num="20" count="0" type="stmt"/>
      <line num="28" count="0" type="stmt"/>
      <line num="29" count="0" type="stmt"/>
      <line num="30" count="0" type="stmt"/>
      <line num="33" count="0" type="stmt"/>
      <line num="34" count="0" type="stmt"/>
      <line num="37" count="0" type="stmt"/>
      <line num="41" count="0" type="cond" truecount="0" falsecount="5"/>
      <line num="44" count="0" type="stmt"/>
      <line num="45" count="0" type="stmt"/>
      <line num="46" count="0" type="stmt"/>
      <line num="48" count="0" type="stmt"/>
      <line num="51" count="0" type="stmt"/>
      <line num="71" count="0" type="stmt"/>
      <line num="72" count="0" type="cond" truecount="0" falsecount="2"/>
      <line num="73" count="0" type="stmt"/>
      <line num="74" count="0" type="cond" truecount="0" falsecount="2"/>
      <line num="75" count="0" type="stmt"/>
      <line num="76" count="0" type="cond" truecount="0" falsecount="2"/>
      <line num="77" count="0" type="stmt"/>
      <line num="78" count="0" type="cond" truecount="0" falsecount="2"/>
      <line num="80" count="0" type="stmt"/>
      <line num="81" count="0" type="cond" truecount="0" falsecount="2"/>
      <line num="83" count="0" type="stmt"/>
      <line num="89" count="0" type="stmt"/>
      <line num="90" count="0" type="cond" truecount="0" falsecount="2"/>
      <line num="91" count="0" type="stmt"/>
      <line num="92" count="0" type="stmt"/>
      <line num="95" count="0" type="stmt"/>
      <line num="97" count="0" type="stmt"/>
      <line num="98" count="0" type="stmt"/>
      <line num="101" count="0" type="stmt"/>
      <line num="107" count="0" type="stmt"/>
      <line num="108" count="0" type="stmt"/>
      <line num="109" count="0" type="cond" truecount="0" falsecount="2"/>
      <line num="110" count="0" type="stmt"/>
      <line num="111" count="0" type="stmt"/>
      <line num="114" count="0" type="stmt"/>
      <line num="115" count="0" type="cond" truecount="0" falsecount="2"/>
      <line num="118" count="0" type="stmt"/>
      <line num="119" count="0" type="stmt"/>
      <line num="121" count="0" type="stmt"/>
      <line num="127" count="0" type="stmt"/>
      <line num="130" count="0" type="stmt"/>
      <line num="133" count="0" type="stmt"/>
      <line num="134" count="0" type="stmt"/>
      <line num="135" count="0" type="stmt"/>
      <line num="136" count="0" type="stmt"/>
      <line num="139" count="0" type="cond" truecount="0" falsecount="2"/>
      <line num="140" count="0" type="stmt"/>
      <line num="141" count="0" type="stmt"/>
      <line num="142" count="0" type="stmt"/>
      <line num="143" count="0" type="stmt"/>
      <line num="147" count="0" type="stmt"/>
      <line num="148" count="0" type="stmt"/>
      <line num="149" count="0" type="stmt"/>
      <line num="152" count="0" type="stmt"/>
      <line num="153" count="0" type="stmt"/>
      <line num="155" count="0" type="stmt"/>
      <line num="159" count="0" type="stmt"/>
      <line num="162" count="0" type="stmt"/>
      <line num="164" count="0" type="stmt"/>
      <line num="169" count="0" type="stmt"/>
      <line num="171" count="0" type="cond" truecount="0" falsecount="2"/>
      <line num="172" count="0" type="stmt"/>
      <line num="173" count="0" type="stmt"/>
      <line num="176" count="0" type="stmt"/>
      <line num="177" count="0" type="stmt"/>
      <line num="178" count="0" type="stmt"/>
      <line num="180" count="0" type="stmt"/>
      <line num="182" count="0" type="cond" truecount="0" falsecount="2"/>
      <line num="183" count="0" type="stmt"/>
      <line num="184" count="0" type="stmt"/>
      <line num="187" count="0" type="stmt"/>
      <line num="188" count="0" type="cond" truecount="0" falsecount="2"/>
      <line num="190" count="0" type="stmt"/>
      <line num="193" count="0" type="stmt"/>
      <line num="194" count="0" type="cond" truecount="0" falsecount="2"/>
      <line num="195" count="0" type="stmt"/>
      <line num="197" count="0" type="cond" truecount="0" falsecount="2"/>
      <line num="199" count="0" type="stmt"/>
      <line num="200" count="0" type="stmt"/>
      <line num="201" count="0" type="stmt"/>
      <line num="204" count="0" type="stmt"/>
      <line num="209" count="0" type="stmt"/>
      <line num="210" count="0" type="stmt"/>
      <line num="213" count="0" type="cond" truecount="0" falsecount="4"/>
      <line num="214" count="0" type="stmt"/>
      <line num="215" count="0" type="stmt"/>
      <line num="218" count="0" type="stmt"/>
      <line num="219" count="0" type="cond" truecount="0" falsecount="2"/>
      <line num="220" count="0" type="stmt"/>
      <line num="221" count="0" type="cond" truecount="0" falsecount="2"/>
      <line num="222" count="0" type="stmt"/>
      <line num="223" count="0" type="stmt"/>
      <line num="224" count="0" type="stmt"/>
      <line num="228" count="0" type="cond" truecount="0" falsecount="2"/>
      <line num="229" count="0" type="stmt"/>
      <line num="231" count="0" type="stmt"/>
      <line num="234" count="0" type="stmt"/>
      <line num="235" count="0" type="stmt"/>
      <line num="241" count="0" type="stmt"/>
      <line num="244" count="0" type="cond" truecount="0" falsecount="2"/>
      <line num="245" count="0" type="stmt"/>
      <line num="248" count="0" type="stmt"/>
      <line num="251" count="0" type="cond" truecount="0" falsecount="2"/>
      <line num="252" count="0" type="stmt"/>
      <line num="253" count="0" type="stmt"/>
      <line num="256" count="0" type="stmt"/>
      <line num="259" count="0" type="cond" truecount="0" falsecount="2"/>
      <line num="260" count="0" type="stmt"/>
      <line num="261" count="0" type="stmt"/>
      <line num="265" count="0" type="stmt"/>
      <line num="268" count="0" type="stmt"/>
      <line num="269" count="0" type="stmt"/>
      <line num="273" count="0" type="stmt"/>
      <line num="274" count="0" type="cond" truecount="0" falsecount="4"/>
      <line num="276" count="0" type="stmt"/>
      <line num="277" count="0" type="stmt"/>
      <line num="278" count="0" type="stmt"/>
      <line num="281" count="0" type="stmt"/>
      <line num="284" count="0" type="stmt"/>
      <line num="285" count="0" type="stmt"/>
      <line num="287" count="0" type="stmt"/>
      <line num="289" count="0" type="stmt"/>
      <line num="298" count="0" type="cond" truecount="0" falsecount="2"/>
      <line num="299" count="0" type="stmt"/>
      <line num="302" count="0" type="stmt"/>
      <line num="303" count="0" type="stmt"/>
      <line num="305" count="0" type="stmt"/>
      <line num="308" count="0" type="stmt"/>
      <line num="311" count="0" type="stmt"/>
      <line num="314" count="0" type="stmt"/>
      <line num="317" count="0" type="stmt"/>
      <line num="318" count="0" type="stmt"/>
      <line num="321" count="0" type="stmt"/>
      <line num="328" count="0" type="stmt"/>
      <line num="330" count="0" type="stmt"/>
      <line num="333" count="0" type="stmt"/>
      <line num="336" count="0" type="stmt"/>
      <line num="339" count="0" type="stmt"/>
      <line num="342" count="0" type="cond" truecount="0" falsecount="4"/>
      <line num="344" count="0" type="stmt"/>
      <line num="346" count="0" type="stmt"/>
      <line num="347" count="0" type="stmt"/>
      <line num="350" count="0" type="stmt"/>
      <line num="353" count="0" type="stmt"/>
      <line num="354" count="0" type="stmt"/>
      <line num="355" count="0" type="stmt"/>
      <line num="358" count="0" type="cond" truecount="0" falsecount="2"/>
      <line num="359" count="0" type="stmt"/>
      <line num="363" count="0" type="stmt"/>
      <line num="365" count="0" type="stmt"/>
      <line num="366" count="0" type="stmt"/>
      <line num="369" count="0" type="stmt"/>
      <line num="371" count="0" type="stmt"/>
      <line num="375" count="0" type="cond" truecount="0" falsecount="2"/>
      <line num="376" count="0" type="stmt"/>
      <line num="380" count="0" type="stmt"/>
      <line num="385" count="0" type="cond" truecount="0" falsecount="2"/>
      <line num="386" count="0" type="stmt"/>
      <line num="387" count="0" type="stmt"/>
      <line num="390" count="0" type="stmt"/>
      <line num="392" count="0" type="stmt"/>
      <line num="393" count="0" type="cond" truecount="0" falsecount="2"/>
      <line num="396" count="0" type="stmt"/>
      <line num="401" count="0" type="cond" truecount="0" falsecount="2"/>
      <line num="402" count="0" type="stmt"/>
      <line num="403" count="0" type="stmt"/>
      <line num="406" count="0" type="cond" truecount="0" falsecount="2"/>
      <line num="407" count="0" type="stmt"/>
      <line num="408" count="0" type="stmt"/>
      <line num="410" count="0" type="stmt"/>
      <line num="411" count="0" type="stmt"/>
      <line num="415" count="0" type="stmt"/>
      <line num="420" count="0" type="cond" truecount="0" falsecount="4"/>
      <line num="422" count="0" type="stmt"/>
      <line num="424" count="0" type="stmt"/>
      <line num="427" count="0" type="stmt"/>
      <line num="428" count="0" type="stmt"/>
      <line num="429" count="0" type="stmt"/>
      <line num="432" count="0" type="stmt"/>
      <line num="437" count="0" type="stmt"/>
      <line num="439" count="0" type="stmt"/>
      <line num="442" count="0" type="cond" truecount="0" falsecount="2"/>
      <line num="444" count="0" type="stmt"/>
      <line num="450" count="0" type="stmt"/>
      <line num="453" count="0" type="stmt"/>
      <line num="457" count="0" type="cond" truecount="0" falsecount="2"/>
      <line num="458" count="0" type="stmt"/>
      <line num="459" count="0" type="stmt"/>
      <line num="462" count="0" type="stmt"/>
      <line num="464" count="0" type="stmt"/>
      <line num="473" count="0" type="cond" truecount="0" falsecount="2"/>
      <line num="474" count="0" type="stmt"/>
      <line num="477" count="0" type="stmt"/>
      <line num="478" count="0" type="stmt"/>
      <line num="480" count="0" type="stmt"/>
      <line num="483" count="0" type="stmt"/>
      <line num="486" count="0" type="cond" truecount="0" falsecount="2"/>
      <line num="487" count="0" type="stmt"/>
      <line num="491" count="0" type="stmt"/>
      <line num="494" count="0" type="stmt"/>
      <line num="495" count="0" type="stmt"/>
      <line num="501" count="0" type="stmt"/>
      <line num="502" count="0" type="stmt"/>
      <line num="505" count="0" type="stmt"/>
      <line num="506" count="0" type="cond" truecount="0" falsecount="4"/>
      <line num="509" count="0" type="stmt"/>
      <line num="512" count="0" type="stmt"/>
      <line num="517" count="0" type="stmt"/>
      <line num="519" count="0" type="cond" truecount="0" falsecount="8"/>
      <line num="522" count="0" type="stmt"/>
      <line num="523" count="0" type="stmt"/>
      <line num="526" count="0" type="stmt"/>
      <line num="527" count="0" type="cond" truecount="0" falsecount="2"/>
      <line num="528" count="0" type="stmt"/>
      <line num="529" count="0" type="stmt"/>
      <line num="532" count="0" type="stmt"/>
      <line num="542" count="0" type="cond" truecount="0" falsecount="2"/>
      <line num="544" count="0" type="stmt"/>
      <line num="547" count="0" type="stmt"/>
      <line num="550" count="0" type="stmt"/>
      <line num="552" count="0" type="stmt"/>
      <line num="555" count="0" type="stmt"/>
      <line num="556" count="0" type="stmt"/>
      <line num="559" count="0" type="stmt"/>
      <line num="560" count="0" type="stmt"/>
      <line num="563" count="0" type="stmt"/>
      <line num="564" count="0" type="stmt"/>
      <line num="568" count="0" type="cond" truecount="0" falsecount="4"/>
      <line num="569" count="0" type="cond" truecount="0" falsecount="2"/>
      <line num="571" count="0" type="stmt"/>
      <line num="574" count="0" type="stmt"/>
      <line num="575" count="0" type="stmt"/>
      <line num="579" count="0" type="stmt"/>
      <line num="582" count="0" type="stmt"/>
      <line num="585" count="0" type="cond" truecount="0" falsecount="2"/>
      <line num="588" count="0" type="cond" truecount="0" falsecount="2"/>
      <line num="589" count="0" type="stmt"/>
      <line num="593" count="0" type="cond" truecount="0" falsecount="2"/>
      <line num="594" count="0" type="stmt"/>
      <line num="598" count="0" type="cond" truecount="0" falsecount="2"/>
      <line num="599" count="0" type="stmt"/>
      <line num="603" count="0" type="cond" truecount="0" falsecount="2"/>
      <line num="604" count="0" type="stmt"/>
      <line num="611" count="0" type="stmt"/>
      <line num="612" count="0" type="stmt"/>
      <line num="615" count="0" type="stmt"/>
      <line num="616" count="0" type="stmt"/>
      <line num="617" count="0" type="stmt"/>
      <line num="622" count="0" type="stmt"/>
      <line num="624" count="0" type="cond" truecount="0" falsecount="3"/>
      <line num="626" count="0" type="stmt"/>
      <line num="627" count="0" type="stmt"/>
      <line num="628" count="0" type="stmt"/>
      <line num="631" count="0" type="stmt"/>
      <line num="632" count="0" type="cond" truecount="0" falsecount="2"/>
      <line num="633" count="0" type="stmt"/>
      <line num="638" count="0" type="cond" truecount="0" falsecount="4"/>
      <line num="639" count="0" type="stmt"/>
      <line num="641" count="0" type="stmt"/>
      <line num="644" count="0" type="stmt"/>
      <line num="645" count="0" type="stmt"/>
      <line num="646" count="0" type="stmt"/>
      <line num="652" count="0" type="cond" truecount="0" falsecount="2"/>
      <line num="654" count="0" type="stmt"/>
      <line num="655" count="0" type="stmt"/>
      <line num="656" count="0" type="cond" truecount="0" falsecount="2"/>
      <line num="658" count="0" type="stmt"/>
      <line num="659" count="0" type="cond" truecount="0" falsecount="2"/>
      <line num="662" count="0" type="stmt"/>
      <line num="663" count="0" type="cond" truecount="0" falsecount="2"/>
      <line num="665" count="0" type="stmt"/>
      <line num="667" count="0" type="cond" truecount="0" falsecount="4"/>
      <line num="668" count="0" type="stmt"/>
      <line num="669" count="0" type="stmt"/>
      <line num="672" count="0" type="cond" truecount="0" falsecount="2"/>
      <line num="673" count="0" type="stmt"/>
      <line num="678" count="0" type="cond" truecount="0" falsecount="2"/>
      <line num="679" count="0" type="stmt"/>
      <line num="681" count="0" type="stmt"/>
      <line num="687" count="0" type="stmt"/>
      <line num="692" count="0" type="stmt"/>
      <line num="694" count="0" type="stmt"/>
      <line num="697" count="0" type="cond" truecount="0" falsecount="4"/>
      <line num="698" count="0" type="stmt"/>
      <line num="699" count="0" type="stmt"/>
      <line num="702" count="0" type="cond" truecount="0" falsecount="2"/>
      <line num="704" count="0" type="cond" truecount="0" falsecount="4"/>
      <line num="705" count="0" type="stmt"/>
      <line num="706" count="0" type="stmt"/>
      <line num="708" count="0" type="stmt"/>
      <line num="712" count="0" type="stmt"/>
      <line num="715" count="0" type="stmt"/>
      <line num="717" count="0" type="stmt"/>
      <line num="722" count="0" type="stmt"/>
      <line num="723" count="0" type="cond" truecount="0" falsecount="2"/>
      <line num="725" count="0" type="stmt"/>
      <line num="728" count="0" type="cond" truecount="0" falsecount="5"/>
      <line num="729" count="0" type="stmt"/>
      <line num="730" count="0" type="stmt"/>
      <line num="731" count="0" type="stmt"/>
      <line num="734" count="0" type="stmt"/>
      <line num="736" count="0" type="stmt"/>
      <line num="739" count="0" type="stmt"/>
      <line num="750" count="0" type="stmt"/>
      <line num="753" count="0" type="cond" truecount="0" falsecount="2"/>
      <line num="754" count="0" type="stmt"/>
      <line num="755" count="0" type="stmt"/>
      <line num="756" count="0" type="stmt"/>
      <line num="758" count="0" type="stmt"/>
      <line num="763" count="0" type="stmt"/>
      <line num="764" count="0" type="stmt"/>
      <line num="766" count="0" type="stmt"/>
      <line num="768" count="0" type="stmt"/>
      <line num="770" count="0" type="stmt"/>
      <line num="775" count="0" type="stmt"/>
      <line num="778" count="0" type="stmt"/>
      <line num="787" count="0" type="stmt"/>
      <line num="792" count="0" type="stmt"/>
      <line num="793" count="0" type="stmt"/>
      <line num="794" count="0" type="stmt"/>
      <line num="795" count="0" type="stmt"/>
      <line num="796" count="0" type="stmt"/>
      <line num="797" count="0" type="stmt"/>
      <line num="801" count="0" type="stmt"/>
      <line num="805" count="0" type="stmt"/>
      <line num="806" count="0" type="stmt"/>
      <line num="807" count="0" type="stmt"/>
      <line num="808" count="0" type="stmt"/>
      <line num="813" count="0" type="stmt"/>
      <line num="814" count="0" type="stmt"/>
      <line num="815" count="0" type="stmt"/>
      <line num="816" count="0" type="stmt"/>
      <line num="817" count="0" type="stmt"/>
      <line num="820" count="0" type="cond" truecount="0" falsecount="2"/>
      <line num="821" count="0" type="stmt"/>
      <line num="822" count="0" type="stmt"/>
      <line num="823" count="0" type="stmt"/>
      <line num="824" count="0" type="stmt"/>
      <line num="825" count="0" type="stmt"/>
      <line num="832" count="0" type="cond" truecount="0" falsecount="2"/>
      <line num="833" count="0" type="stmt"/>
      <line num="837" count="0" type="stmt"/>
      <line num="843" count="0" type="cond" truecount="0" falsecount="2"/>
      <line num="844" count="0" type="stmt"/>
      <line num="845" count="0" type="stmt"/>
      <line num="846" count="0" type="stmt"/>
      <line num="849" count="0" type="stmt"/>
      <line num="850" count="0" type="stmt"/>
      <line num="851" count="0" type="stmt"/>
      <line num="852" count="0" type="stmt"/>
      <line num="853" count="0" type="stmt"/>
      <line num="855" count="0" type="stmt"/>
      <line num="862" count="0" type="stmt"/>
      <line num="877" count="0" type="stmt"/>
      <line num="881" count="0" type="stmt"/>
      <line num="887" count="0" type="cond" truecount="0" falsecount="2"/>
      <line num="891" count="0" type="cond" truecount="0" falsecount="2"/>
      <line num="897" count="0" type="stmt"/>
      <line num="908" count="0" type="stmt"/>
      <line num="909" count="0" type="stmt"/>
      <line num="910" count="0" type="stmt"/>
      <line num="912" count="0" type="cond" truecount="0" falsecount="5"/>
      <line num="913" count="0" type="stmt"/>
      <line num="914" count="0" type="stmt"/>
      <line num="917" count="0" type="stmt"/>
      <line num="918" count="0" type="stmt"/>
      <line num="920" count="0" type="stmt"/>
      <line num="921" count="0" type="cond" truecount="0" falsecount="4"/>
      <line num="922" count="0" type="stmt"/>
      <line num="926" count="0" type="stmt"/>
      <line num="927" count="0" type="stmt"/>
      <line num="928" count="0" type="cond" truecount="0" falsecount="2"/>
      <line num="929" count="0" type="stmt"/>
      <line num="934" count="0" type="stmt"/>
      <line num="938" count="0" type="stmt"/>
      <line num="939" count="0" type="stmt"/>
      <line num="940" count="0" type="stmt"/>
      <line num="944" count="0" type="stmt"/>
      <line num="946" count="0" type="stmt"/>
      <line num="948" count="0" type="cond" truecount="0" falsecount="2"/>
      <line num="949" count="0" type="stmt"/>
      <line num="950" count="0" type="stmt"/>
      <line num="951" count="0" type="cond" truecount="0" falsecount="2"/>
      <line num="952" count="0" type="stmt"/>
      <line num="953" count="0" type="stmt"/>
      <line num="956" count="0" type="stmt"/>
      <line num="961" count="0" type="stmt"/>
      <line num="962" count="0" type="stmt"/>
      <line num="964" count="0" type="cond" truecount="0" falsecount="2"/>
      <line num="965" count="0" type="stmt"/>
      <line num="966" count="0" type="stmt"/>
      <line num="967" count="0" type="stmt"/>
      <line num="968" count="0" type="stmt"/>
      <line num="971" count="0" type="cond" truecount="0" falsecount="2"/>
      <line num="972" count="0" type="stmt"/>
      <line num="974" count="0" type="stmt"/>
      <line num="976" count="0" type="stmt"/>
      <line num="977" count="0" type="stmt"/>
      <line num="978" count="0" type="stmt"/>
      <line num="979" count="0" type="stmt"/>
      <line num="981" count="0" type="stmt"/>
      <line num="983" count="0" type="cond" truecount="0" falsecount="2"/>
      <line num="984" count="0" type="stmt"/>
      <line num="987" count="0" type="stmt"/>
      <line num="988" count="0" type="stmt"/>
      <line num="989" count="0" type="cond" truecount="0" falsecount="2"/>
      <line num="990" count="0" type="stmt"/>
      <line num="991" count="0" type="stmt"/>
      <line num="994" count="0" type="cond" truecount="0" falsecount="2"/>
      <line num="995" count="0" type="stmt"/>
      <line num="996" count="0" type="stmt"/>
      <line num="1001" count="0" type="stmt"/>
      <line num="1002" count="0" type="stmt"/>
      <line num="1004" count="0" type="cond" truecount="0" falsecount="2"/>
      <line num="1005" count="0" type="stmt"/>
      <line num="1006" count="0" type="stmt"/>
      <line num="1007" count="0" type="stmt"/>
      <line num="1010" count="0" type="stmt"/>
      <line num="1011" count="0" type="stmt"/>
      <line num="1012" count="0" type="stmt"/>
      <line num="1013" count="0" type="stmt"/>
      <line num="1015" count="0" type="stmt"/>
      <line num="1016" count="0" type="stmt"/>
      <line num="1017" count="0" type="stmt"/>
      <line num="1018" count="0" type="stmt"/>
      <line num="1020" count="0" type="cond" truecount="0" falsecount="2"/>
      <line num="1021" count="0" type="stmt"/>
      <line num="1022" count="0" type="stmt"/>
      <line num="1023" count="0" type="stmt"/>
      <line num="1024" count="0" type="stmt"/>
      <line num="1027" count="0" type="stmt"/>
      <line num="1028" count="0" type="stmt"/>
      <line num="1031" count="0" type="stmt"/>
      <line num="1032" count="0" type="stmt"/>
      <line num="1036" count="0" type="cond" truecount="0" falsecount="2"/>
      <line num="1038" count="0" type="cond" truecount="0" falsecount="5"/>
      <line num="1040" count="0" type="stmt"/>
      <line num="1041" count="0" type="stmt"/>
      <line num="1042" count="0" type="stmt"/>
      <line num="1044" count="0" type="stmt"/>
      <line num="1045" count="0" type="stmt"/>
      <line num="1046" count="0" type="stmt"/>
      <line num="1048" count="0" type="cond" truecount="0" falsecount="2"/>
      <line num="1049" count="0" type="stmt"/>
      <line num="1050" count="0" type="stmt"/>
      <line num="1052" count="0" type="stmt"/>
      <line num="1054" count="0" type="cond" truecount="0" falsecount="2"/>
      <line num="1055" count="0" type="stmt"/>
      <line num="1056" count="0" type="stmt"/>
      <line num="1057" count="0" type="cond" truecount="0" falsecount="2"/>
      <line num="1058" count="0" type="stmt"/>
      <line num="1059" count="0" type="stmt"/>
      <line num="1061" count="0" type="stmt"/>
      <line num="1063" count="0" type="stmt"/>
      <line num="1064" count="0" type="stmt"/>
      <line num="1065" count="0" type="stmt"/>
      <line num="1070" count="0" type="stmt"/>
      <line num="1071" count="0" type="cond" truecount="0" falsecount="2"/>
      <line num="1073" count="0" type="cond" truecount="0" falsecount="4"/>
      <line num="1074" count="0" type="stmt"/>
      <line num="1077" count="0" type="stmt"/>
      <line num="1079" count="0" type="cond" truecount="0" falsecount="2"/>
      <line num="1080" count="0" type="stmt"/>
      <line num="1081" count="0" type="cond" truecount="0" falsecount="2"/>
      <line num="1082" count="0" type="stmt"/>
      <line num="1085" count="0" type="stmt"/>
      <line num="1086" count="0" type="stmt"/>
      <line num="1090" count="0" type="cond" truecount="0" falsecount="4"/>
      <line num="1092" count="0" type="stmt"/>
      <line num="1093" count="0" type="stmt"/>
      <line num="1094" count="0" type="stmt"/>
      <line num="1095" count="0" type="stmt"/>
      <line num="1096" count="0" type="stmt"/>
      <line num="1097" count="0" type="stmt"/>
      <line num="1098" count="0" type="stmt"/>
      <line num="1100" count="0" type="cond" truecount="0" falsecount="2"/>
      <line num="1102" count="0" type="stmt"/>
      <line num="1103" count="0" type="stmt"/>
      <line num="1105" count="0" type="stmt"/>
      <line num="1106" count="0" type="stmt"/>
      <line num="1107" count="0" type="stmt"/>
      <line num="1109" count="0" type="stmt"/>
      <line num="1110" count="0" type="stmt"/>
      <line num="1112" count="0" type="stmt"/>
      <line num="1116" count="0" type="stmt"/>
      <line num="1117" count="0" type="stmt"/>
      <line num="1118" count="0" type="stmt"/>
      <line num="1121" count="0" type="stmt"/>
      <line num="1122" count="0" type="stmt"/>
      <line num="1123" count="0" type="stmt"/>
      <line num="1124" count="0" type="stmt"/>
      <line num="1125" count="0" type="stmt"/>
      <line num="1126" count="0" type="stmt"/>
      <line num="1128" count="0" type="stmt"/>
      <line num="1129" count="0" type="stmt"/>
      <line num="1133" count="0" type="stmt"/>
      <line num="1134" count="0" type="stmt"/>
      <line num="1135" count="0" type="stmt"/>
      <line num="1136" count="0" type="stmt"/>
      <line num="1137" count="0" type="stmt"/>
      <line num="1139" count="0" type="cond" truecount="0" falsecount="2"/>
      <line num="1140" count="0" type="stmt"/>
      <line num="1141" count="0" type="stmt"/>
      <line num="1147" count="0" type="stmt"/>
      <line num="1148" count="0" type="stmt"/>
      <line num="1149" count="0" type="stmt"/>
      <line num="1152" count="0" type="cond" truecount="0" falsecount="6"/>
      <line num="1153" count="0" type="stmt"/>
      <line num="1154" count="0" type="stmt"/>
      <line num="1158" count="0" type="stmt"/>
      <line num="1159" count="0" type="stmt"/>
      <line num="1160" count="0" type="stmt"/>
      <line num="1163" count="0" type="stmt"/>
      <line num="1166" count="0" type="stmt"/>
      <line num="1172" count="0" type="stmt"/>
      <line num="1178" count="0" type="stmt"/>
      <line num="1181" count="0" type="stmt"/>
      <line num="1182" count="0" type="stmt"/>
      <line num="1185" count="0" type="stmt"/>
      <line num="1186" count="0" type="stmt"/>
      <line num="1192" count="0" type="stmt"/>
      <line num="1193" count="0" type="cond" truecount="0" falsecount="2"/>
      <line num="1196" count="0" type="cond" truecount="0" falsecount="2"/>
      <line num="1198" count="0" type="stmt"/>
      <line num="1201" count="0" type="stmt"/>
      <line num="1204" count="0" type="stmt"/>
      <line num="1208" count="0" type="stmt"/>
      <line num="1212" count="0" type="stmt"/>
      <line num="1215" count="0" type="stmt"/>
      <line num="1218" count="0" type="stmt"/>
      <line num="1221" count="0" type="stmt"/>
      <line num="1228" count="0" type="stmt"/>
      <line num="1229" count="0" type="stmt"/>
      <line num="1230" count="0" type="stmt"/>
      <line num="1231" count="0" type="stmt"/>
      <line num="1233" count="0" type="stmt"/>
      <line num="1234" count="0" type="cond" truecount="0" falsecount="2"/>
      <line num="1238" count="0" type="stmt"/>
      <line num="1239" count="0" type="stmt"/>
      <line num="1242" count="0" type="stmt"/>
      <line num="1245" count="0" type="stmt"/>
      <line num="1246" count="0" type="cond" truecount="0" falsecount="2"/>
      <line num="1247" count="0" type="stmt"/>
      <line num="1251" count="0" type="stmt"/>
      <line num="1252" count="0" type="stmt"/>
      <line num="1253" count="0" type="cond" truecount="0" falsecount="2"/>
      <line num="1254" count="0" type="stmt"/>
      <line num="1255" count="0" type="stmt"/>
      <line num="1256" count="0" type="cond" truecount="0" falsecount="2"/>
      <line num="1257" count="0" type="stmt"/>
      <line num="1259" count="0" type="stmt"/>
      <line num="1260" count="0" type="stmt"/>
      <line num="1265" count="0" type="stmt"/>
      <line num="1266" count="0" type="stmt"/>
      <line num="1267" count="0" type="cond" truecount="0" falsecount="2"/>
      <line num="1268" count="0" type="stmt"/>
      <line num="1269" count="0" type="stmt"/>
      <line num="1274" count="0" type="stmt"/>
      <line num="1275" count="0" type="stmt"/>
      <line num="1276" count="0" type="stmt"/>
      <line num="1277" count="0" type="stmt"/>
      <line num="1278" count="0" type="stmt"/>
      <line num="1279" count="0" type="stmt"/>
      <line num="1280" count="0" type="stmt"/>
      <line num="1281" count="0" type="stmt"/>
      <line num="1284" count="0" type="stmt"/>
      <line num="1285" count="0" type="stmt"/>
      <line num="1286" count="0" type="stmt"/>
      <line num="1290" count="0" type="stmt"/>
      <line num="1293" count="0" type="stmt"/>
      <line num="1294" count="0" type="stmt"/>
      <line num="1295" count="0" type="cond" truecount="0" falsecount="2"/>
      <line num="1296" count="0" type="stmt"/>
      <line num="1297" count="0" type="stmt"/>
      <line num="1299" count="0" type="stmt"/>
      <line num="1300" count="0" type="cond" truecount="0" falsecount="2"/>
      <line num="1301" count="0" type="stmt"/>
      <line num="1302" count="0" type="cond" truecount="0" falsecount="2"/>
      <line num="1303" count="0" type="stmt"/>
      <line num="1306" count="0" type="stmt"/>
      <line num="1309" count="0" type="cond" truecount="0" falsecount="2"/>
      <line num="1310" count="0" type="stmt"/>
      <line num="1315" count="0" type="stmt"/>
      <line num="1316" count="0" type="stmt"/>
      <line num="1317" count="0" type="stmt"/>
      <line num="1318" count="0" type="stmt"/>
      <line num="1321" count="0" type="stmt"/>
      <line num="1323" count="0" type="stmt"/>
      <line num="1324" count="0" type="cond" truecount="0" falsecount="2"/>
      <line num="1325" count="0" type="stmt"/>
      <line num="1326" count="0" type="stmt"/>
      <line num="1329" count="0" type="stmt"/>
      <line num="1330" count="0" type="stmt"/>
      <line num="1333" count="0" type="stmt"/>
      <line num="1338" count="0" type="stmt"/>
      <line num="1341" count="0" type="cond" truecount="0" falsecount="4"/>
      <line num="1342" count="0" type="stmt"/>
      <line num="1344" count="0" type="stmt"/>
      <line num="1345" count="0" type="stmt"/>
      <line num="1348" count="0" type="stmt"/>
      <line num="1351" count="0" type="stmt"/>
      <line num="1353" count="0" type="stmt"/>
      <line num="1355" count="0" type="stmt"/>
      <line num="1358" count="0" type="stmt"/>
      <line num="1360" count="0" type="stmt"/>
      <line num="1363" count="0" type="stmt"/>
      <line num="1365" count="0" type="stmt"/>
      <line num="1370" count="0" type="stmt"/>
      <line num="1371" count="0" type="stmt"/>
      <line num="1372" count="0" type="stmt"/>
      <line num="1376" count="0" type="stmt"/>
      <line num="1377" count="0" type="stmt"/>
      <line num="1380" count="0" type="stmt"/>
      <line num="1381" count="0" type="cond" truecount="0" falsecount="2"/>
      <line num="1384" count="0" type="cond" truecount="0" falsecount="2"/>
      <line num="1385" count="0" type="stmt"/>
      <line num="1386" count="0" type="stmt"/>
      <line num="1390" count="0" type="stmt"/>
      <line num="1391" count="0" type="stmt"/>
      <line num="1392" count="0" type="stmt"/>
      <line num="1395" count="0" type="stmt"/>
      <line num="1398" count="0" type="stmt"/>
      <line num="1404" count="0" type="stmt"/>
      <line num="1410" count="0" type="stmt"/>
      <line num="1415" count="0" type="cond" truecount="0" falsecount="2"/>
      <line num="1419" count="0" type="stmt"/>
      <line num="1421" count="0" type="cond" truecount="0" falsecount="4"/>
      <line num="1423" count="0" type="cond" truecount="0" falsecount="4"/>
      <line num="1424" count="0" type="stmt"/>
      <line num="1428" count="0" type="stmt"/>
      <line num="1429" count="0" type="cond" truecount="0" falsecount="2"/>
      <line num="1430" count="0" type="stmt"/>
      <line num="1431" count="0" type="stmt"/>
      <line num="1434" count="0" type="stmt"/>
      <line num="1436" count="0" type="stmt"/>
      <line num="1437" count="0" type="stmt"/>
      <line num="1438" count="0" type="stmt"/>
      <line num="1440" count="0" type="stmt"/>
      <line num="1441" count="0" type="stmt"/>
      <line num="1443" count="0" type="stmt"/>
      <line num="1448" count="0" type="stmt"/>
      <line num="1449" count="0" type="cond" truecount="0" falsecount="2"/>
      <line num="1450" count="0" type="stmt"/>
      <line num="1451" count="0" type="stmt"/>
      <line num="1465" count="0" type="stmt"/>
      <line num="1467" count="0" type="stmt"/>
      <line num="1469" count="0" type="cond" truecount="0" falsecount="2"/>
      <line num="1470" count="0" type="cond" truecount="0" falsecount="2"/>
      <line num="1472" count="0" type="cond" truecount="0" falsecount="2"/>
      <line num="1478" count="0" type="stmt"/>
      <line num="1479" count="0" type="stmt"/>
      <line num="1482" count="0" type="stmt"/>
      <line num="1483" count="0" type="stmt"/>
      <line num="1487" count="0" type="stmt"/>
      <line num="1490" count="0" type="stmt"/>
      <line num="1493" count="0" type="stmt"/>
      <line num="1498" count="0" type="cond" truecount="0" falsecount="2"/>
      <line num="1499" count="0" type="cond" truecount="0" falsecount="2"/>
      <line num="1500" count="0" type="cond" truecount="0" falsecount="2"/>
      <line num="1503" count="0" type="stmt"/>
      <line num="1504" count="0" type="cond" truecount="0" falsecount="5"/>
      <line num="1505" count="0" type="stmt"/>
      <line num="1508" count="0" type="cond" truecount="0" falsecount="2"/>
      <line num="1509" count="0" type="stmt"/>
      <line num="1512" count="0" type="stmt"/>
      <line num="1513" count="0" type="cond" truecount="0" falsecount="2"/>
      <line num="1514" count="0" type="cond" truecount="0" falsecount="2"/>
      <line num="1515" count="0" type="cond" truecount="0" falsecount="2"/>
      <line num="1516" count="0" type="stmt"/>
      <line num="1517" count="0" type="stmt"/>
      <line num="1520" count="0" type="cond" truecount="0" falsecount="2"/>
      <line num="1521" count="0" type="stmt"/>
      <line num="1522" count="0" type="cond" truecount="0" falsecount="2"/>
      <line num="1523" count="0" type="stmt"/>
      <line num="1527" count="0" type="stmt"/>
      <line num="1532" count="0" type="stmt"/>
      <line num="1533" count="0" type="stmt"/>
      <line num="1535" count="0" type="stmt"/>
      <line num="1536" count="0" type="stmt"/>
      <line num="1537" count="0" type="stmt"/>
      <line num="1540" count="0" type="cond" truecount="0" falsecount="2"/>
      <line num="1541" count="0" type="stmt"/>
      <line num="1544" count="0" type="cond" truecount="0" falsecount="2"/>
      <line num="1545" count="0" type="stmt"/>
      <line num="1547" count="0" type="stmt"/>
      <line num="1553" count="0" type="stmt"/>
      <line num="1556" count="0" type="stmt"/>
      <line num="1569" count="0" type="stmt"/>
      <line num="1570" count="0" type="stmt"/>
      <line num="1571" count="0" type="stmt"/>
      <line num="1576" count="0" type="stmt"/>
      <line num="1577" count="0" type="stmt"/>
      <line num="1579" count="0" type="stmt"/>
      <line num="1580" count="0" type="stmt"/>
      <line num="1583" count="0" type="stmt"/>
      <line num="1585" count="0" type="stmt"/>
      <line num="1586" count="0" type="stmt"/>
      <line num="1587" count="0" type="stmt"/>
      <line num="1589" count="0" type="stmt"/>
      <line num="1590" count="0" type="cond" truecount="0" falsecount="2"/>
      <line num="1591" count="0" type="stmt"/>
      <line num="1593" count="0" type="stmt"/>
      <line num="1594" count="0" type="stmt"/>
      <line num="1595" count="0" type="stmt"/>
      <line num="1596" count="0" type="stmt"/>
      <line num="1598" count="0" type="stmt"/>
      <line num="1599" count="0" type="stmt"/>
      <line num="1600" count="0" type="stmt"/>
      <line num="1602" count="0" type="stmt"/>
      <line num="1603" count="0" type="cond" truecount="0" falsecount="2"/>
      <line num="1604" count="0" type="stmt"/>
      <line num="1605" count="0" type="stmt"/>
      <line num="1606" count="0" type="stmt"/>
      <line num="1608" count="0" type="stmt"/>
      <line num="1610" count="0" type="stmt"/>
      <line num="1611" count="0" type="stmt"/>
      <line num="1613" count="0" type="stmt"/>
      <line num="1614" count="0" type="stmt"/>
      <line num="1615" count="0" type="stmt"/>
      <line num="1616" count="0" type="stmt"/>
      <line num="1618" count="0" type="cond" truecount="0" falsecount="2"/>
      <line num="1619" count="0" type="stmt"/>
      <line num="1620" count="0" type="stmt"/>
      <line num="1621" count="0" type="stmt"/>
      <line num="1622" count="0" type="stmt"/>
      <line num="1625" count="0" type="stmt"/>
      <line num="1626" count="0" type="stmt"/>
      <line num="1629" count="0" type="stmt"/>
      <line num="1632" count="0" type="stmt"/>
      <line num="1633" count="0" type="stmt"/>
      <line num="1637" count="0" type="stmt"/>
      <line num="1638" count="0" type="stmt"/>
      <line num="1640" count="0" type="stmt"/>
      <line num="1641" count="0" type="stmt"/>
      <line num="1645" count="0" type="cond" truecount="0" falsecount="2"/>
      <line num="1647" count="0" type="stmt"/>
      <line num="1648" count="0" type="stmt"/>
      <line num="1652" count="0" type="cond" truecount="0" falsecount="2"/>
      <line num="1656" count="0" type="stmt"/>
      <line num="1660" count="0" type="stmt"/>
      <line num="1661" count="0" type="cond" truecount="0" falsecount="2"/>
      <line num="1662" count="0" type="stmt"/>
      <line num="1663" count="0" type="stmt"/>
      <line num="1665" count="0" type="stmt"/>
      <line num="1669" count="0" type="stmt"/>
      <line num="1670" count="0" type="stmt"/>
      <line num="1674" count="0" type="stmt"/>
      <line num="1675" count="0" type="cond" truecount="0" falsecount="2"/>
      <line num="1677" count="0" type="cond" truecount="0" falsecount="2"/>
      <line num="1678" count="0" type="stmt"/>
      <line num="1679" count="0" type="cond" truecount="0" falsecount="2"/>
      <line num="1680" count="0" type="stmt"/>
      <line num="1681" count="0" type="stmt"/>
      <line num="1683" count="0" type="stmt"/>
      <line num="1685" count="0" type="cond" truecount="0" falsecount="2"/>
      <line num="1686" count="0" type="stmt"/>
      <line num="1687" count="0" type="stmt"/>
      <line num="1694" count="0" type="stmt"/>
      <line num="1695" count="0" type="stmt"/>
      <line num="1698" count="0" type="stmt"/>
      <line num="1699" count="0" type="cond" truecount="0" falsecount="2"/>
      <line num="1700" count="0" type="stmt"/>
      <line num="1702" count="0" type="stmt"/>
      <line num="1703" count="0" type="stmt"/>
      <line num="1711" count="0" type="stmt"/>
      <line num="1714" count="0" type="stmt"/>
      <line num="1715" count="0" type="stmt"/>
      <line num="1716" count="0" type="cond" truecount="0" falsecount="2"/>
      <line num="1717" count="0" type="stmt"/>
      <line num="1718" count="0" type="stmt"/>
      <line num="1719" count="0" type="stmt"/>
      <line num="1720" count="0" type="stmt"/>
      <line num="1721" count="0" type="stmt"/>
      <line num="1727" count="0" type="stmt"/>
      <line num="1728" count="0" type="stmt"/>
      <line num="1729" count="0" type="stmt"/>
      <line num="1730" count="0" type="stmt"/>
      <line num="1731" count="0" type="stmt"/>
      <line num="1732" count="0" type="stmt"/>
      <line num="1733" count="0" type="stmt"/>
      <line num="1737" count="0" type="stmt"/>
    </file>
  </project>
</coverage>
