{"/Users/jeremiepoutrin/projects/github/jpoutrin/ui-chatter/poc/extension/background.js": {"path":"/Users/jeremiepoutrin/projects/github/jpoutrin/ui-chatter/poc/extension/background.js","statementMap":{"0":{"start":{"line":2,"column":15},"end":{"line":2,"column":39}},"1":{"start":{"line":3,"column":28},"end":{"line":3,"column":34}},"2":{"start":{"line":7,"column":21},"end":{"line":7,"column":23}},"3":{"start":{"line":8,"column":23},"end":{"line":8,"column":27}},"4":{"start":{"line":11,"column":25},"end":{"line":36,"column":1}},"5":{"start":{"line":13,"column":20},"end":{"line":13,"column":34}},"6":{"start":{"line":14,"column":4},"end":{"line":14,"column":51}},"7":{"start":{"line":18,"column":20},"end":{"line":18,"column":34}},"8":{"start":{"line":19,"column":4},"end":{"line":19,"column":51}},"9":{"start":{"line":23,"column":22},"end":{"line":23,"column":59}},"10":{"start":{"line":24,"column":4},"end":{"line":24,"column":58}},"11":{"start":{"line":28,"column":20},"end":{"line":28,"column":52}},"12":{"start":{"line":29,"column":4},"end":{"line":29,"column":58}},"13":{"start":{"line":34,"column":4},"end":{"line":34,"column":56}},"14":{"start":{"line":40,"column":2},"end":{"line":42,"column":3}},"15":{"start":{"line":41,"column":4},"end":{"line":41,"column":46}},"16":{"start":{"line":43,"column":2},"end":{"line":43,"column":18}},"17":{"start":{"line":49,"column":2},"end":{"line":52,"column":3}},"18":{"start":{"line":50,"column":4},"end":{"line":50,"column":52}},"19":{"start":{"line":51,"column":4},"end":{"line":51,"column":33}},"20":{"start":{"line":54,"column":2},"end":{"line":54,"column":56}},"21":{"start":{"line":56,"column":13},"end":{"line":56,"column":34}},"22":{"start":{"line":57,"column":21},"end":{"line":64,"column":3}},"23":{"start":{"line":66,"column":2},"end":{"line":66,"column":37}},"24":{"start":{"line":68,"column":2},"end":{"line":91,"column":4}},"25":{"start":{"line":69,"column":4},"end":{"line":69,"column":54}},"26":{"start":{"line":70,"column":4},"end":{"line":70,"column":36}},"27":{"start":{"line":73,"column":19},"end":{"line":73,"column":69}},"28":{"start":{"line":74,"column":4},"end":{"line":74,"column":60}},"29":{"start":{"line":77,"column":25},"end":{"line":82,"column":5}},"30":{"start":{"line":84,"column":4},"end":{"line":84,"column":67}},"31":{"start":{"line":85,"column":4},"end":{"line":85,"column":42}},"32":{"start":{"line":88,"column":4},"end":{"line":90,"column":5}},"33":{"start":{"line":89,"column":6},"end":{"line":89,"column":42}},"34":{"start":{"line":93,"column":2},"end":{"line":115,"column":4}},"35":{"start":{"line":94,"column":4},"end":{"line":94,"column":59}},"36":{"start":{"line":95,"column":4},"end":{"line":95,"column":39}},"37":{"start":{"line":98,"column":4},"end":{"line":100,"column":5}},"38":{"start":{"line":99,"column":6},"end":{"line":99,"column":45}},"39":{"start":{"line":103,"column":4},"end":{"line":114,"column":13}},"40":{"start":{"line":104,"column":6},"end":{"line":113,"column":7}},"41":{"start":{"line":106,"column":8},"end":{"line":106,"column":37}},"42":{"start":{"line":107,"column":8},"end":{"line":107,"column":54}},"43":{"start":{"line":108,"column":8},"end":{"line":108,"column":35}},"44":{"start":{"line":111,"column":8},"end":{"line":111,"column":67}},"45":{"start":{"line":112,"column":8},"end":{"line":112,"column":37}},"46":{"start":{"line":117,"column":2},"end":{"line":124,"column":4}},"47":{"start":{"line":118,"column":4},"end":{"line":118,"column":60}},"48":{"start":{"line":119,"column":4},"end":{"line":119,"column":32}},"49":{"start":{"line":121,"column":4},"end":{"line":123,"column":5}},"50":{"start":{"line":122,"column":6},"end":{"line":122,"column":38}},"51":{"start":{"line":126,"column":2},"end":{"line":162,"column":4}},"52":{"start":{"line":127,"column":20},"end":{"line":127,"column":42}},"53":{"start":{"line":130,"column":4},"end":{"line":134,"column":5}},"54":{"start":{"line":131,"column":6},"end":{"line":131,"column":69}},"55":{"start":{"line":132,"column":6},"end":{"line":132,"column":48}},"56":{"start":{"line":133,"column":6},"end":{"line":133,"column":13}},"57":{"start":{"line":137,"column":4},"end":{"line":141,"column":5}},"58":{"start":{"line":138,"column":6},"end":{"line":138,"column":48}},"59":{"start":{"line":139,"column":6},"end":{"line":139,"column":63}},"60":{"start":{"line":140,"column":6},"end":{"line":140,"column":81}},"61":{"start":{"line":144,"column":4},"end":{"line":144,"column":65}},"62":{"start":{"line":147,"column":4},"end":{"line":161,"column":5}},"63":{"start":{"line":148,"column":6},"end":{"line":160,"column":7}},"64":{"start":{"line":149,"column":8},"end":{"line":157,"column":11}},"65":{"start":{"line":154,"column":10},"end":{"line":156,"column":11}},"66":{"start":{"line":164,"column":2},"end":{"line":164,"column":20}},"67":{"start":{"line":169,"column":21},"end":{"line":169,"column":42}},"68":{"start":{"line":170,"column":2},"end":{"line":170,"column":26}},"69":{"start":{"line":170,"column":19},"end":{"line":170,"column":26}},"70":{"start":{"line":172,"column":2},"end":{"line":172,"column":49}},"71":{"start":{"line":175,"column":2},"end":{"line":177,"column":3}},"72":{"start":{"line":176,"column":4},"end":{"line":176,"column":44}},"73":{"start":{"line":180,"column":2},"end":{"line":182,"column":3}},"74":{"start":{"line":181,"column":4},"end":{"line":181,"column":26}},"75":{"start":{"line":185,"column":2},"end":{"line":185,"column":31}},"76":{"start":{"line":190,"column":2},"end":{"line":202,"column":3}},"77":{"start":{"line":191,"column":4},"end":{"line":199,"column":7}},"78":{"start":{"line":196,"column":6},"end":{"line":198,"column":7}},"79":{"start":{"line":206,"column":0},"end":{"line":210,"column":3}},"80":{"start":{"line":207,"column":2},"end":{"line":207,"column":58}},"81":{"start":{"line":208,"column":2},"end":{"line":208,"column":53}},"82":{"start":{"line":209,"column":2},"end":{"line":209,"column":71}},"83":{"start":{"line":213,"column":0},"end":{"line":238,"column":3}},"84":{"start":{"line":214,"column":20},"end":{"line":214,"column":30}},"85":{"start":{"line":216,"column":2},"end":{"line":216,"column":50}},"86":{"start":{"line":217,"column":2},"end":{"line":217,"column":27}},"87":{"start":{"line":218,"column":2},"end":{"line":218,"column":62}},"88":{"start":{"line":221,"column":2},"end":{"line":237,"column":3}},"89":{"start":{"line":222,"column":16},"end":{"line":222,"column":44}},"90":{"start":{"line":225,"column":4},"end":{"line":234,"column":7}},"91":{"start":{"line":231,"column":6},"end":{"line":233,"column":7}},"92":{"start":{"line":236,"column":4},"end":{"line":236,"column":61}},"93":{"start":{"line":241,"column":0},"end":{"line":263,"column":3}},"94":{"start":{"line":242,"column":2},"end":{"line":262,"column":3}},"95":{"start":{"line":243,"column":4},"end":{"line":243,"column":66}},"96":{"start":{"line":246,"column":4},"end":{"line":248,"column":5}},"97":{"start":{"line":247,"column":6},"end":{"line":247,"column":53}},"98":{"start":{"line":251,"column":4},"end":{"line":261,"column":5}},"99":{"start":{"line":252,"column":6},"end":{"line":260,"column":9}},"100":{"start":{"line":257,"column":8},"end":{"line":259,"column":9}},"101":{"start":{"line":266,"column":0},"end":{"line":274,"column":3}},"102":{"start":{"line":267,"column":2},"end":{"line":267,"column":67}},"103":{"start":{"line":268,"column":2},"end":{"line":268,"column":23}},"104":{"start":{"line":270,"column":2},"end":{"line":273,"column":3}},"105":{"start":{"line":271,"column":4},"end":{"line":271,"column":28}},"106":{"start":{"line":272,"column":4},"end":{"line":272,"column":57}},"107":{"start":{"line":277,"column":0},"end":{"line":517,"column":3}},"108":{"start":{"line":278,"column":2},"end":{"line":516,"column":3}},"109":{"start":{"line":280,"column":31},"end":{"line":280,"column":38}},"110":{"start":{"line":282,"column":4},"end":{"line":291,"column":7}},"111":{"start":{"line":283,"column":6},"end":{"line":287,"column":9}},"112":{"start":{"line":289,"column":6},"end":{"line":289,"column":61}},"113":{"start":{"line":290,"column":6},"end":{"line":290,"column":59}},"114":{"start":{"line":293,"column":4},"end":{"line":293,"column":16}},"115":{"start":{"line":296,"column":7},"end":{"line":516,"column":3}},"116":{"start":{"line":298,"column":22},"end":{"line":298,"column":29}},"117":{"start":{"line":299,"column":4},"end":{"line":299,"column":25}},"118":{"start":{"line":300,"column":4},"end":{"line":300,"column":36}},"119":{"start":{"line":301,"column":4},"end":{"line":301,"column":16}},"120":{"start":{"line":304,"column":7},"end":{"line":516,"column":3}},"121":{"start":{"line":306,"column":36},"end":{"line":306,"column":43}},"122":{"start":{"line":307,"column":23},"end":{"line":307,"column":44}},"123":{"start":{"line":309,"column":4},"end":{"line":316,"column":5}},"124":{"start":{"line":310,"column":6},"end":{"line":310,"column":45}},"125":{"start":{"line":311,"column":6},"end":{"line":311,"column":74}},"126":{"start":{"line":312,"column":6},"end":{"line":312,"column":38}},"127":{"start":{"line":314,"column":6},"end":{"line":314,"column":82}},"128":{"start":{"line":315,"column":6},"end":{"line":315,"column":69}},"129":{"start":{"line":317,"column":4},"end":{"line":317,"column":16}},"130":{"start":{"line":320,"column":7},"end":{"line":516,"column":3}},"131":{"start":{"line":322,"column":56},"end":{"line":322,"column":63}},"132":{"start":{"line":323,"column":23},"end":{"line":323,"column":44}},"133":{"start":{"line":325,"column":4},"end":{"line":334,"column":5}},"134":{"start":{"line":326,"column":6},"end":{"line":326,"column":39}},"135":{"start":{"line":327,"column":6},"end":{"line":327,"column":45}},"136":{"start":{"line":328,"column":6},"end":{"line":328,"column":35}},"137":{"start":{"line":329,"column":6},"end":{"line":329,"column":112}},"138":{"start":{"line":330,"column":6},"end":{"line":330,"column":38}},"139":{"start":{"line":332,"column":6},"end":{"line":332,"column":77}},"140":{"start":{"line":333,"column":6},"end":{"line":333,"column":69}},"141":{"start":{"line":335,"column":4},"end":{"line":335,"column":16}},"142":{"start":{"line":338,"column":7},"end":{"line":516,"column":3}},"143":{"start":{"line":340,"column":4},"end":{"line":351,"column":5}},"144":{"start":{"line":341,"column":6},"end":{"line":348,"column":9}},"145":{"start":{"line":345,"column":8},"end":{"line":347,"column":9}},"146":{"start":{"line":354,"column":7},"end":{"line":516,"column":3}},"147":{"start":{"line":356,"column":18},"end":{"line":356,"column":34}},"148":{"start":{"line":357,"column":23},"end":{"line":357,"column":44}},"149":{"start":{"line":359,"column":4},"end":{"line":369,"column":5}},"150":{"start":{"line":360,"column":22},"end":{"line":364,"column":7}},"151":{"start":{"line":365,"column":6},"end":{"line":365,"column":59}},"152":{"start":{"line":366,"column":6},"end":{"line":366,"column":50}},"153":{"start":{"line":368,"column":6},"end":{"line":368,"column":62}},"154":{"start":{"line":372,"column":7},"end":{"line":516,"column":3}},"155":{"start":{"line":374,"column":18},"end":{"line":374,"column":34}},"156":{"start":{"line":375,"column":23},"end":{"line":375,"column":44}},"157":{"start":{"line":377,"column":4},"end":{"line":385,"column":5}},"158":{"start":{"line":378,"column":23},"end":{"line":380,"column":7}},"159":{"start":{"line":381,"column":6},"end":{"line":381,"column":69}},"160":{"start":{"line":382,"column":6},"end":{"line":382,"column":51}},"161":{"start":{"line":384,"column":6},"end":{"line":384,"column":62}},"162":{"start":{"line":388,"column":7},"end":{"line":516,"column":3}},"163":{"start":{"line":390,"column":18},"end":{"line":390,"column":34}},"164":{"start":{"line":391,"column":23},"end":{"line":391,"column":44}},"165":{"start":{"line":393,"column":4},"end":{"line":402,"column":5}},"166":{"start":{"line":394,"column":24},"end":{"line":397,"column":7}},"167":{"start":{"line":398,"column":6},"end":{"line":398,"column":71}},"168":{"start":{"line":399,"column":6},"end":{"line":399,"column":52}},"169":{"start":{"line":401,"column":6},"end":{"line":401,"column":62}},"170":{"start":{"line":405,"column":7},"end":{"line":516,"column":3}},"171":{"start":{"line":407,"column":4},"end":{"line":407,"column":41}},"172":{"start":{"line":409,"column":4},"end":{"line":418,"column":7}},"173":{"start":{"line":410,"column":6},"end":{"line":417,"column":7}},"174":{"start":{"line":411,"column":24},"end":{"line":414,"column":9}},"175":{"start":{"line":415,"column":8},"end":{"line":415,"column":79}},"176":{"start":{"line":416,"column":8},"end":{"line":416,"column":52}},"177":{"start":{"line":420,"column":4},"end":{"line":420,"column":36}},"178":{"start":{"line":421,"column":4},"end":{"line":421,"column":16}},"179":{"start":{"line":424,"column":7},"end":{"line":516,"column":3}},"180":{"start":{"line":426,"column":18},"end":{"line":426,"column":34}},"181":{"start":{"line":427,"column":23},"end":{"line":427,"column":44}},"182":{"start":{"line":429,"column":4},"end":{"line":437,"column":5}},"183":{"start":{"line":430,"column":23},"end":{"line":432,"column":7}},"184":{"start":{"line":433,"column":6},"end":{"line":433,"column":77}},"185":{"start":{"line":434,"column":6},"end":{"line":434,"column":51}},"186":{"start":{"line":436,"column":6},"end":{"line":436,"column":62}},"187":{"start":{"line":438,"column":4},"end":{"line":438,"column":36}},"188":{"start":{"line":439,"column":4},"end":{"line":439,"column":16}},"189":{"start":{"line":442,"column":7},"end":{"line":516,"column":3}},"190":{"start":{"line":444,"column":18},"end":{"line":444,"column":34}},"191":{"start":{"line":445,"column":23},"end":{"line":445,"column":44}},"192":{"start":{"line":447,"column":4},"end":{"line":453,"column":5}},"193":{"start":{"line":448,"column":24},"end":{"line":450,"column":7}},"194":{"start":{"line":451,"column":6},"end":{"line":451,"column":82}},"195":{"start":{"line":452,"column":6},"end":{"line":452,"column":52}},"196":{"start":{"line":454,"column":4},"end":{"line":454,"column":36}},"197":{"start":{"line":455,"column":4},"end":{"line":455,"column":16}},"198":{"start":{"line":458,"column":7},"end":{"line":516,"column":3}},"199":{"start":{"line":459,"column":18},"end":{"line":459,"column":34}},"200":{"start":{"line":460,"column":23},"end":{"line":460,"column":44}},"201":{"start":{"line":462,"column":4},"end":{"line":466,"column":7}},"202":{"start":{"line":467,"column":4},"end":{"line":467,"column":16}},"203":{"start":{"line":470,"column":7},"end":{"line":516,"column":3}},"204":{"start":{"line":472,"column":18},"end":{"line":472,"column":51}},"205":{"start":{"line":473,"column":23},"end":{"line":473,"column":44}},"206":{"start":{"line":475,"column":4},"end":{"line":478,"column":7}},"207":{"start":{"line":479,"column":4},"end":{"line":479,"column":16}},"208":{"start":{"line":482,"column":7},"end":{"line":516,"column":3}},"209":{"start":{"line":484,"column":4},"end":{"line":512,"column":7}},"210":{"start":{"line":485,"column":21},"end":{"line":485,"column":55}},"211":{"start":{"line":486,"column":26},"end":{"line":486,"column":50}},"212":{"start":{"line":487,"column":23},"end":{"line":487,"column":39}},"213":{"start":{"line":488,"column":24},"end":{"line":488,"column":41}},"214":{"start":{"line":491,"column":27},"end":{"line":493,"column":65}},"215":{"start":{"line":496,"column":29},"end":{"line":496,"column":62}},"216":{"start":{"line":499,"column":31},"end":{"line":499,"column":82}},"217":{"start":{"line":500,"column":24},"end":{"line":500,"column":67}},"218":{"start":{"line":502,"column":6},"end":{"line":502,"column":59}},"219":{"start":{"line":505,"column":6},"end":{"line":511,"column":9}},"220":{"start":{"line":506,"column":8},"end":{"line":508,"column":16}},"221":{"start":{"line":507,"column":10},"end":{"line":507,"column":53}},"222":{"start":{"line":510,"column":8},"end":{"line":510,"column":51}},"223":{"start":{"line":514,"column":4},"end":{"line":514,"column":36}},"224":{"start":{"line":515,"column":4},"end":{"line":515,"column":16}},"225":{"start":{"line":522,"column":0},"end":{"line":531,"column":3}},"226":{"start":{"line":523,"column":19},"end":{"line":523,"column":31}},"227":{"start":{"line":525,"column":2},"end":{"line":530,"column":3}},"228":{"start":{"line":526,"column":4},"end":{"line":526,"column":46}},"229":{"start":{"line":527,"column":4},"end":{"line":527,"column":60}},"230":{"start":{"line":529,"column":4},"end":{"line":529,"column":56}},"231":{"start":{"line":533,"column":0},"end":{"line":533,"column":77}}},"fnMap":{"0":{"name":"(anonymous_0)","decl":{"start":{"line":12,"column":10},"end":{"line":12,"column":11}},"loc":{"start":{"line":12,"column":35},"end":{"line":15,"column":3}},"line":12},"1":{"name":"(anonymous_1)","decl":{"start":{"line":17,"column":10},"end":{"line":17,"column":11}},"loc":{"start":{"line":17,"column":35},"end":{"line":20,"column":3}},"line":17},"2":{"name":"(anonymous_2)","decl":{"start":{"line":22,"column":12},"end":{"line":22,"column":13}},"loc":{"start":{"line":22,"column":37},"end":{"line":25,"column":3}},"line":22},"3":{"name":"(anonymous_3)","decl":{"start":{"line":27,"column":11},"end":{"line":27,"column":12}},"loc":{"start":{"line":27,"column":36},"end":{"line":30,"column":3}},"line":27},"4":{"name":"(anonymous_4)","decl":{"start":{"line":32,"column":7},"end":{"line":32,"column":8}},"loc":{"start":{"line":32,"column":32},"end":{"line":35,"column":3}},"line":32},"5":{"name":"normalizePathForUrl","decl":{"start":{"line":38,"column":9},"end":{"line":38,"column":28}},"loc":{"start":{"line":38,"column":39},"end":{"line":44,"column":1}},"line":38},"6":{"name":"connectTab","decl":{"start":{"line":47,"column":15},"end":{"line":47,"column":25}},"loc":{"start":{"line":47,"column":42},"end":{"line":165,"column":1}},"line":47},"7":{"name":"(anonymous_7)","decl":{"start":{"line":68,"column":14},"end":{"line":68,"column":15}},"loc":{"start":{"line":68,"column":26},"end":{"line":91,"column":3}},"line":68},"8":{"name":"(anonymous_8)","decl":{"start":{"line":93,"column":15},"end":{"line":93,"column":16}},"loc":{"start":{"line":93,"column":21},"end":{"line":115,"column":3}},"line":93},"9":{"name":"(anonymous_9)","decl":{"start":{"line":103,"column":43},"end":{"line":103,"column":44}},"loc":{"start":{"line":103,"column":55},"end":{"line":114,"column":5}},"line":103},"10":{"name":"(anonymous_10)","decl":{"start":{"line":117,"column":15},"end":{"line":117,"column":16}},"loc":{"start":{"line":117,"column":26},"end":{"line":124,"column":3}},"line":117},"11":{"name":"(anonymous_11)","decl":{"start":{"line":126,"column":17},"end":{"line":126,"column":18}},"loc":{"start":{"line":126,"column":28},"end":{"line":162,"column":3}},"line":126},"12":{"name":"(anonymous_12)","decl":{"start":{"line":153,"column":11},"end":{"line":153,"column":12}},"loc":{"start":{"line":153,"column":17},"end":{"line":157,"column":9}},"line":153},"13":{"name":"disconnectTab","decl":{"start":{"line":168,"column":9},"end":{"line":168,"column":22}},"loc":{"start":{"line":168,"column":30},"end":{"line":186,"column":1}},"line":168},"14":{"name":"broadcastStatus","decl":{"start":{"line":189,"column":9},"end":{"line":189,"column":24}},"loc":{"start":{"line":189,"column":40},"end":{"line":203,"column":1}},"line":189},"15":{"name":"(anonymous_15)","decl":{"start":{"line":195,"column":7},"end":{"line":195,"column":8}},"loc":{"start":{"line":195,"column":13},"end":{"line":199,"column":5}},"line":195},"16":{"name":"(anonymous_16)","decl":{"start":{"line":206,"column":65},"end":{"line":206,"column":66}},"loc":{"start":{"line":206,"column":77},"end":{"line":210,"column":1}},"line":206},"17":{"name":"(anonymous_17)","decl":{"start":{"line":213,"column":36},"end":{"line":213,"column":37}},"loc":{"start":{"line":213,"column":58},"end":{"line":238,"column":1}},"line":213},"18":{"name":"(anonymous_18)","decl":{"start":{"line":230,"column":7},"end":{"line":230,"column":8}},"loc":{"start":{"line":230,"column":13},"end":{"line":234,"column":5}},"line":230},"19":{"name":"(anonymous_19)","decl":{"start":{"line":241,"column":34},"end":{"line":241,"column":35}},"loc":{"start":{"line":241,"column":62},"end":{"line":263,"column":1}},"line":241},"20":{"name":"(anonymous_20)","decl":{"start":{"line":256,"column":9},"end":{"line":256,"column":10}},"loc":{"start":{"line":256,"column":15},"end":{"line":260,"column":7}},"line":256},"21":{"name":"(anonymous_21)","decl":{"start":{"line":266,"column":34},"end":{"line":266,"column":35}},"loc":{"start":{"line":266,"column":45},"end":{"line":274,"column":1}},"line":266},"22":{"name":"(anonymous_22)","decl":{"start":{"line":277,"column":37},"end":{"line":277,"column":38}},"loc":{"start":{"line":277,"column":72},"end":{"line":517,"column":1}},"line":277},"23":{"name":"(anonymous_23)","decl":{"start":{"line":282,"column":36},"end":{"line":282,"column":37}},"loc":{"start":{"line":282,"column":50},"end":{"line":288,"column":5}},"line":282},"24":{"name":"(anonymous_24)","decl":{"start":{"line":288,"column":13},"end":{"line":288,"column":14}},"loc":{"start":{"line":288,"column":20},"end":{"line":291,"column":5}},"line":288},"25":{"name":"(anonymous_25)","decl":{"start":{"line":344,"column":9},"end":{"line":344,"column":10}},"loc":{"start":{"line":344,"column":15},"end":{"line":348,"column":7}},"line":344},"26":{"name":"(anonymous_26)","decl":{"start":{"line":409,"column":43},"end":{"line":409,"column":44}},"loc":{"start":{"line":409,"column":68},"end":{"line":418,"column":5}},"line":409},"27":{"name":"(anonymous_27)","decl":{"start":{"line":484,"column":65},"end":{"line":484,"column":66}},"loc":{"start":{"line":484,"column":77},"end":{"line":512,"column":5}},"line":484},"28":{"name":"(anonymous_28)","decl":{"start":{"line":505,"column":65},"end":{"line":505,"column":66}},"loc":{"start":{"line":505,"column":72},"end":{"line":509,"column":7}},"line":505},"29":{"name":"(anonymous_29)","decl":{"start":{"line":506,"column":19},"end":{"line":506,"column":20}},"loc":{"start":{"line":506,"column":25},"end":{"line":508,"column":9}},"line":506},"30":{"name":"(anonymous_30)","decl":{"start":{"line":507,"column":43},"end":{"line":507,"column":44}},"loc":{"start":{"line":507,"column":49},"end":{"line":507,"column":51}},"line":507},"31":{"name":"(anonymous_31)","decl":{"start":{"line":509,"column":15},"end":{"line":509,"column":16}},"loc":{"start":{"line":509,"column":22},"end":{"line":511,"column":7}},"line":509},"32":{"name":"(anonymous_32)","decl":{"start":{"line":522,"column":36},"end":{"line":522,"column":37}},"loc":{"start":{"line":522,"column":51},"end":{"line":531,"column":1}},"line":522}},"branchMap":{"0":{"loc":{"start":{"line":13,"column":20},"end":{"line":13,"column":34}},"type":"binary-expr","locations":[{"start":{"line":13,"column":20},"end":{"line":13,"column":29}},{"start":{"line":13,"column":33},"end":{"line":13,"column":34}}],"line":13},"1":{"loc":{"start":{"line":18,"column":20},"end":{"line":18,"column":34}},"type":"binary-expr","locations":[{"start":{"line":18,"column":20},"end":{"line":18,"column":29}},{"start":{"line":18,"column":33},"end":{"line":18,"column":34}}],"line":18},"2":{"loc":{"start":{"line":23,"column":22},"end":{"line":23,"column":59}},"type":"cond-expr","locations":[{"start":{"line":23,"column":34},"end":{"line":23,"column":54}},{"start":{"line":23,"column":57},"end":{"line":23,"column":59}}],"line":23},"3":{"loc":{"start":{"line":28,"column":20},"end":{"line":28,"column":52}},"type":"cond-expr","locations":[{"start":{"line":28,"column":32},"end":{"line":28,"column":47}},{"start":{"line":28,"column":50},"end":{"line":28,"column":52}}],"line":28},"4":{"loc":{"start":{"line":40,"column":2},"end":{"line":42,"column":3}},"type":"if","locations":[{"start":{"line":40,"column":2},"end":{"line":42,"column":3}},{"start":{},"end":{}}],"line":40},"5":{"loc":{"start":{"line":49,"column":2},"end":{"line":52,"column":3}},"type":"if","locations":[{"start":{"line":49,"column":2},"end":{"line":52,"column":3}},{"start":{},"end":{}}],"line":49},"6":{"loc":{"start":{"line":74,"column":28},"end":{"line":74,"column":59}},"type":"binary-expr","locations":[{"start":{"line":74,"column":28},"end":{"line":74,"column":49}},{"start":{"line":74,"column":53},"end":{"line":74,"column":59}}],"line":74},"7":{"loc":{"start":{"line":88,"column":4},"end":{"line":90,"column":5}},"type":"if","locations":[{"start":{"line":88,"column":4},"end":{"line":90,"column":5}},{"start":{},"end":{}}],"line":88},"8":{"loc":{"start":{"line":98,"column":4},"end":{"line":100,"column":5}},"type":"if","locations":[{"start":{"line":98,"column":4},"end":{"line":100,"column":5}},{"start":{},"end":{}}],"line":98},"9":{"loc":{"start":{"line":121,"column":4},"end":{"line":123,"column":5}},"type":"if","locations":[{"start":{"line":121,"column":4},"end":{"line":123,"column":5}},{"start":{},"end":{}}],"line":121},"10":{"loc":{"start":{"line":130,"column":4},"end":{"line":134,"column":5}},"type":"if","locations":[{"start":{"line":130,"column":4},"end":{"line":134,"column":5}},{"start":{},"end":{}}],"line":130},"11":{"loc":{"start":{"line":137,"column":4},"end":{"line":141,"column":5}},"type":"if","locations":[{"start":{"line":137,"column":4},"end":{"line":141,"column":5}},{"start":{},"end":{}}],"line":137},"12":{"loc":{"start":{"line":139,"column":32},"end":{"line":139,"column":62}},"type":"binary-expr","locations":[{"start":{"line":139,"column":32},"end":{"line":139,"column":54}},{"start":{"line":139,"column":58},"end":{"line":139,"column":62}}],"line":139},"13":{"loc":{"start":{"line":147,"column":4},"end":{"line":161,"column":5}},"type":"if","locations":[{"start":{"line":147,"column":4},"end":{"line":161,"column":5}},{"start":{},"end":{}}],"line":147},"14":{"loc":{"start":{"line":154,"column":10},"end":{"line":156,"column":11}},"type":"if","locations":[{"start":{"line":154,"column":10},"end":{"line":156,"column":11}},{"start":{},"end":{}}],"line":154},"15":{"loc":{"start":{"line":170,"column":2},"end":{"line":170,"column":26}},"type":"if","locations":[{"start":{"line":170,"column":2},"end":{"line":170,"column":26}},{"start":{},"end":{}}],"line":170},"16":{"loc":{"start":{"line":175,"column":2},"end":{"line":177,"column":3}},"type":"if","locations":[{"start":{"line":175,"column":2},"end":{"line":177,"column":3}},{"start":{},"end":{}}],"line":175},"17":{"loc":{"start":{"line":180,"column":2},"end":{"line":182,"column":3}},"type":"if","locations":[{"start":{"line":180,"column":2},"end":{"line":182,"column":3}},{"start":{},"end":{}}],"line":180},"18":{"loc":{"start":{"line":196,"column":6},"end":{"line":198,"column":7}},"type":"if","locations":[{"start":{"line":196,"column":6},"end":{"line":198,"column":7}},{"start":{},"end":{}}],"line":196},"19":{"loc":{"start":{"line":207,"column":26},"end":{"line":207,"column":57}},"type":"binary-expr","locations":[{"start":{"line":207,"column":26},"end":{"line":207,"column":47}},{"start":{"line":207,"column":51},"end":{"line":207,"column":57}}],"line":207},"20":{"loc":{"start":{"line":208,"column":21},"end":{"line":208,"column":52}},"type":"binary-expr","locations":[{"start":{"line":208,"column":21},"end":{"line":208,"column":44}},{"start":{"line":208,"column":48},"end":{"line":208,"column":52}}],"line":208},"21":{"loc":{"start":{"line":229,"column":18},"end":{"line":229,"column":47}},"type":"binary-expr","locations":[{"start":{"line":229,"column":18},"end":{"line":229,"column":39}},{"start":{"line":229,"column":43},"end":{"line":229,"column":47}}],"line":229},"22":{"loc":{"start":{"line":231,"column":6},"end":{"line":233,"column":7}},"type":"if","locations":[{"start":{"line":231,"column":6},"end":{"line":233,"column":7}},{"start":{},"end":{}}],"line":231},"23":{"loc":{"start":{"line":242,"column":2},"end":{"line":262,"column":3}},"type":"if","locations":[{"start":{"line":242,"column":2},"end":{"line":262,"column":3}},{"start":{},"end":{}}],"line":242},"24":{"loc":{"start":{"line":246,"column":4},"end":{"line":248,"column":5}},"type":"if","locations":[{"start":{"line":246,"column":4},"end":{"line":248,"column":5}},{"start":{},"end":{}}],"line":246},"25":{"loc":{"start":{"line":251,"column":4},"end":{"line":261,"column":5}},"type":"if","locations":[{"start":{"line":251,"column":4},"end":{"line":261,"column":5}},{"start":{},"end":{}}],"line":251},"26":{"loc":{"start":{"line":257,"column":8},"end":{"line":259,"column":9}},"type":"if","locations":[{"start":{"line":257,"column":8},"end":{"line":259,"column":9}},{"start":{},"end":{}}],"line":257},"27":{"loc":{"start":{"line":270,"column":2},"end":{"line":273,"column":3}},"type":"if","locations":[{"start":{"line":270,"column":2},"end":{"line":273,"column":3}},{"start":{},"end":{}}],"line":270},"28":{"loc":{"start":{"line":278,"column":2},"end":{"line":516,"column":3}},"type":"if","locations":[{"start":{"line":278,"column":2},"end":{"line":516,"column":3}},{"start":{"line":296,"column":7},"end":{"line":516,"column":3}}],"line":278},"29":{"loc":{"start":{"line":296,"column":7},"end":{"line":516,"column":3}},"type":"if","locations":[{"start":{"line":296,"column":7},"end":{"line":516,"column":3}},{"start":{"line":304,"column":7},"end":{"line":516,"column":3}}],"line":296},"30":{"loc":{"start":{"line":304,"column":7},"end":{"line":516,"column":3}},"type":"if","locations":[{"start":{"line":304,"column":7},"end":{"line":516,"column":3}},{"start":{"line":320,"column":7},"end":{"line":516,"column":3}}],"line":304},"31":{"loc":{"start":{"line":309,"column":4},"end":{"line":316,"column":5}},"type":"if","locations":[{"start":{"line":309,"column":4},"end":{"line":316,"column":5}},{"start":{"line":313,"column":11},"end":{"line":316,"column":5}}],"line":309},"32":{"loc":{"start":{"line":320,"column":7},"end":{"line":516,"column":3}},"type":"if","locations":[{"start":{"line":320,"column":7},"end":{"line":516,"column":3}},{"start":{"line":338,"column":7},"end":{"line":516,"column":3}}],"line":320},"33":{"loc":{"start":{"line":325,"column":4},"end":{"line":334,"column":5}},"type":"if","locations":[{"start":{"line":325,"column":4},"end":{"line":334,"column":5}},{"start":{"line":331,"column":11},"end":{"line":334,"column":5}}],"line":325},"34":{"loc":{"start":{"line":338,"column":7},"end":{"line":516,"column":3}},"type":"if","locations":[{"start":{"line":338,"column":7},"end":{"line":516,"column":3}},{"start":{"line":354,"column":7},"end":{"line":516,"column":3}}],"line":338},"35":{"loc":{"start":{"line":345,"column":8},"end":{"line":347,"column":9}},"type":"if","locations":[{"start":{"line":345,"column":8},"end":{"line":347,"column":9}},{"start":{},"end":{}}],"line":345},"36":{"loc":{"start":{"line":354,"column":7},"end":{"line":516,"column":3}},"type":"if","locations":[{"start":{"line":354,"column":7},"end":{"line":516,"column":3}},{"start":{"line":372,"column":7},"end":{"line":516,"column":3}}],"line":354},"37":{"loc":{"start":{"line":359,"column":4},"end":{"line":369,"column":5}},"type":"if","locations":[{"start":{"line":359,"column":4},"end":{"line":369,"column":5}},{"start":{"line":367,"column":11},"end":{"line":369,"column":5}}],"line":359},"38":{"loc":{"start":{"line":372,"column":7},"end":{"line":516,"column":3}},"type":"if","locations":[{"start":{"line":372,"column":7},"end":{"line":516,"column":3}},{"start":{"line":388,"column":7},"end":{"line":516,"column":3}}],"line":372},"39":{"loc":{"start":{"line":377,"column":4},"end":{"line":385,"column":5}},"type":"if","locations":[{"start":{"line":377,"column":4},"end":{"line":385,"column":5}},{"start":{"line":383,"column":11},"end":{"line":385,"column":5}}],"line":377},"40":{"loc":{"start":{"line":388,"column":7},"end":{"line":516,"column":3}},"type":"if","locations":[{"start":{"line":388,"column":7},"end":{"line":516,"column":3}},{"start":{"line":405,"column":7},"end":{"line":516,"column":3}}],"line":388},"41":{"loc":{"start":{"line":393,"column":4},"end":{"line":402,"column":5}},"type":"if","locations":[{"start":{"line":393,"column":4},"end":{"line":402,"column":5}},{"start":{"line":400,"column":11},"end":{"line":402,"column":5}}],"line":393},"42":{"loc":{"start":{"line":405,"column":7},"end":{"line":516,"column":3}},"type":"if","locations":[{"start":{"line":405,"column":7},"end":{"line":516,"column":3}},{"start":{"line":424,"column":7},"end":{"line":516,"column":3}}],"line":405},"43":{"loc":{"start":{"line":410,"column":6},"end":{"line":417,"column":7}},"type":"if","locations":[{"start":{"line":410,"column":6},"end":{"line":417,"column":7}},{"start":{},"end":{}}],"line":410},"44":{"loc":{"start":{"line":424,"column":7},"end":{"line":516,"column":3}},"type":"if","locations":[{"start":{"line":424,"column":7},"end":{"line":516,"column":3}},{"start":{"line":442,"column":7},"end":{"line":516,"column":3}}],"line":424},"45":{"loc":{"start":{"line":429,"column":4},"end":{"line":437,"column":5}},"type":"if","locations":[{"start":{"line":429,"column":4},"end":{"line":437,"column":5}},{"start":{"line":435,"column":11},"end":{"line":437,"column":5}}],"line":429},"46":{"loc":{"start":{"line":442,"column":7},"end":{"line":516,"column":3}},"type":"if","locations":[{"start":{"line":442,"column":7},"end":{"line":516,"column":3}},{"start":{"line":458,"column":7},"end":{"line":516,"column":3}}],"line":442},"47":{"loc":{"start":{"line":447,"column":4},"end":{"line":453,"column":5}},"type":"if","locations":[{"start":{"line":447,"column":4},"end":{"line":453,"column":5}},{"start":{},"end":{}}],"line":447},"48":{"loc":{"start":{"line":458,"column":7},"end":{"line":516,"column":3}},"type":"if","locations":[{"start":{"line":458,"column":7},"end":{"line":516,"column":3}},{"start":{"line":470,"column":7},"end":{"line":516,"column":3}}],"line":458},"49":{"loc":{"start":{"line":465,"column":17},"end":{"line":465,"column":46}},"type":"binary-expr","locations":[{"start":{"line":465,"column":17},"end":{"line":465,"column":38}},{"start":{"line":465,"column":42},"end":{"line":465,"column":46}}],"line":465},"50":{"loc":{"start":{"line":470,"column":7},"end":{"line":516,"column":3}},"type":"if","locations":[{"start":{"line":470,"column":7},"end":{"line":516,"column":3}},{"start":{"line":482,"column":7},"end":{"line":516,"column":3}}],"line":470},"51":{"loc":{"start":{"line":472,"column":18},"end":{"line":472,"column":51}},"type":"binary-expr","locations":[{"start":{"line":472,"column":18},"end":{"line":472,"column":31}},{"start":{"line":472,"column":35},"end":{"line":472,"column":51}}],"line":472},"52":{"loc":{"start":{"line":477,"column":18},"end":{"line":477,"column":36}},"type":"binary-expr","locations":[{"start":{"line":477,"column":18},"end":{"line":477,"column":28}},{"start":{"line":477,"column":32},"end":{"line":477,"column":36}}],"line":477},"53":{"loc":{"start":{"line":482,"column":7},"end":{"line":516,"column":3}},"type":"if","locations":[{"start":{"line":482,"column":7},"end":{"line":516,"column":3}},{"start":{},"end":{}}],"line":482},"54":{"loc":{"start":{"line":485,"column":21},"end":{"line":485,"column":55}},"type":"binary-expr","locations":[{"start":{"line":485,"column":21},"end":{"line":485,"column":43}},{"start":{"line":485,"column":47},"end":{"line":485,"column":55}}],"line":485},"55":{"loc":{"start":{"line":486,"column":26},"end":{"line":486,"column":50}},"type":"binary-expr","locations":[{"start":{"line":486,"column":26},"end":{"line":486,"column":44}},{"start":{"line":486,"column":48},"end":{"line":486,"column":50}}],"line":486},"56":{"loc":{"start":{"line":491,"column":27},"end":{"line":493,"column":65}},"type":"cond-expr","locations":[{"start":{"line":492,"column":10},"end":{"line":492,"column":18}},{"start":{"line":493,"column":11},"end":{"line":493,"column":64}}],"line":491},"57":{"loc":{"start":{"line":491,"column":27},"end":{"line":491,"column":79}},"type":"binary-expr","locations":[{"start":{"line":491,"column":27},"end":{"line":491,"column":51}},{"start":{"line":491,"column":55},"end":{"line":491,"column":79}}],"line":491},"58":{"loc":{"start":{"line":493,"column":11},"end":{"line":493,"column":64}},"type":"cond-expr","locations":[{"start":{"line":493,"column":25},"end":{"line":493,"column":53}},{"start":{"line":493,"column":56},"end":{"line":493,"column":64}}],"line":493},"59":{"loc":{"start":{"line":499,"column":31},"end":{"line":499,"column":82}},"type":"binary-expr","locations":[{"start":{"line":499,"column":31},"end":{"line":499,"column":55}},{"start":{"line":499,"column":59},"end":{"line":499,"column":82}}],"line":499}},"s":{"0":0,"1":0,"2":0,"3":0,"4":0,"5":0,"6":0,"7":0,"8":0,"9":0,"10":0,"11":0,"12":0,"13":0,"14":0,"15":0,"16":0,"17":0,"18":0,"19":0,"20":0,"21":0,"22":0,"23":0,"24":0,"25":0,"26":0,"27":0,"28":0,"29":0,"30":0,"31":0,"32":0,"33":0,"34":0,"35":0,"36":0,"37":0,"38":0,"39":0,"40":0,"41":0,"42":0,"43":0,"44":0,"45":0,"46":0,"47":0,"48":0,"49":0,"50":0,"51":0,"52":0,"53":0,"54":0,"55":0,"56":0,"57":0,"58":0,"59":0,"60":0,"61":0,"62":0,"63":0,"64":0,"65":0,"66":0,"67":0,"68":0,"69":0,"70":0,"71":0,"72":0,"73":0,"74":0,"75":0,"76":0,"77":0,"78":0,"79":0,"80":0,"81":0,"82":0,"83":0,"84":0,"85":0,"86":0,"87":0,"88":0,"89":0,"90":0,"91":0,"92":0,"93":0,"94":0,"95":0,"96":0,"97":0,"98":0,"99":0,"100":0,"101":0,"102":0,"103":0,"104":0,"105":0,"106":0,"107":0,"108":0,"109":0,"110":0,"111":0,"112":0,"113":0,"114":0,"115":0,"116":0,"117":0,"118":0,"119":0,"120":0,"121":0,"122":0,"123":0,"124":0,"125":0,"126":0,"127":0,"128":0,"129":0,"130":0,"131":0,"132":0,"133":0,"134":0,"135":0,"136":0,"137":0,"138":0,"139":0,"140":0,"141":0,"142":0,"143":0,"144":0,"145":0,"146":0,"147":0,"148":0,"149":0,"150":0,"151":0,"152":0,"153":0,"154":0,"155":0,"156":0,"157":0,"158":0,"159":0,"160":0,"161":0,"162":0,"163":0,"164":0,"165":0,"166":0,"167":0,"168":0,"169":0,"170":0,"171":0,"172":0,"173":0,"174":0,"175":0,"176":0,"177":0,"178":0,"179":0,"180":0,"181":0,"182":0,"183":0,"184":0,"185":0,"186":0,"187":0,"188":0,"189":0,"190":0,"191":0,"192":0,"193":0,"194":0,"195":0,"196":0,"197":0,"198":0,"199":0,"200":0,"201":0,"202":0,"203":0,"204":0,"205":0,"206":0,"207":0,"208":0,"209":0,"210":0,"211":0,"212":0,"213":0,"214":0,"215":0,"216":0,"217":0,"218":0,"219":0,"220":0,"221":0,"222":0,"223":0,"224":0,"225":0,"226":0,"227":0,"228":0,"229":0,"230":0,"231":0},"f":{"0":0,"1":0,"2":0,"3":0,"4":0,"5":0,"6":0,"7":0,"8":0,"9":0,"10":0,"11":0,"12":0,"13":0,"14":0,"15":0,"16":0,"17":0,"18":0,"19":0,"20":0,"21":0,"22":0,"23":0,"24":0,"25":0,"26":0,"27":0,"28":0,"29":0,"30":0,"31":0,"32":0},"b":{"0":[0,0],"1":[0,0],"2":[0,0],"3":[0,0],"4":[0,0],"5":[0,0],"6":[0,0],"7":[0,0],"8":[0,0],"9":[0,0],"10":[0,0],"11":[0,0],"12":[0,0],"13":[0,0],"14":[0,0],"15":[0,0],"16":[0,0],"17":[0,0],"18":[0,0],"19":[0,0],"20":[0,0],"21":[0,0],"22":[0,0],"23":[0,0],"24":[0,0],"25":[0,0],"26":[0,0],"27":[0,0],"28":[0,0],"29":[0,0],"30":[0,0],"31":[0,0],"32":[0,0],"33":[0,0],"34":[0,0],"35":[0,0],"36":[0,0],"37":[0,0],"38":[0,0],"39":[0,0],"40":[0,0],"41":[0,0],"42":[0,0],"43":[0,0],"44":[0,0],"45":[0,0],"46":[0,0],"47":[0,0],"48":[0,0],"49":[0,0],"50":[0,0],"51":[0,0],"52":[0,0],"53":[0,0],"54":[0,0],"55":[0,0],"56":[0,0],"57":[0,0],"58":[0,0],"59":[0,0]}}
,"/Users/jeremiepoutrin/projects/github/jpoutrin/ui-chatter/poc/extension/content.js": {"path":"/Users/jeremiepoutrin/projects/github/jpoutrin/ui-chatter/poc/extension/content.js","statementMap":{"0":{"start":{"line":2,"column":22},"end":{"line":2,"column":27}},"1":{"start":{"line":3,"column":23},"end":{"line":3,"column":27}},"2":{"start":{"line":6,"column":0},"end":{"line":12,"column":3}},"3":{"start":{"line":7,"column":2},"end":{"line":11,"column":3}},"4":{"start":{"line":8,"column":4},"end":{"line":8,"column":39}},"5":{"start":{"line":9,"column":4},"end":{"line":9,"column":46}},"6":{"start":{"line":10,"column":4},"end":{"line":10,"column":16}},"7":{"start":{"line":16,"column":2},"end":{"line":18,"column":3}},"8":{"start":{"line":17,"column":4},"end":{"line":17,"column":38}},"9":{"start":{"line":20,"column":2},"end":{"line":22,"column":3}},"10":{"start":{"line":21,"column":4},"end":{"line":21,"column":24}},"11":{"start":{"line":24,"column":13},"end":{"line":24,"column":15}},"12":{"start":{"line":25,"column":2},"end":{"line":41,"column":3}},"13":{"start":{"line":26,"column":16},"end":{"line":26,"column":17}},"14":{"start":{"line":27,"column":18},"end":{"line":27,"column":41}},"15":{"start":{"line":29,"column":4},"end":{"line":34,"column":5}},"16":{"start":{"line":30,"column":6},"end":{"line":32,"column":7}},"17":{"start":{"line":31,"column":8},"end":{"line":31,"column":16}},"18":{"start":{"line":33,"column":6},"end":{"line":33,"column":40}},"19":{"start":{"line":36,"column":20},"end":{"line":36,"column":49}},"20":{"start":{"line":37,"column":22},"end":{"line":37,"column":55}},"21":{"start":{"line":38,"column":4},"end":{"line":38,"column":43}},"22":{"start":{"line":40,"column":4},"end":{"line":40,"column":36}},"23":{"start":{"line":43,"column":2},"end":{"line":43,"column":49}},"24":{"start":{"line":48,"column":2},"end":{"line":50,"column":3}},"25":{"start":{"line":49,"column":4},"end":{"line":49,"column":28}},"26":{"start":{"line":52,"column":13},"end":{"line":52,"column":15}},"27":{"start":{"line":53,"column":2},"end":{"line":72,"column":3}},"28":{"start":{"line":54,"column":19},"end":{"line":54,"column":48}},"29":{"start":{"line":56,"column":4},"end":{"line":58,"column":5}},"30":{"start":{"line":57,"column":6},"end":{"line":57,"column":64}},"31":{"start":{"line":61,"column":4},"end":{"line":68,"column":5}},"32":{"start":{"line":62,"column":23},"end":{"line":62,"column":65}},"33":{"start":{"line":63,"column":30},"end":{"line":63,"column":81}},"34":{"start":{"line":63,"column":51},"end":{"line":63,"column":80}},"35":{"start":{"line":64,"column":6},"end":{"line":67,"column":7}},"36":{"start":{"line":65,"column":22},"end":{"line":65,"column":51}},"37":{"start":{"line":66,"column":8},"end":{"line":66,"column":43}},"38":{"start":{"line":70,"column":4},"end":{"line":70,"column":27}},"39":{"start":{"line":71,"column":4},"end":{"line":71,"column":36}},"40":{"start":{"line":74,"column":2},"end":{"line":74,"column":26}},"41":{"start":{"line":79,"column":15},"end":{"line":79,"column":46}},"42":{"start":{"line":82,"column":20},"end":{"line":82,"column":22}},"43":{"start":{"line":83,"column":15},"end":{"line":83,"column":36}},"44":{"start":{"line":84,"column":14},"end":{"line":84,"column":15}},"45":{"start":{"line":85,"column":2},"end":{"line":93,"column":3}},"46":{"start":{"line":86,"column":4},"end":{"line":90,"column":7}},"47":{"start":{"line":91,"column":4},"end":{"line":91,"column":34}},"48":{"start":{"line":92,"column":4},"end":{"line":92,"column":12}},"49":{"start":{"line":95,"column":2},"end":{"line":118,"column":4}},"50":{"start":{"line":102,"column":51},"end":{"line":102,"column":74}},"51":{"start":{"line":122,"column":0},"end":{"line":136,"column":3}},"52":{"start":{"line":123,"column":2},"end":{"line":123,"column":31}},"53":{"start":{"line":123,"column":24},"end":{"line":123,"column":31}},"54":{"start":{"line":126,"column":2},"end":{"line":128,"column":3}},"55":{"start":{"line":127,"column":4},"end":{"line":127,"column":62}},"56":{"start":{"line":131,"column":18},"end":{"line":131,"column":26}},"57":{"start":{"line":132,"column":2},"end":{"line":135,"column":3}},"58":{"start":{"line":133,"column":4},"end":{"line":133,"column":50}},"59":{"start":{"line":134,"column":4},"end":{"line":134,"column":31}},"60":{"start":{"line":139,"column":0},"end":{"line":167,"column":9}},"61":{"start":{"line":140,"column":2},"end":{"line":140,"column":31}},"62":{"start":{"line":140,"column":24},"end":{"line":140,"column":31}},"63":{"start":{"line":142,"column":2},"end":{"line":142,"column":21}},"64":{"start":{"line":143,"column":2},"end":{"line":143,"column":22}},"65":{"start":{"line":145,"column":18},"end":{"line":145,"column":26}},"66":{"start":{"line":148,"column":2},"end":{"line":148,"column":51}},"67":{"start":{"line":149,"column":2},"end":{"line":149,"column":46}},"68":{"start":{"line":150,"column":2},"end":{"line":150,"column":72}},"69":{"start":{"line":150,"column":19},"end":{"line":150,"column":65}},"70":{"start":{"line":153,"column":18},"end":{"line":153,"column":41}},"71":{"start":{"line":156,"column":2},"end":{"line":159,"column":5}},"72":{"start":{"line":162,"column":2},"end":{"line":162,"column":26}},"73":{"start":{"line":163,"column":2},"end":{"line":166,"column":3}},"74":{"start":{"line":164,"column":4},"end":{"line":164,"column":62}},"75":{"start":{"line":165,"column":4},"end":{"line":165,"column":28}},"76":{"start":{"line":169,"column":0},"end":{"line":169,"column":48}}},"fnMap":{"0":{"name":"(anonymous_0)","decl":{"start":{"line":6,"column":37},"end":{"line":6,"column":38}},"loc":{"start":{"line":6,"column":72},"end":{"line":12,"column":1}},"line":6},"1":{"name":"getXPath","decl":{"start":{"line":15,"column":9},"end":{"line":15,"column":17}},"loc":{"start":{"line":15,"column":27},"end":{"line":44,"column":1}},"line":15},"2":{"name":"getCSSSelector","decl":{"start":{"line":47,"column":9},"end":{"line":47,"column":23}},"loc":{"start":{"line":47,"column":33},"end":{"line":75,"column":1}},"line":47},"3":{"name":"(anonymous_3)","decl":{"start":{"line":63,"column":46},"end":{"line":63,"column":47}},"loc":{"start":{"line":63,"column":51},"end":{"line":63,"column":80}},"line":63},"4":{"name":"captureElement","decl":{"start":{"line":78,"column":9},"end":{"line":78,"column":23}},"loc":{"start":{"line":78,"column":33},"end":{"line":119,"column":1}},"line":78},"5":{"name":"(anonymous_5)","decl":{"start":{"line":102,"column":43},"end":{"line":102,"column":44}},"loc":{"start":{"line":102,"column":51},"end":{"line":102,"column":74}},"line":102},"6":{"name":"(anonymous_6)","decl":{"start":{"line":122,"column":39},"end":{"line":122,"column":40}},"loc":{"start":{"line":122,"column":46},"end":{"line":136,"column":1}},"line":122},"7":{"name":"(anonymous_7)","decl":{"start":{"line":139,"column":35},"end":{"line":139,"column":36}},"loc":{"start":{"line":139,"column":42},"end":{"line":167,"column":1}},"line":139},"8":{"name":"(anonymous_8)","decl":{"start":{"line":150,"column":13},"end":{"line":150,"column":14}},"loc":{"start":{"line":150,"column":19},"end":{"line":150,"column":65}},"line":150}},"branchMap":{"0":{"loc":{"start":{"line":7,"column":2},"end":{"line":11,"column":3}},"type":"if","locations":[{"start":{"line":7,"column":2},"end":{"line":11,"column":3}},{"start":{},"end":{}}],"line":7},"1":{"loc":{"start":{"line":16,"column":2},"end":{"line":18,"column":3}},"type":"if","locations":[{"start":{"line":16,"column":2},"end":{"line":18,"column":3}},{"start":{},"end":{}}],"line":16},"2":{"loc":{"start":{"line":20,"column":2},"end":{"line":22,"column":3}},"type":"if","locations":[{"start":{"line":20,"column":2},"end":{"line":22,"column":3}},{"start":{},"end":{}}],"line":20},"3":{"loc":{"start":{"line":25,"column":9},"end":{"line":25,"column":58}},"type":"binary-expr","locations":[{"start":{"line":25,"column":9},"end":{"line":25,"column":16}},{"start":{"line":25,"column":20},"end":{"line":25,"column":58}}],"line":25},"4":{"loc":{"start":{"line":30,"column":6},"end":{"line":32,"column":7}},"type":"if","locations":[{"start":{"line":30,"column":6},"end":{"line":32,"column":7}},{"start":{},"end":{}}],"line":30},"5":{"loc":{"start":{"line":30,"column":10},"end":{"line":30,"column":87}},"type":"binary-expr","locations":[{"start":{"line":30,"column":10},"end":{"line":30,"column":48}},{"start":{"line":30,"column":52},"end":{"line":30,"column":87}}],"line":30},"6":{"loc":{"start":{"line":37,"column":22},"end":{"line":37,"column":55}},"type":"cond-expr","locations":[{"start":{"line":37,"column":34},"end":{"line":37,"column":50}},{"start":{"line":37,"column":53},"end":{"line":37,"column":55}}],"line":37},"7":{"loc":{"start":{"line":43,"column":9},"end":{"line":43,"column":48}},"type":"cond-expr","locations":[{"start":{"line":43,"column":23},"end":{"line":43,"column":43}},{"start":{"line":43,"column":46},"end":{"line":43,"column":48}}],"line":43},"8":{"loc":{"start":{"line":48,"column":2},"end":{"line":50,"column":3}},"type":"if","locations":[{"start":{"line":48,"column":2},"end":{"line":50,"column":3}},{"start":{},"end":{}}],"line":48},"9":{"loc":{"start":{"line":53,"column":9},"end":{"line":53,"column":45}},"type":"binary-expr","locations":[{"start":{"line":53,"column":9},"end":{"line":53,"column":16}},{"start":{"line":53,"column":20},"end":{"line":53,"column":45}}],"line":53},"10":{"loc":{"start":{"line":56,"column":4},"end":{"line":58,"column":5}},"type":"if","locations":[{"start":{"line":56,"column":4},"end":{"line":58,"column":5}},{"start":{},"end":{}}],"line":56},"11":{"loc":{"start":{"line":61,"column":4},"end":{"line":68,"column":5}},"type":"if","locations":[{"start":{"line":61,"column":4},"end":{"line":68,"column":5}},{"start":{},"end":{}}],"line":61},"12":{"loc":{"start":{"line":64,"column":6},"end":{"line":67,"column":7}},"type":"if","locations":[{"start":{"line":64,"column":6},"end":{"line":67,"column":7}},{"start":{},"end":{}}],"line":64},"13":{"loc":{"start":{"line":85,"column":9},"end":{"line":85,"column":28}},"type":"binary-expr","locations":[{"start":{"line":85,"column":9},"end":{"line":85,"column":15}},{"start":{"line":85,"column":19},"end":{"line":85,"column":28}}],"line":85},"14":{"loc":{"start":{"line":88,"column":10},"end":{"line":88,"column":32}},"type":"binary-expr","locations":[{"start":{"line":88,"column":10},"end":{"line":88,"column":19}},{"start":{"line":88,"column":23},"end":{"line":88,"column":32}}],"line":88},"15":{"loc":{"start":{"line":98,"column":10},"end":{"line":98,"column":33}},"type":"binary-expr","locations":[{"start":{"line":98,"column":10},"end":{"line":98,"column":20}},{"start":{"line":98,"column":24},"end":{"line":98,"column":33}}],"line":98},"16":{"loc":{"start":{"line":100,"column":19},"end":{"line":100,"column":63}},"type":"binary-expr","locations":[{"start":{"line":100,"column":19},"end":{"line":100,"column":57}},{"start":{"line":100,"column":61},"end":{"line":100,"column":63}}],"line":100},"17":{"loc":{"start":{"line":123,"column":2},"end":{"line":123,"column":31}},"type":"if","locations":[{"start":{"line":123,"column":2},"end":{"line":123,"column":31}},{"start":{},"end":{}}],"line":123},"18":{"loc":{"start":{"line":126,"column":2},"end":{"line":128,"column":3}},"type":"if","locations":[{"start":{"line":126,"column":2},"end":{"line":128,"column":3}},{"start":{},"end":{}}],"line":126},"19":{"loc":{"start":{"line":132,"column":2},"end":{"line":135,"column":3}},"type":"if","locations":[{"start":{"line":132,"column":2},"end":{"line":135,"column":3}},{"start":{},"end":{}}],"line":132},"20":{"loc":{"start":{"line":132,"column":6},"end":{"line":132,"column":82}},"type":"binary-expr","locations":[{"start":{"line":132,"column":6},"end":{"line":132,"column":13}},{"start":{"line":132,"column":17},"end":{"line":132,"column":42}},{"start":{"line":132,"column":46},"end":{"line":132,"column":82}}],"line":132},"21":{"loc":{"start":{"line":140,"column":2},"end":{"line":140,"column":31}},"type":"if","locations":[{"start":{"line":140,"column":2},"end":{"line":140,"column":31}},{"start":{},"end":{}}],"line":140},"22":{"loc":{"start":{"line":163,"column":2},"end":{"line":166,"column":3}},"type":"if","locations":[{"start":{"line":163,"column":2},"end":{"line":166,"column":3}},{"start":{},"end":{}}],"line":163}},"s":{"0":0,"1":0,"2":0,"3":0,"4":0,"5":0,"6":0,"7":0,"8":0,"9":0,"10":0,"11":0,"12":0,"13":0,"14":0,"15":0,"16":0,"17":0,"18":0,"19":0,"20":0,"21":0,"22":0,"23":0,"24":0,"25":0,"26":0,"27":0,"28":0,"29":0,"30":0,"31":0,"32":0,"33":0,"34":0,"35":0,"36":0,"37":0,"38":0,"39":0,"40":0,"41":0,"42":0,"43":0,"44":0,"45":0,"46":0,"47":0,"48":0,"49":0,"50":0,"51":0,"52":0,"53":0,"54":0,"55":0,"56":0,"57":0,"58":0,"59":0,"60":0,"61":0,"62":0,"63":0,"64":0,"65":0,"66":0,"67":0,"68":0,"69":0,"70":0,"71":0,"72":0,"73":0,"74":0,"75":0,"76":0},"f":{"0":0,"1":0,"2":0,"3":0,"4":0,"5":0,"6":0,"7":0,"8":0},"b":{"0":[0,0],"1":[0,0],"2":[0,0],"3":[0,0],"4":[0,0],"5":[0,0],"6":[0,0],"7":[0,0],"8":[0,0],"9":[0,0],"10":[0,0],"11":[0,0],"12":[0,0],"13":[0,0],"14":[0,0],"15":[0,0],"16":[0,0],"17":[0,0],"18":[0,0],"19":[0,0],"20":[0,0,0],"21":[0,0],"22":[0,0]}}
,"/Users/jeremiepoutrin/projects/github/jpoutrin/ui-chatter/poc/extension/settings.js": {"path":"/Users/jeremiepoutrin/projects/github/jpoutrin/ui-chatter/poc/extension/settings.js","statementMap":{"0":{"start":{"line":2,"column":17},"end":{"line":10,"column":1}},"1":{"start":{"line":13,"column":25},"end":{"line":17,"column":1}},"2":{"start":{"line":20,"column":25},"end":{"line":26,"column":1}},"3":{"start":{"line":30,"column":2},"end":{"line":39,"column":4}},"4":{"start":{"line":33,"column":6},"end":{"line":33,"column":95}},"5":{"start":{"line":34,"column":6},"end":{"line":34,"column":95}},"6":{"start":{"line":35,"column":6},"end":{"line":35,"column":86}},"7":{"start":{"line":37,"column":6},"end":{"line":37,"column":25}},"8":{"start":{"line":44,"column":25},"end":{"line":44,"column":52}},"9":{"start":{"line":45,"column":2},"end":{"line":45,"column":67}},"10":{"start":{"line":50,"column":19},"end":{"line":54,"column":3}},"11":{"start":{"line":57,"column":2},"end":{"line":60,"column":3}},"12":{"start":{"line":58,"column":4},"end":{"line":58,"column":62}},"13":{"start":{"line":59,"column":4},"end":{"line":59,"column":11}},"14":{"start":{"line":62,"column":2},"end":{"line":65,"column":5}},"15":{"start":{"line":63,"column":4},"end":{"line":63,"column":25}},"16":{"start":{"line":64,"column":4},"end":{"line":64,"column":45}},"17":{"start":{"line":70,"column":2},"end":{"line":76,"column":3}},"18":{"start":{"line":71,"column":4},"end":{"line":75,"column":7}},"19":{"start":{"line":72,"column":6},"end":{"line":72,"column":21}},"20":{"start":{"line":73,"column":6},"end":{"line":73,"column":27}},"21":{"start":{"line":74,"column":6},"end":{"line":74,"column":48}},"22":{"start":{"line":81,"column":2},"end":{"line":81,"column":51}},"23":{"start":{"line":82,"column":2},"end":{"line":84,"column":11}},"24":{"start":{"line":83,"column":4},"end":{"line":83,"column":56}},"25":{"start":{"line":88,"column":0},"end":{"line":88,"column":67}},"26":{"start":{"line":89,"column":0},"end":{"line":89,"column":57}},"27":{"start":{"line":90,"column":0},"end":{"line":90,"column":59}},"28":{"start":{"line":93,"column":0},"end":{"line":97,"column":3}},"29":{"start":{"line":94,"column":2},"end":{"line":96,"column":3}},"30":{"start":{"line":95,"column":4},"end":{"line":95,"column":19}},"31":{"start":{"line":99,"column":0},"end":{"line":103,"column":3}},"32":{"start":{"line":100,"column":2},"end":{"line":102,"column":3}},"33":{"start":{"line":101,"column":4},"end":{"line":101,"column":19}},"34":{"start":{"line":106,"column":0},"end":{"line":106,"column":15}}},"fnMap":{"0":{"name":"loadSettings","decl":{"start":{"line":29,"column":9},"end":{"line":29,"column":21}},"loc":{"start":{"line":29,"column":24},"end":{"line":40,"column":1}},"line":29},"1":{"name":"(anonymous_1)","decl":{"start":{"line":32,"column":4},"end":{"line":32,"column":5}},"loc":{"start":{"line":32,"column":16},"end":{"line":38,"column":5}},"line":32},"2":{"name":"updateEditorInfo","decl":{"start":{"line":43,"column":9},"end":{"line":43,"column":25}},"loc":{"start":{"line":43,"column":28},"end":{"line":46,"column":1}},"line":43},"3":{"name":"saveSettings","decl":{"start":{"line":49,"column":9},"end":{"line":49,"column":21}},"loc":{"start":{"line":49,"column":24},"end":{"line":66,"column":1}},"line":49},"4":{"name":"(anonymous_4)","decl":{"start":{"line":62,"column":37},"end":{"line":62,"column":38}},"loc":{"start":{"line":62,"column":43},"end":{"line":65,"column":3}},"line":62},"5":{"name":"resetSettings","decl":{"start":{"line":69,"column":9},"end":{"line":69,"column":22}},"loc":{"start":{"line":69,"column":25},"end":{"line":77,"column":1}},"line":69},"6":{"name":"(anonymous_6)","decl":{"start":{"line":71,"column":47},"end":{"line":71,"column":48}},"loc":{"start":{"line":71,"column":53},"end":{"line":75,"column":5}},"line":71},"7":{"name":"showSuccessMessage","decl":{"start":{"line":80,"column":9},"end":{"line":80,"column":27}},"loc":{"start":{"line":80,"column":30},"end":{"line":85,"column":1}},"line":80},"8":{"name":"(anonymous_8)","decl":{"start":{"line":82,"column":13},"end":{"line":82,"column":14}},"loc":{"start":{"line":82,"column":19},"end":{"line":84,"column":3}},"line":82},"9":{"name":"(anonymous_9)","decl":{"start":{"line":93,"column":50},"end":{"line":93,"column":51}},"loc":{"start":{"line":93,"column":57},"end":{"line":97,"column":1}},"line":93},"10":{"name":"(anonymous_10)","decl":{"start":{"line":99,"column":47},"end":{"line":99,"column":48}},"loc":{"start":{"line":99,"column":54},"end":{"line":103,"column":1}},"line":99}},"branchMap":{"0":{"loc":{"start":{"line":33,"column":36},"end":{"line":33,"column":94}},"type":"binary-expr","locations":[{"start":{"line":33,"column":36},"end":{"line":33,"column":58}},{"start":{"line":33,"column":62},"end":{"line":33,"column":94}}],"line":33},"1":{"loc":{"start":{"line":34,"column":32},"end":{"line":34,"column":94}},"type":"binary-expr","locations":[{"start":{"line":34,"column":32},"end":{"line":34,"column":56}},{"start":{"line":34,"column":60},"end":{"line":34,"column":94}}],"line":34},"2":{"loc":{"start":{"line":35,"column":35},"end":{"line":35,"column":85}},"type":"binary-expr","locations":[{"start":{"line":35,"column":35},"end":{"line":35,"column":53}},{"start":{"line":35,"column":57},"end":{"line":35,"column":85}}],"line":35},"3":{"loc":{"start":{"line":57,"column":2},"end":{"line":60,"column":3}},"type":"if","locations":[{"start":{"line":57,"column":2},"end":{"line":60,"column":3}},{"start":{},"end":{}}],"line":57},"4":{"loc":{"start":{"line":57,"column":6},"end":{"line":57,"column":71}},"type":"binary-expr","locations":[{"start":{"line":57,"column":6},"end":{"line":57,"column":36}},{"start":{"line":57,"column":40},"end":{"line":57,"column":71}}],"line":57},"5":{"loc":{"start":{"line":70,"column":2},"end":{"line":76,"column":3}},"type":"if","locations":[{"start":{"line":70,"column":2},"end":{"line":76,"column":3}},{"start":{},"end":{}}],"line":70},"6":{"loc":{"start":{"line":94,"column":2},"end":{"line":96,"column":3}},"type":"if","locations":[{"start":{"line":94,"column":2},"end":{"line":96,"column":3}},{"start":{},"end":{}}],"line":94},"7":{"loc":{"start":{"line":100,"column":2},"end":{"line":102,"column":3}},"type":"if","locations":[{"start":{"line":100,"column":2},"end":{"line":102,"column":3}},{"start":{},"end":{}}],"line":100}},"s":{"0":0,"1":0,"2":0,"3":0,"4":0,"5":0,"6":0,"7":0,"8":0,"9":0,"10":0,"11":0,"12":0,"13":0,"14":0,"15":0,"16":0,"17":0,"18":0,"19":0,"20":0,"21":0,"22":0,"23":0,"24":0,"25":0,"26":0,"27":0,"28":0,"29":0,"30":0,"31":0,"32":0,"33":0,"34":0},"f":{"0":0,"1":0,"2":0,"3":0,"4":0,"5":0,"6":0,"7":0,"8":0,"9":0,"10":0},"b":{"0":[0,0],"1":[0,0],"2":[0,0],"3":[0,0],"4":[0,0],"5":[0,0],"6":[0,0],"7":[0,0]}}
,"/Users/jeremiepoutrin/projects/github/jpoutrin/ui-chatter/poc/extension/sidepanel.js": {"path":"/Users/jeremiepoutrin/projects/github/jpoutrin/ui-chatter/poc/extension/sidepanel.js","statementMap":{"0":{"start":{"line":2,"column":21},"end":{"line":2,"column":25}},"1":{"start":{"line":3,"column":18},"end":{"line":3,"column":23}},"2":{"start":{"line":4,"column":23},"end":{"line":4,"column":27}},"3":{"start":{"line":5,"column":26},"end":{"line":5,"column":30}},"4":{"start":{"line":6,"column":27},"end":{"line":6,"column":31}},"5":{"start":{"line":9,"column":19},"end":{"line":9,"column":23}},"6":{"start":{"line":12,"column":20},"end":{"line":18,"column":1}},"7":{"start":{"line":20,"column":27},"end":{"line":25,"column":1}},"8":{"start":{"line":28,"column":20},"end":{"line":28,"column":29}},"9":{"start":{"line":29,"column":22},"end":{"line":29,"column":26}},"10":{"start":{"line":30,"column":22},"end":{"line":30,"column":26}},"11":{"start":{"line":33,"column":31},"end":{"line":33,"column":35}},"12":{"start":{"line":34,"column":22},"end":{"line":34,"column":26}},"13":{"start":{"line":37,"column":22},"end":{"line":37,"column":27}},"14":{"start":{"line":41,"column":2},"end":{"line":47,"column":3}},"15":{"start":{"line":44,"column":4},"end":{"line":44,"column":27}},"16":{"start":{"line":45,"column":4},"end":{"line":45,"column":47}},"17":{"start":{"line":46,"column":4},"end":{"line":46,"column":16}},"18":{"start":{"line":48,"column":2},"end":{"line":48,"column":15}},"19":{"start":{"line":51,"column":17},"end":{"line":68,"column":1}},"20":{"start":{"line":71,"column":0},"end":{"line":85,"column":3}},"21":{"start":{"line":72,"column":2},"end":{"line":84,"column":3}},"22":{"start":{"line":73,"column":4},"end":{"line":73,"column":59}},"23":{"start":{"line":74,"column":9},"end":{"line":84,"column":3}},"24":{"start":{"line":75,"column":4},"end":{"line":75,"column":43}},"25":{"start":{"line":76,"column":9},"end":{"line":84,"column":3}},"26":{"start":{"line":77,"column":4},"end":{"line":77,"column":41}},"27":{"start":{"line":78,"column":9},"end":{"line":84,"column":3}},"28":{"start":{"line":80,"column":4},"end":{"line":80,"column":29}},"29":{"start":{"line":81,"column":9},"end":{"line":84,"column":3}},"30":{"start":{"line":83,"column":4},"end":{"line":83,"column":32}},"31":{"start":{"line":89,"column":2},"end":{"line":89,"column":26}},"32":{"start":{"line":90,"column":2},"end":{"line":102,"column":3}},"33":{"start":{"line":91,"column":4},"end":{"line":91,"column":56}},"34":{"start":{"line":92,"column":4},"end":{"line":92,"column":50}},"35":{"start":{"line":95,"column":4},"end":{"line":95,"column":23}},"36":{"start":{"line":97,"column":4},"end":{"line":97,"column":59}},"37":{"start":{"line":98,"column":4},"end":{"line":98,"column":54}},"38":{"start":{"line":101,"column":4},"end":{"line":101,"column":52}},"39":{"start":{"line":107,"column":2},"end":{"line":122,"column":3}},"40":{"start":{"line":108,"column":21},"end":{"line":108,"column":79}},"41":{"start":{"line":109,"column":4},"end":{"line":112,"column":5}},"42":{"start":{"line":110,"column":6},"end":{"line":110,"column":74}},"43":{"start":{"line":111,"column":6},"end":{"line":111,"column":13}},"44":{"start":{"line":114,"column":17},"end":{"line":114,"column":38}},"45":{"start":{"line":115,"column":21},"end":{"line":115,"column":46}},"46":{"start":{"line":118,"column":4},"end":{"line":118,"column":52}},"47":{"start":{"line":119,"column":4},"end":{"line":119,"column":38}},"48":{"start":{"line":121,"column":4},"end":{"line":121,"column":57}},"49":{"start":{"line":127,"column":17},"end":{"line":127,"column":42}},"50":{"start":{"line":130,"column":2},"end":{"line":130,"column":24}},"51":{"start":{"line":133,"column":24},"end":{"line":133,"column":56}},"52":{"start":{"line":134,"column":2},"end":{"line":134,"column":27}},"53":{"start":{"line":135,"column":2},"end":{"line":135,"column":50}},"54":{"start":{"line":136,"column":2},"end":{"line":136,"column":36}},"55":{"start":{"line":139,"column":2},"end":{"line":144,"column":3}},"56":{"start":{"line":140,"column":22},"end":{"line":140,"column":54}},"57":{"start":{"line":141,"column":4},"end":{"line":141,"column":30}},"58":{"start":{"line":142,"column":4},"end":{"line":142,"column":45}},"59":{"start":{"line":143,"column":4},"end":{"line":143,"column":34}},"60":{"start":{"line":147,"column":2},"end":{"line":156,"column":5}},"61":{"start":{"line":148,"column":19},"end":{"line":148,"column":51}},"62":{"start":{"line":149,"column":4},"end":{"line":149,"column":42}},"63":{"start":{"line":152,"column":23},"end":{"line":152,"column":71}},"64":{"start":{"line":153,"column":4},"end":{"line":153,"column":60}},"65":{"start":{"line":155,"column":4},"end":{"line":155,"column":31}},"66":{"start":{"line":159,"column":2},"end":{"line":159,"column":26}},"67":{"start":{"line":162,"column":2},"end":{"line":162,"column":40}},"68":{"start":{"line":164,"column":2},"end":{"line":164,"column":56}},"69":{"start":{"line":169,"column":2},"end":{"line":169,"column":75}},"70":{"start":{"line":171,"column":2},"end":{"line":174,"column":3}},"71":{"start":{"line":172,"column":4},"end":{"line":172,"column":56}},"72":{"start":{"line":173,"column":4},"end":{"line":173,"column":11}},"73":{"start":{"line":176,"column":2},"end":{"line":236,"column":3}},"74":{"start":{"line":177,"column":16},"end":{"line":177,"column":70}},"75":{"start":{"line":178,"column":4},"end":{"line":178,"column":52}},"76":{"start":{"line":180,"column":21},"end":{"line":180,"column":37}},"77":{"start":{"line":182,"column":4},"end":{"line":185,"column":5}},"78":{"start":{"line":183,"column":6},"end":{"line":183,"column":99}},"79":{"start":{"line":184,"column":6},"end":{"line":184,"column":13}},"80":{"start":{"line":187,"column":17},"end":{"line":187,"column":38}},"81":{"start":{"line":188,"column":21},"end":{"line":188,"column":40}},"82":{"start":{"line":190,"column":4},"end":{"line":190,"column":79}},"83":{"start":{"line":193,"column":24},"end":{"line":205,"column":5}},"84":{"start":{"line":194,"column":6},"end":{"line":196,"column":7}},"85":{"start":{"line":195,"column":8},"end":{"line":195,"column":23}},"86":{"start":{"line":197,"column":6},"end":{"line":203,"column":7}},"87":{"start":{"line":199,"column":8},"end":{"line":202,"column":22}},"88":{"start":{"line":200,"column":27},"end":{"line":200,"column":48}},"89":{"start":{"line":201,"column":24},"end":{"line":201,"column":34}},"90":{"start":{"line":204,"column":6},"end":{"line":204,"column":29}},"91":{"start":{"line":209,"column":4},"end":{"line":226,"column":7}},"92":{"start":{"line":210,"column":26},"end":{"line":210,"column":50}},"93":{"start":{"line":213,"column":6},"end":{"line":216,"column":7}},"94":{"start":{"line":214,"column":8},"end":{"line":214,"column":80}},"95":{"start":{"line":215,"column":8},"end":{"line":215,"column":15}},"96":{"start":{"line":218,"column":6},"end":{"line":218,"column":93}},"97":{"start":{"line":219,"column":6},"end":{"line":225,"column":7}},"98":{"start":{"line":220,"column":8},"end":{"line":220,"column":40}},"99":{"start":{"line":221,"column":13},"end":{"line":225,"column":7}},"100":{"start":{"line":222,"column":22},"end":{"line":222,"column":49}},"101":{"start":{"line":223,"column":8},"end":{"line":223,"column":47}},"102":{"start":{"line":224,"column":8},"end":{"line":224,"column":30}},"103":{"start":{"line":228,"column":4},"end":{"line":232,"column":5}},"104":{"start":{"line":229,"column":6},"end":{"line":229,"column":121}},"105":{"start":{"line":231,"column":6},"end":{"line":231,"column":57}},"106":{"start":{"line":234,"column":4},"end":{"line":234,"column":64}},"107":{"start":{"line":235,"column":4},"end":{"line":235,"column":68}},"108":{"start":{"line":241,"column":29},"end":{"line":241,"column":47}},"109":{"start":{"line":244,"column":2},"end":{"line":246,"column":3}},"110":{"start":{"line":245,"column":4},"end":{"line":245,"column":11}},"111":{"start":{"line":248,"column":2},"end":{"line":248,"column":76}},"112":{"start":{"line":251,"column":2},"end":{"line":270,"column":3}},"113":{"start":{"line":252,"column":4},"end":{"line":252,"column":89}},"114":{"start":{"line":253,"column":4},"end":{"line":253,"column":19}},"115":{"start":{"line":256,"column":4},"end":{"line":256,"column":59}},"116":{"start":{"line":256,"column":33},"end":{"line":256,"column":57}},"117":{"start":{"line":259,"column":4},"end":{"line":262,"column":5}},"118":{"start":{"line":260,"column":6},"end":{"line":260,"column":31}},"119":{"start":{"line":261,"column":6},"end":{"line":261,"column":29}},"120":{"start":{"line":265,"column":4},"end":{"line":265,"column":54}},"121":{"start":{"line":268,"column":4},"end":{"line":268,"column":24}},"122":{"start":{"line":269,"column":4},"end":{"line":269,"column":27}},"123":{"start":{"line":273,"column":2},"end":{"line":323,"column":5}},"124":{"start":{"line":274,"column":4},"end":{"line":282,"column":5}},"125":{"start":{"line":276,"column":6},"end":{"line":276,"column":48}},"126":{"start":{"line":277,"column":6},"end":{"line":277,"column":81}},"127":{"start":{"line":278,"column":6},"end":{"line":278,"column":114}},"128":{"start":{"line":281,"column":6},"end":{"line":281,"column":13}},"129":{"start":{"line":284,"column":4},"end":{"line":284,"column":42}},"130":{"start":{"line":285,"column":4},"end":{"line":285,"column":74}},"131":{"start":{"line":287,"column":4},"end":{"line":322,"column":5}},"132":{"start":{"line":289,"column":23},"end":{"line":296,"column":7}},"133":{"start":{"line":298,"column":6},"end":{"line":300,"column":7}},"134":{"start":{"line":299,"column":8},"end":{"line":299,"column":68}},"135":{"start":{"line":302,"column":21},"end":{"line":302,"column":42}},"136":{"start":{"line":303,"column":6},"end":{"line":303,"column":50}},"137":{"start":{"line":305,"column":6},"end":{"line":305,"column":91}},"138":{"start":{"line":308,"column":6},"end":{"line":308,"column":46}},"139":{"start":{"line":311,"column":6},"end":{"line":311,"column":62}},"140":{"start":{"line":314,"column":6},"end":{"line":314,"column":59}},"141":{"start":{"line":317,"column":6},"end":{"line":317,"column":72}},"142":{"start":{"line":318,"column":6},"end":{"line":318,"column":64}},"143":{"start":{"line":321,"column":6},"end":{"line":321,"column":30}},"144":{"start":{"line":328,"column":41},"end":{"line":328,"column":48}},"145":{"start":{"line":330,"column":2},"end":{"line":330,"column":63}},"146":{"start":{"line":333,"column":2},"end":{"line":333,"column":23}},"147":{"start":{"line":336,"column":2},"end":{"line":336,"column":37}},"148":{"start":{"line":339,"column":2},"end":{"line":339,"column":18}},"149":{"start":{"line":342,"column":2},"end":{"line":372,"column":3}},"150":{"start":{"line":344,"column":4},"end":{"line":344,"column":92}},"151":{"start":{"line":346,"column":4},"end":{"line":346,"column":44}},"152":{"start":{"line":347,"column":4},"end":{"line":347,"column":50}},"153":{"start":{"line":350,"column":4},"end":{"line":350,"column":32}},"154":{"start":{"line":353,"column":4},"end":{"line":353,"column":85}},"155":{"start":{"line":354,"column":4},"end":{"line":354,"column":44}},"156":{"start":{"line":355,"column":4},"end":{"line":355,"column":110}},"157":{"start":{"line":358,"column":4},"end":{"line":360,"column":5}},"158":{"start":{"line":359,"column":6},"end":{"line":359,"column":88}},"159":{"start":{"line":363,"column":4},"end":{"line":363,"column":66}},"160":{"start":{"line":365,"column":4},"end":{"line":365,"column":28}},"161":{"start":{"line":366,"column":4},"end":{"line":366,"column":31}},"162":{"start":{"line":369,"column":4},"end":{"line":369,"column":32}},"163":{"start":{"line":371,"column":4},"end":{"line":371,"column":99}},"164":{"start":{"line":375,"column":2},"end":{"line":377,"column":3}},"165":{"start":{"line":376,"column":4},"end":{"line":376,"column":41}},"166":{"start":{"line":380,"column":2},"end":{"line":380,"column":21}},"167":{"start":{"line":385,"column":2},"end":{"line":388,"column":3}},"168":{"start":{"line":386,"column":4},"end":{"line":386,"column":51}},"169":{"start":{"line":387,"column":4},"end":{"line":387,"column":11}},"170":{"start":{"line":390,"column":2},"end":{"line":416,"column":3}},"171":{"start":{"line":392,"column":18},"end":{"line":392,"column":78}},"172":{"start":{"line":393,"column":4},"end":{"line":393,"column":21}},"173":{"start":{"line":393,"column":14},"end":{"line":393,"column":21}},"174":{"start":{"line":396,"column":4},"end":{"line":413,"column":7}},"175":{"start":{"line":401,"column":6},"end":{"line":404,"column":7}},"176":{"start":{"line":402,"column":8},"end":{"line":402,"column":82}},"177":{"start":{"line":403,"column":8},"end":{"line":403,"column":15}},"178":{"start":{"line":406,"column":6},"end":{"line":412,"column":7}},"179":{"start":{"line":407,"column":8},"end":{"line":407,"column":62}},"180":{"start":{"line":408,"column":8},"end":{"line":408,"column":37}},"181":{"start":{"line":410,"column":8},"end":{"line":410,"column":74}},"182":{"start":{"line":411,"column":8},"end":{"line":411,"column":38}},"183":{"start":{"line":415,"column":4},"end":{"line":415,"column":69}},"184":{"start":{"line":420,"column":2},"end":{"line":420,"column":67}},"185":{"start":{"line":420,"column":60},"end":{"line":420,"column":67}},"186":{"start":{"line":422,"column":2},"end":{"line":433,"column":3}},"187":{"start":{"line":424,"column":4},"end":{"line":424,"column":49}},"188":{"start":{"line":427,"column":16},"end":{"line":427,"column":32}},"189":{"start":{"line":428,"column":24},"end":{"line":428,"column":56}},"190":{"start":{"line":429,"column":4},"end":{"line":429,"column":70}},"191":{"start":{"line":432,"column":4},"end":{"line":432,"column":68}},"192":{"start":{"line":437,"column":40},"end":{"line":437,"column":47}},"193":{"start":{"line":439,"column":2},"end":{"line":439,"column":63}},"194":{"start":{"line":442,"column":2},"end":{"line":445,"column":3}},"195":{"start":{"line":444,"column":4},"end":{"line":444,"column":76}},"196":{"start":{"line":450,"column":2},"end":{"line":450,"column":35}},"197":{"start":{"line":453,"column":2},"end":{"line":453,"column":30}},"198":{"start":{"line":457,"column":2},"end":{"line":460,"column":3}},"199":{"start":{"line":458,"column":4},"end":{"line":458,"column":61}},"200":{"start":{"line":459,"column":4},"end":{"line":459,"column":11}},"201":{"start":{"line":462,"column":2},"end":{"line":496,"column":3}},"202":{"start":{"line":464,"column":21},"end":{"line":471,"column":5}},"203":{"start":{"line":473,"column":4},"end":{"line":475,"column":5}},"204":{"start":{"line":474,"column":6},"end":{"line":474,"column":66}},"205":{"start":{"line":477,"column":19},"end":{"line":477,"column":40}},"206":{"start":{"line":478,"column":4},"end":{"line":478,"column":48}},"207":{"start":{"line":480,"column":4},"end":{"line":480,"column":78}},"208":{"start":{"line":483,"column":4},"end":{"line":483,"column":44}},"209":{"start":{"line":486,"column":4},"end":{"line":488,"column":5}},"210":{"start":{"line":487,"column":6},"end":{"line":487,"column":59}},"211":{"start":{"line":491,"column":4},"end":{"line":491,"column":57}},"212":{"start":{"line":494,"column":4},"end":{"line":494,"column":70}},"213":{"start":{"line":495,"column":4},"end":{"line":495,"column":75}},"214":{"start":{"line":501,"column":2},"end":{"line":501,"column":27}},"215":{"start":{"line":502,"column":13},"end":{"line":502,"column":28}},"216":{"start":{"line":505,"column":2},"end":{"line":505,"column":52}},"217":{"start":{"line":506,"column":2},"end":{"line":506,"column":152}},"218":{"start":{"line":509,"column":2},"end":{"line":509,"column":32}},"219":{"start":{"line":512,"column":2},"end":{"line":512,"column":58}},"220":{"start":{"line":517,"column":19},"end":{"line":517,"column":26}},"221":{"start":{"line":519,"column":2},"end":{"line":618,"column":3}},"222":{"start":{"line":522,"column":6},"end":{"line":522,"column":44}},"223":{"start":{"line":523,"column":6},"end":{"line":523,"column":85}},"224":{"start":{"line":526,"column":6},"end":{"line":540,"column":9}},"225":{"start":{"line":527,"column":8},"end":{"line":539,"column":9}},"226":{"start":{"line":528,"column":22},"end":{"line":528,"column":29}},"227":{"start":{"line":529,"column":10},"end":{"line":529,"column":32}},"228":{"start":{"line":532,"column":10},"end":{"line":538,"column":13}},"229":{"start":{"line":542,"column":6},"end":{"line":551,"column":7}},"230":{"start":{"line":544,"column":8},"end":{"line":544,"column":78}},"231":{"start":{"line":547,"column":8},"end":{"line":547,"column":42}},"232":{"start":{"line":550,"column":8},"end":{"line":550,"column":61}},"233":{"start":{"line":552,"column":6},"end":{"line":552,"column":12}},"234":{"start":{"line":555,"column":6},"end":{"line":555,"column":35}},"235":{"start":{"line":556,"column":6},"end":{"line":556,"column":12}},"236":{"start":{"line":559,"column":6},"end":{"line":559,"column":35}},"237":{"start":{"line":560,"column":6},"end":{"line":560,"column":12}},"238":{"start":{"line":563,"column":6},"end":{"line":563,"column":34}},"239":{"start":{"line":564,"column":6},"end":{"line":564,"column":12}},"240":{"start":{"line":568,"column":6},"end":{"line":570,"column":7}},"241":{"start":{"line":569,"column":8},"end":{"line":569,"column":63}},"242":{"start":{"line":571,"column":6},"end":{"line":571,"column":12}},"243":{"start":{"line":574,"column":6},"end":{"line":574,"column":39}},"244":{"start":{"line":575,"column":6},"end":{"line":575,"column":12}},"245":{"start":{"line":579,"column":6},"end":{"line":579,"column":51}},"246":{"start":{"line":582,"column":6},"end":{"line":582,"column":39}},"247":{"start":{"line":585,"column":6},"end":{"line":585,"column":83}},"248":{"start":{"line":588,"column":6},"end":{"line":590,"column":7}},"249":{"start":{"line":589,"column":8},"end":{"line":589,"column":53}},"250":{"start":{"line":593,"column":6},"end":{"line":595,"column":7}},"251":{"start":{"line":594,"column":8},"end":{"line":594,"column":45}},"252":{"start":{"line":598,"column":6},"end":{"line":600,"column":7}},"253":{"start":{"line":599,"column":8},"end":{"line":599,"column":49}},"254":{"start":{"line":603,"column":6},"end":{"line":609,"column":7}},"255":{"start":{"line":604,"column":8},"end":{"line":608,"column":11}},"256":{"start":{"line":611,"column":6},"end":{"line":611,"column":92}},"257":{"start":{"line":612,"column":6},"end":{"line":612,"column":12}},"258":{"start":{"line":615,"column":6},"end":{"line":615,"column":43}},"259":{"start":{"line":616,"column":6},"end":{"line":616,"column":24}},"260":{"start":{"line":617,"column":6},"end":{"line":617,"column":12}},"261":{"start":{"line":622,"column":42},"end":{"line":622,"column":49}},"262":{"start":{"line":624,"column":2},"end":{"line":647,"column":3}},"263":{"start":{"line":626,"column":6},"end":{"line":626,"column":34}},"264":{"start":{"line":627,"column":6},"end":{"line":627,"column":24}},"265":{"start":{"line":628,"column":6},"end":{"line":628,"column":12}},"266":{"start":{"line":631,"column":6},"end":{"line":631,"column":24}},"267":{"start":{"line":632,"column":6},"end":{"line":634,"column":7}},"268":{"start":{"line":633,"column":8},"end":{"line":633,"column":51}},"269":{"start":{"line":638,"column":6},"end":{"line":640,"column":7}},"270":{"start":{"line":639,"column":8},"end":{"line":639,"column":38}},"271":{"start":{"line":641,"column":6},"end":{"line":641,"column":12}},"272":{"start":{"line":644,"column":6},"end":{"line":644,"column":24}},"273":{"start":{"line":645,"column":6},"end":{"line":645,"column":50}},"274":{"start":{"line":646,"column":6},"end":{"line":646,"column":12}},"275":{"start":{"line":652,"column":2},"end":{"line":652,"column":32}},"276":{"start":{"line":652,"column":25},"end":{"line":652,"column":32}},"277":{"start":{"line":654,"column":2},"end":{"line":688,"column":3}},"278":{"start":{"line":655,"column":21},"end":{"line":655,"column":66}},"279":{"start":{"line":656,"column":4},"end":{"line":656,"column":29}},"280":{"start":{"line":656,"column":22},"end":{"line":656,"column":29}},"281":{"start":{"line":658,"column":17},"end":{"line":658,"column":38}},"282":{"start":{"line":659,"column":21},"end":{"line":659,"column":40}},"283":{"start":{"line":662,"column":20},"end":{"line":662,"column":73}},"284":{"start":{"line":662,"column":39},"end":{"line":662,"column":72}},"285":{"start":{"line":663,"column":4},"end":{"line":663,"column":25}},"286":{"start":{"line":663,"column":18},"end":{"line":663,"column":25}},"287":{"start":{"line":665,"column":25},"end":{"line":665,"column":47}},"288":{"start":{"line":667,"column":4},"end":{"line":685,"column":5}},"289":{"start":{"line":668,"column":6},"end":{"line":668,"column":41}},"290":{"start":{"line":669,"column":6},"end":{"line":669,"column":80}},"291":{"start":{"line":672,"column":6},"end":{"line":684,"column":7}},"292":{"start":{"line":673,"column":8},"end":{"line":683,"column":11}},"293":{"start":{"line":678,"column":10},"end":{"line":682,"column":11}},"294":{"start":{"line":679,"column":12},"end":{"line":679,"column":86}},"295":{"start":{"line":681,"column":12},"end":{"line":681,"column":88}},"296":{"start":{"line":687,"column":4},"end":{"line":687,"column":69}},"297":{"start":{"line":692,"column":28},"end":{"line":692,"column":35}},"298":{"start":{"line":694,"column":2},"end":{"line":694,
[...]
line":1341,"column":4},"end":{"line":1361,"column":5}},"type":"if","locations":[{"start":{"line":1341,"column":4},"end":{"line":1361,"column":5}},{"start":{"line":1354,"column":11},"end":{"line":1361,"column":5}}],"line":1341},"130":{"loc":{"start":{"line":1341,"column":8},"end":{"line":1341,"column":60}},"type":"binary-expr","locations":[{"start":{"line":1341,"column":8},"end":{"line":1341,"column":27}},{"start":{"line":1341,"column":31},"end":{"line":1341,"column":60}}],"line":1341},"131":{"loc":{"start":{"line":1381,"column":22},"end":{"line":1381,"column":53}},"type":"binary-expr","locations":[{"start":{"line":1381,"column":22},"end":{"line":1381,"column":43}},{"start":{"line":1381,"column":47},"end":{"line":1381,"column":53}}],"line":1381},"132":{"loc":{"start":{"line":1384,"column":2},"end":{"line":1387,"column":3}},"type":"if","locations":[{"start":{"line":1384,"column":2},"end":{"line":1387,"column":3}},{"start":{},"end":{}}],"line":1384},"133":{"loc":{"start":{"line":1415,"column":9},"end":{"line":1415,"column":29}},"type":"binary-expr","locations":[{"start":{"line":1415,"column":9},"end":{"line":1415,"column":21}},{"start":{"line":1415,"column":25},"end":{"line":1415,"column":29}}],"line":1415},"134":{"loc":{"start":{"line":1421,"column":2},"end":{"line":1444,"column":3}},"type":"if","locations":[{"start":{"line":1421,"column":2},"end":{"line":1444,"column":3}},{"start":{},"end":{}}],"line":1421},"135":{"loc":{"start":{"line":1421,"column":6},"end":{"line":1421,"column":35}},"type":"binary-expr","locations":[{"start":{"line":1421,"column":6},"end":{"line":1421,"column":16}},{"start":{"line":1421,"column":20},"end":{"line":1421,"column":35}}],"line":1421},"136":{"loc":{"start":{"line":1423,"column":4},"end":{"line":1425,"column":5}},"type":"if","locations":[{"start":{"line":1423,"column":4},"end":{"line":1425,"column":5}},{"start":{},"end":{}}],"line":1423},"137":{"loc":{"start":{"line":1423,"column":8},"end":{"line":1423,"column":105}},"type":"binary-expr","locations":[{"start":{"line":1423,"column":8},"end":{"line":1423,"column":32}},{"start":{"line":1423,"column":36},"end":{"line":1423,"column":105}}],"line":1423},"138":{"loc":{"start":{"line":1429,"column":4},"end":{"line":1432,"column":5}},"type":"if","locations":[{"start":{"line":1429,"column":4},"end":{"line":1432,"column":5}},{"start":{},"end":{}}],"line":1429},"139":{"loc":{"start":{"line":1449,"column":2},"end":{"line":1452,"column":3}},"type":"if","locations":[{"start":{"line":1449,"column":2},"end":{"line":1452,"column":3}},{"start":{},"end":{}}],"line":1449},"140":{"loc":{"start":{"line":1469,"column":2},"end":{"line":1473,"column":3}},"type":"if","locations":[{"start":{"line":1469,"column":2},"end":{"line":1473,"column":3}},{"start":{"line":1471,"column":9},"end":{"line":1473,"column":3}}],"line":1469},"141":{"loc":{"start":{"line":1470,"column":35},"end":{"line":1470,"column":56}},"type":"binary-expr","locations":[{"start":{"line":1470,"column":35},"end":{"line":1470,"column":50}},{"start":{"line":1470,"column":54},"end":{"line":1470,"column":56}}],"line":1470},"142":{"loc":{"start":{"line":1472,"column":46},"end":{"line":1472,"column":67}},"type":"binary-expr","locations":[{"start":{"line":1472,"column":46},"end":{"line":1472,"column":61}},{"start":{"line":1472,"column":65},"end":{"line":1472,"column":67}}],"line":1472},"143":{"loc":{"start":{"line":1498,"column":2},"end":{"line":1528,"column":3}},"type":"if","locations":[{"start":{"line":1498,"column":2},"end":{"line":1528,"column":3}},{"start":{"line":1513,"column":9},"end":{"line":1528,"column":3}}],"line":1498},"144":{"loc":{"start":{"line":1499,"column":16},"end":{"line":1499,"column":35}},"type":"binary-expr","locations":[{"start":{"line":1499,"column":16},"end":{"line":1499,"column":29}},{"start":{"line":1499,"column":33},"end":{"line":1499,"column":35}}],"line":1499},"145":{"loc":{"start":{"line":1500,"column":17},"end":{"line":1500,"column":40}},"type":"binary-expr","locations":[{"start":{"line":1500,"column":17},"end":{"line":1500,"column":34}},{"start":{"line":1500,"column":38},"end":{"line":1500,"column":40}}],"line":1500},"146":{"loc":{"start":{"line":1504,"column":4},"end":{"line":1506,"column":5}},"type":"if","locations":[{"start":{"line":1504,"column":4},"end":{"line":1506,"column":5}},{"start":{},"end":{}}],"line":1504},"147":{"loc":{"start":{"line":1504,"column":8},"end":{"line":1504,"column":78}},"type":"binary-expr","locations":[{"start":{"line":1504,"column":8},"end":{"line":1504,"column":27}},{"start":{"line":1504,"column":31},"end":{"line":1504,"column":51}},{"start":{"line":1504,"column":55},"end":{"line":1504,"column":78}}],"line":1504},"148":{"loc":{"start":{"line":1508,"column":4},"end":{"line":1510,"column":5}},"type":"if","locations":[{"start":{"line":1508,"column":4},"end":{"line":1510,"column":5}},{"start":{},"end":{}}],"line":1508},"149":{"loc":{"start":{"line":1513,"column":9},"end":{"line":1528,"column":3}},"type":"if","locations":[{"start":{"line":1513,"column":9},"end":{"line":1528,"column":3}},{"start":{"line":1520,"column":9},"end":{"line":1528,"column":3}}],"line":1513},"150":{"loc":{"start":{"line":1514,"column":17},"end":{"line":1514,"column":38}},"type":"binary-expr","locations":[{"start":{"line":1514,"column":17},"end":{"line":1514,"column":32}},{"start":{"line":1514,"column":36},"end":{"line":1514,"column":38}}],"line":1514},"151":{"loc":{"start":{"line":1515,"column":20},"end":{"line":1515,"column":39}},"type":"binary-expr","locations":[{"start":{"line":1515,"column":20},"end":{"line":1515,"column":33}},{"start":{"line":1515,"column":37},"end":{"line":1515,"column":39}}],"line":1515},"152":{"loc":{"start":{"line":1518,"column":6},"end":{"line":1518,"column":39}},"type":"cond-expr","locations":[{"start":{"line":1518,"column":29},"end":{"line":1518,"column":34}},{"start":{"line":1518,"column":37},"end":{"line":1518,"column":39}}],"line":1518},"153":{"loc":{"start":{"line":1520,"column":9},"end":{"line":1528,"column":3}},"type":"if","locations":[{"start":{"line":1520,"column":9},"end":{"line":1528,"column":3}},{"start":{"line":1522,"column":9},"end":{"line":1528,"column":3}}],"line":1520},"154":{"loc":{"start":{"line":1522,"column":9},"end":{"line":1528,"column":3}},"type":"if","locations":[{"start":{"line":1522,"column":9},"end":{"line":1528,"column":3}},{"start":{"line":1526,"column":9},"end":{"line":1528,"column":3}}],"line":1522},"155":{"loc":{"start":{"line":1524,"column":6},"end":{"line":1524,"column":53}},"type":"cond-expr","locations":[{"start":{"line":1524,"column":21},"end":{"line":1524,"column":48}},{"start":{"line":1524,"column":51},"end":{"line":1524,"column":53}}],"line":1524},"156":{"loc":{"start":{"line":1525,"column":7},"end":{"line":1525,"column":57}},"type":"cond-expr","locations":[{"start":{"line":1525,"column":21},"end":{"line":1525,"column":52}},{"start":{"line":1525,"column":55},"end":{"line":1525,"column":57}}],"line":1525},"157":{"loc":{"start":{"line":1540,"column":4},"end":{"line":1542,"column":5}},"type":"if","locations":[{"start":{"line":1540,"column":4},"end":{"line":1542,"column":5}},{"start":{},"end":{}}],"line":1540},"158":{"loc":{"start":{"line":1544,"column":4},"end":{"line":1548,"column":5}},"type":"if","locations":[{"start":{"line":1544,"column":4},"end":{"line":1548,"column":5}},{"start":{},"end":{}}],"line":1544},"159":{"loc":{"start":{"line":1552,"column":39},"end":{"line":1552,"column":59}},"type":"default-arg","locations":[{"start":{"line":1552,"column":55},"end":{"line":1552,"column":59}}],"line":1552},"160":{"loc":{"start":{"line":1552,"column":61},"end":{"line":1552,"column":75}},"type":"default-arg","locations":[{"start":{"line":1552,"column":71},"end":{"line":1552,"column":75}}],"line":1552},"161":{"loc":{"start":{"line":1564,"column":14},"end":{"line":1564,"column":45}},"type":"cond-expr","locations":[{"start":{"line":1564,"column":25},"end":{"line":1564,"column":29}},{"start":{"line":1564,"column":32},"end":{"line":1564,"column":45}}],"line":1564},"162":{"loc":{"start":{"line":1590,"column":25},"end":{"line":1590,"column":47}},"type":"binary-expr","locations":[{"start":{"line":1590,"column":25},"end":{"line":1590,"column":33}},{"start":{"line":1590,"column":37},"end":{"line":1590,"column":47}}],"line":1590},"163":{"loc":{"start":{"line":1603,"column":19},"end":{"line":1603,"column":55}},"type":"cond-expr","locations":[{"start":{"line":1603,"column":35},"end":{"line":1603,"column":45}},{"start":{"line":1603,"column":48},"end":{"line":1603,"column":55}}],"line":1603},"164":{"loc":{"start":{"line":1618,"column":6},"end":{"line":1623,"column":7}},"type":"if","locations":[{"start":{"line":1618,"column":6},"end":{"line":1623,"column":7}},{"start":{},"end":{}}],"line":1618},"165":{"loc":{"start":{"line":1645,"column":4},"end":{"line":1653,"column":5}},"type":"if","locations":[{"start":{"line":1645,"column":4},"end":{"line":1653,"column":5}},{"start":{"line":1650,"column":11},"end":{"line":1653,"column":5}}],"line":1645},"166":{"loc":{"start":{"line":1652,"column":28},"end":{"line":1652,"column":50}},"type":"binary-expr","locations":[{"start":{"line":1652,"column":28},"end":{"line":1652,"column":44}},{"start":{"line":1652,"column":48},"end":{"line":1652,"column":50}}],"line":1652},"167":{"loc":{"start":{"line":1661,"column":2},"end":{"line":1666,"column":3}},"type":"if","locations":[{"start":{"line":1661,"column":2},"end":{"line":1666,"column":3}},{"start":{"line":1664,"column":9},"end":{"line":1666,"column":3}}],"line":1661},"168":{"loc":{"start":{"line":1675,"column":2},"end":{"line":1675,"column":40}},"type":"if","locations":[{"start":{"line":1675,"column":2},"end":{"line":1675,"column":40}},{"start":{},"end":{}}],"line":1675},"169":{"loc":{"start":{"line":1677,"column":2},"end":{"line":1688,"column":3}},"type":"if","locations":[{"start":{"line":1677,"column":2},"end":{"line":1688,"column":3}},{"start":{"line":1685,"column":9},"end":{"line":1688,"column":3}}],"line":1677},"170":{"loc":{"start":{"line":1679,"column":4},"end":{"line":1684,"column":5}},"type":"if","locations":[{"start":{"line":1679,"column":4},"end":{"line":1684,"column":5}},{"start":{"line":1682,"column":11},"end":{"line":1684,"column":5}}],"line":1679},"171":{"loc":{"start":{"line":1685,"column":9},"end":{"line":1688,"column":3}},"type":"if","locations":[{"start":{"line":1685,"column":9},"end":{"line":1688,"column":3}},{"start":{},"end":{}}],"line":1685},"172":{"loc":{"start":{"line":1699,"column":2},"end":{"line":1734,"column":3}},"type":"if","locations":[{"start":{"line":1699,"column":2},"end":{"line":1734,"column":3}},{"start":{"line":1701,"column":9},"end":{"line":1734,"column":3}}],"line":1699},"173":{"loc":{"start":{"line":1716,"column":6},"end":{"line":1723,"column":7}},"type":"if","locations":[{"start":{"line":1716,"column":6},"end":{"line":1723,"column":7}},{"start":{},"end":{}}],"line":1716}},"s":{"0":0,"1":0,"2":0,"3":0,"4":0,"5":0,"6":0,"7":0,"8":0,"9":0,"10":0,"11":0,"12":0,"13":0,"14":0,"15":0,"16":0,"17":0,"18":0,"19":0,"20":0,"21":0,"22":0,"23":0,"24":0,"25":0,"26":0,"27":0,"28":0,"29":0,"30":0,"31":0,"32":0,"33":0,"34":0,"35":0,"36":0,"37":0,"38":0,"39":0,"40":0,"41":0,"42":0,"43":0,"44":0,"45":0,"46":0,"47":0,"48":0,"49":0,"50":0,"51":0,"52":0,"53":0,"54":0,"55":0,"56":0,"57":0,"58":0,"59":0,"60":0,"61":0,"62":0,"63":0,"64":0,"65":0,"66":0,"67":0,"68":0,"69":0,"70":0,"71":0,"72":0,"73":0,"74":0,"75":0,"76":0,"77":0,"78":0,"79":0,"80":0,"81":0,"82":0,"83":0,"84":0,"85":0,"86":0,"87":0,"88":0,"89":0,"90":0,"91":0,"92":0,"93":0,"94":0,"95":0,"96":0,"97":0,"98":0,"99":0,"100":0,"101":0,"102":0,"103":0,"104":0,"105":0,"106":0,"107":0,"108":0,"109":0,"110":0,"111":0,"112":0,"113":0,"114":0,"115":0,"116":0,"117":0,"118":0,"119":0,"120":0,"121":0,"122":0,"123":0,"124":0,"125":0,"126":0,"127":0,"128":0,"129":0,"130":0,"131":0,"132":0,"133":0,"134":0,"135":0,"136":0,"137":0,"138":0,"139":0,"140":0,"141":0,"142":0,"143":0,"144":0,"145":0,"146":0,"147":0,"148":0,"149":0,"150":0,"151":0,"152":0,"153":0,"154":0,"155":0,"156":0,"157":0,"158":0,"159":0,"160":0,"161":0,"162":0,"163":0,"164":0,"165":0,"166":0,"167":0,"168":0,"169":0,"170":0,"171":0,"172":0,"173":0,"174":0,"175":0,"176":0,"177":0,"178":0,"179":0,"180":0,"181":0,"182":0,"183":0,"184":0,"185":0,"186":0,"187":0,"188":0,"189":0,"190":0,"191":0,"192":0,"193":0,"194":0,"195":0,"196":0,"197":0,"198":0,"199":0,"200":0,"201":0,"202":0,"203":0,"204":0,"205":0,"206":0,"207":0,"208":0,"209":0,"210":0,"211":0,"212":0,"213":0,"214":0,"215":0,"216":0,"217":0,"218":0,"219":0,"220":0,"221":0,"222":0,"223":0,"224":0,"225":0,"226":0,"227":0,"228":0,"229":0,"230":0,"231":0,"232":0,"233":0,"234":0,"235":0,"236":0,"237":0,"238":0,"239":0,"240":0,"241":0,"242":0,"243":0,"244":0,"245":0,"246":0,"247":0,"248":0,"249":0,"250":0,"251":0,"252":0,"253":0,"254":0,"255":0,"256":0,"257":0,"258":0,"259":0,"260":0,"261":0,"262":0,"263":0,"264":0,"265":0,"266":0,"267":0,"268":0,"269":0,"270":0,"271":0,"272":0,"273":0,"274":0,"275":0,"276":0,"277":0,"278":0,"279":0,"280":0,"281":0,"282":0,"283":0,"284":0,"285":0,"286":0,"287":0,"288":0,"289":0,"290":0,"291":0,"292":0,"293":0,"294":0,"295":0,"296":0,"297":0,"298":0,"299":0,"300":0,"301":0,"302":0,"303":0,"304":0,"305":0,"306":0,"307":0,"308":0,"309":0,"310":0,"311":0,"312":0,"313":0,"314":0,"315":0,"316":0,"317":0,"318":0,"319":0,"320":0,"321":0,"322":0,"323":0,"324":0,"325":0,"326":0,"327":0,"328":0,"329":0,"330":0,"331":0,"332":0,"333":0,"334":0,"335":0,"336":0,"337":0,"338":0,"339":0,"340":0,"341":0,"342":0,"343":0,"344":0,"345":0,"346":0,"347":0,"348":0,"349":0,"350":0,"351":0,"352":0,"353":0,"354":0,"355":0,"356":0,"357":0,"358":0,"359":0,"360":0,"361":0,"362":0,"363":0,"364":0,"365":0,"366":0,"367":0,"368":0,"369":0,"370":0,"371":0,"372":0,"373":0,"374":0,"375":0,"376":0,"377":0,"378":0,"379":0,"380":0,"381":0,"382":0,"383":0,"384":0,"385":0,"386":0,"387":0,"388":0,"389":0,"390":0,"391":0,"392":0,"393":0,"394":0,"395":0,"396":0,"397":0,"398":0,"399":0,"400":0,"401":0,"402":0,"403":0,"404":0,"405":0,"406":0,"407":0,"408":0,"409":0,"410":0,"411":0,"412":0,"413":0,"414":0,"415":0,"416":0,"417":0,"418":0,"419":0,"420":0,"421":0,"422":0,"423":0,"424":0,"425":0,"426":0,"427":0,"428":0,"429":0,"430":0,"431":0,"432":0,"433":0,"434":0,"435":0,"436":0,"437":0,"438":0,"439":0,"440":0,"441":0,"442":0,"443":0,"444":0,"445":0,"446":0,"447":0,"448":0,"449":0,"450":0,"451":0,"452":0,"453":0,"454":0,"455":0,"456":0,"457":0,"458":0,"459":0,"460":0,"461":0,"462":0,"463":0,"464":0,"465":0,"466":0,"467":0,"468":0,"469":0,"470":0,"471":0,"472":0,"473":0,"474":0,"475":0,"476":0,"477":0,"478":0,"479":0,"480":0,"481":0,"482":0,"483":0,"484":0,"485":0,"486":0,"487":0,"488":0,"489":0,"490":0,"491":0,"492":0,"493":0,"494":0,"495":0,"496":0,"497":0,"498":0,"499":0,"500":0,"501":0,"502":0,"503":0,"504":0,"505":0,"506":0,"507":0,"508":0,"509":0,"510":0,"511":0,"512":0,"513":0,"514":0,"515":0,"516":0,"517":0,"518":0,"519":0,"520":0,"521":0,"522":0,"523":0,"524":0,"525":0,"526":0,"527":0,"528":0,"529":0,"530":0,"531":0,"532":0,"533":0,"534":0,"535":0,"536":0,"537":0,"538":0,"539":0,"540":0,"541":0,"542":0,"543":0,"544":0,"545":0,"546":0,"547":0,"548":0,"549":0,"550":0,"551":0,"552":0,"553":0,"554":0,"555":0,"556":0,"557":0,"558":0,"559":0,"560":0,"561":0,"562":0,"563":0,"564":0,"565":0,"566":0,"567":0,"568":0,"569":0,"570":0,"571":0,"572":0,"573":0,"574":0,"575":0,"576":0,"577":0,"578":0,"579":0,"580":0,"581":0,"582":0,"583":0,"584":0,"585":0,"586":0,"587":0,"588":0,"589":0,"590":0,"591":0,"592":0,"593":0,"594":0,"595":0,"596":0,"597":0,"598":0,"599":0,"600":0,"601":0,"602":0,"603":0,"604":0,"605":0,"606":0,"607":0,"608":0,"609":0,"610":0,"611":0,"612":0,"613":0,"614":0,"615":0,"616":0,"617":0,"618":0,"619":0,"620":0,"621":0,"622":0,"623":0,"624":0,"625":0,"626":0,"627":0,"628":0,"629":0,"630":0,"631":0,"632":0,"633":0,"634":0,"635":0,"636":0,"637":0,"638":0,"639":0,"640":0,"641":0,"642":0,"643":0,"644":0,"645":0,"646":0,"647":0,"648":0,"649":0,"650":0,"651":0,"652":0,"653":0,"654":0,"655":0,"656":0,"657":0,"658":0,"659":0,"660":0,"661":0,"662":0,"663":0,"664":0,"665":0,"666":0,"667":0,"668":0,"669":0,"670":0,"671":0,"672":0,"673":0,"674":0,"675":0,"676":0,"677":0,"678":0,"679":0,"680":0,"681":0,"682":0,"683":0,"684":0,"685":0,"686":0,"687":0,"688":0,"689":0,"690":0,"691":0,"692":0,"693":0,"694":0,"695":0,"696":0,"697":0,"698":0,"699":0,"700":0,"701":0,"702":0,"703":0,"704":0,"705":0,"706":0,"707":0,"708":0,"709":0,"710":0,"711":0,"712":0,"713":0,"714":0,"715":0,"716":0,"717":0,"718":0,"719":0,"720":0,"721":0,"722":0,"723":0,"724":0,"725":0,"726":0,"727":0,"728":0,"729":0,"730":0,"731":0,"732":0,"733":0,"734":0,"735":0,"736":0,"737":0,"738":0,"739":0,"740":0,"741":0,"742":0,"743":0,"744":0,"745":0,"746":0,"747":0,"748":0,"749":0,"750":0,"751":0,"752":0,"753":0,"754":0,"755":0,"756":0,"757":0,"758":0,"759":0,"760":0,"761":0,"762":0,"763":0,"764":0,"765":0,"766":0,"767":0,"768":0,"769":0,"770":0,"771":0,"772":0,"773":0,"774":0,"775":0,"776":0,"777":0,"778":0,"779":0,"780":0,"781":0,"782":0,"783":0,"784":0,"785":0,"786":0,"787":0,"788":0,"789":0,"790":0,"791":0,"792":0,"793":0,"794":0,"795":0,"796":0,"797":0,"798":0,"799":0,"800":0,"801":0,"802":0,"803":0,"804":0,"805":0,"806":0,"807":0,"808":0,"809":0,"810":0,"811":0,"812":0,"813":0,"814":0,"815":0},"f":{"0":0,"1":0,"2":0,"3":0,"4":0,"5":0,"6":0,"7":0,"8":0,"9":0,"10":0,"11":0,"12":0,"13":0,"14":0,"15":0,"16":0,"17":0,"18":0,"19":0,"20":0,"21":0,"22":0,"23":0,"24":0,"25":0,"26":0,"27":0,"28":0,"29":0,"30":0,"31":0,"32":0,"33":0,"34":0,"35":0,"36":0,"37":0,"38":0,"39":0,"40":0,"41":0,"42":0,"43":0,"44":0,"45":0,"46":0,"47":0,"48":0,"49":0,"50":0,"51":0,"52":0,"53":0,"54":0,"55":0,"56":0,"57":0,"58":0,"59":0,"60":0,"61":0,"62":0,"63":0,"64":0,"65":0,"66":0,"67":0,"68":0,"69":0,"70":0,"71":0,"72":0,"73":0,"74":0,"75":0,"76":0,"77":0,"78":0,"79":0,"80":0,"81":0,"82":0,"83":0,"84":0,"85":0,"86":0,"87":0,"88":0,"89":0,"90":0,"91":0,"92":0,"93":0,"94":0,"95":0,"96":0},"b":{"0":[0,0],"1":[0,0,0],"2":[0,0],"3":[0,0],"4":[0,0],"5":[0,0],"6":[0,0],"7":[0,0],"8":[0,0],"9":[0,0],"10":[0,0],"11":[0,0],"12":[0,0],"13":[0,0],"14":[0,0],"15":[0,0],"16":[0,0],"17":[0,0],"18":[0,0],"19":[0,0],"20":[0,0],"21":[0,0],"22":[0,0],"23":[0,0],"24":[0,0],"25":[0,0],"26":[0,0],"27":[0,0],"28":[0,0],"29":[0,0],"30":[0,0],"31":[0,0],"32":[0,0],"33":[0,0],"34":[0,0],"35":[0,0],"36":[0,0],"37":[0,0],"38":[0,0],"39":[0,0],"40":[0,0],"41":[0,0],"42":[0,0],"43":[0,0,0,0,0,0,0,0],"44":[0,0],"45":[0,0],"46":[0,0],"47":[0,0],"48":[0,0],"49":[0,0],"50":[0,0],"51":[0,0],"52":[0,0],"53":[0,0],"54":[0,0],"55":[0,0,0],"56":[0,0],"57":[0,0],"58":[0,0],"59":[0,0],"60":[0,0],"61":[0,0],"62":[0,0],"63":[0,0],"64":[0,0],"65":[0,0],"66":[0,0],"67":[0,0],"68":[0,0],"69":[0,0],"70":[0,0],"71":[0,0],"72":[0,0],"73":[0,0],"74":[0,0,0],"75":[0,0],"76":[0,0],"77":[0,0],"78":[0,0],"79":[0,0],"80":[0,0],"81":[0,0],"82":[0,0],"83":[0,0],"84":[0,0],"85":[0,0],"86":[0,0],"87":[0,0,0],"88":[0,0],"89":[0,0],"90":[0,0],"91":[0,0],"92":[0,0],"93":[0,0],"94":[0,0],"95":[0,0],"96":[0,0],"97":[0,0],"98":[0,0],"99":[0,0],"100":[0,0],"101":[0,0,0,0,0],"102":[0,0],"103":[0,0],"104":[0,0],"105":[0,0],"106":[0,0],"107":[0,0],"108":[0,0],"109":[0,0],"110":[0,0],"111":[0,0],"112":[0,0],"113":[0,0],"114":[0,0],"115":[0,0,0,0],"116":[0,0],"117":[0,0],"118":[0,0],"119":[0,0],"120":[0,0],"121":[0,0],"122":[0,0],"123":[0,0],"124":[0,0],"125":[0,0],"126":[0,0],"127":[0,0],"128":[0,0],"129":[0,0],"130":[0,0],"131":[0,0],"132":[0,0],"133":[0,0],"134":[0,0],"135":[0,0],"136":[0,0],"137":[0,0],"138":[0,0],"139":[0,0],"140":[0,0],"141":[0,0],"142":[0,0],"143":[0,0],"144":[0,0],"145":[0,0],"146":[0,0],"147":[0,0,0],"148":[0,0],"149":[0,0],"150":[0,0],"151":[0,0],"152":[0,0],"153":[0,0],"154":[0,0],"155":[0,0],"156":[0,0],"157":[0,0],"158":[0,0],"159":[0],"160":[0],"161":[0,0],"162":[0,0],"163":[0,0],"164":[0,0],"165":[0,0],"166":[0,0],"167":[0,0],"168":[0,0],"169":[0,0],"170":[0,0],"171":[0,0],"172":[0,0],"173":[0,0]}}
}
