TN:
SF:background.js
FN:12,(anonymous_0)
FN:17,(anonymous_1)
FN:22,(anonymous_2)
FN:27,(anonymous_3)
FN:32,(anonymous_4)
FN:38,normalizePathForUrl
FN:47,connectTab
FN:68,(anonymous_7)
FN:93,(anonymous_8)
FN:103,(anonymous_9)
FN:117,(anonymous_10)
FN:126,(anonymous_11)
FN:153,(anonymous_12)
FN:168,disconnectTab
FN:189,broadcastStatus
FN:195,(anonymous_15)
FN:206,(anonymous_16)
FN:213,(anonymous_17)
FN:230,(anonymous_18)
FN:241,(anonymous_19)
FN:256,(anonymous_20)
FN:266,(anonymous_21)
FN:277,(anonymous_22)
FN:282,(anonymous_23)
FN:288,(anonymous_24)
FN:344,(anonymous_25)
FN:409,(anonymous_26)
FN:484,(anonymous_27)
FN:505,(anonymous_28)
FN:506,(anonymous_29)
FN:507,(anonymous_30)
FN:509,(anonymous_31)
FN:522,(anonymous_32)
FNF:33
FNH:0
FNDA:0,(anonymous_0)
FNDA:0,(anonymous_1)
FNDA:0,(anonymous_2)
FNDA:0,(anonymous_3)
FNDA:0,(anonymous_4)
FNDA:0,normalizePathForUrl
FNDA:0,connectTab
FNDA:0,(anonymous_7)
FNDA:0,(anonymous_8)
FNDA:0,(anonymous_9)
FNDA:0,(anonymous_10)
FNDA:0,(anonymous_11)
FNDA:0,(anonymous_12)
FNDA:0,disconnectTab
FNDA:0,broadcastStatus
FNDA:0,(anonymous_15)
FNDA:0,(anonymous_16)
FNDA:0,(anonymous_17)
FNDA:0,(anonymous_18)
FNDA:0,(anonymous_19)
FNDA:0,(anonymous_20)
FNDA:0,(anonymous_21)
FNDA:0,(anonymous_22)
FNDA:0,(anonymous_23)
FNDA:0,(anonymous_24)
FNDA:0,(anonymous_25)
FNDA:0,(anonymous_26)
FNDA:0,(anonymous_27)
FNDA:0,(anonymous_28)
FNDA:0,(anonymous_29)
FNDA:0,(anonymous_30)
FNDA:0,(anonymous_31)
FNDA:0,(anonymous_32)
DA:2,0
DA:3,0
DA:7,0
DA:8,0
DA:11,0
DA:13,0
DA:14,0
DA:18,0
DA:19,0
DA:23,0
DA:24,0
DA:28,0
DA:29,0
DA:34,0
DA:40,0
DA:41,0
DA:43,0
DA:49,0
DA:50,0
DA:51,0
DA:54,0
DA:56,0
DA:57,0
DA:66,0
DA:68,0
DA:69,0
DA:70,0
DA:73,0
DA:74,0
DA:77,0
DA:84,0
DA:85,0
DA:88,0
DA:89,0
DA:93,0
DA:94,0
DA:95,0
DA:98,0
DA:99,0
DA:103,0
DA:104,0
DA:106,0
DA:107,0
DA:108,0
DA:111,0
DA:112,0
DA:117,0
DA:118,0
DA:119,0
DA:121,0
DA:122,0
DA:126,0
DA:127,0
DA:130,0
DA:131,0
DA:132,0
DA:133,0
DA:137,0
DA:138,0
DA:139,0
DA:140,0
DA:144,0
DA:147,0
DA:148,0
DA:149,0
DA:154,0
DA:164,0
DA:169,0
DA:170,0
DA:172,0
DA:175,0
DA:176,0
DA:180,0
DA:181,0
DA:185,0
DA:190,0
DA:191,0
DA:196,0
DA:206,0
DA:207,0
DA:208,0
DA:209,0
DA:213,0
DA:214,0
DA:216,0
DA:217,0
DA:218,0
DA:221,0
DA:222,0
DA:225,0
DA:231,0
DA:236,0
DA:241,0
DA:242,0
DA:243,0
DA:246,0
DA:247,0
DA:251,0
DA:252,0
DA:257,0
DA:266,0
DA:267,0
DA:268,0
DA:270,0
DA:271,0
DA:272,0
DA:277,0
DA:278,0
DA:280,0
DA:282,0
DA:283,0
DA:289,0
DA:290,0
DA:293,0
DA:296,0
DA:298,0
DA:299,0
DA:300,0
DA:301,0
DA:304,0
DA:306,0
DA:307,0
DA:309,0
DA:310,0
DA:311,0
DA:312,0
DA:314,0
DA:315,0
DA:317,0
DA:320,0
DA:322,0
DA:323,0
DA:325,0
DA:326,0
DA:327,0
DA:328,0
DA:329,0
DA:330,0
DA:332,0
DA:333,0
DA:335,0
DA:338,0
DA:340,0
DA:341,0
DA:345,0
DA:354,0
DA:356,0
DA:357,0
DA:359,0
DA:360,0
DA:365,0
DA:366,0
DA:368,0
DA:372,0
DA:374,0
DA:375,0
DA:377,0
DA:378,0
DA:381,0
DA:382,0
DA:384,0
DA:388,0
DA:390,0
DA:391,0
DA:393,0
DA:394,0
DA:398,0
DA:399,0
DA:401,0
DA:405,0
DA:407,0
DA:409,0
DA:410,0
DA:411,0
DA:415,0
DA:416,0
DA:420,0
DA:421,0
DA:424,0
DA:426,0
DA:427,0
DA:429,0
DA:430,0
DA:433,0
DA:434,0
DA:436,0
DA:438,0
DA:439,0
DA:442,0
DA:444,0
DA:445,0
DA:447,0
DA:448,0
DA:451,0
DA:452,0
DA:454,0
DA:455,0
DA:458,0
DA:459,0
DA:460,0
DA:462,0
DA:467,0
DA:470,0
DA:472,0
DA:473,0
DA:475,0
DA:479,0
DA:482,0
DA:484,0
DA:485,0
DA:486,0
DA:487,0
DA:488,0
DA:491,0
DA:496,0
DA:499,0
DA:500,0
DA:502,0
DA:505,0
DA:506,0
DA:507,0
DA:510,0
DA:514,0
DA:515,0
DA:522,0
DA:523,0
DA:525,0
DA:526,0
DA:527,0
DA:529,0
DA:533,0
LF:231
LH:0
BRDA:13,0,0,0
BRDA:13,0,1,0
BRDA:18,1,0,0
BRDA:18,1,1,0
BRDA:23,2,0,0
BRDA:23,2,1,0
BRDA:28,3,0,0
BRDA:28,3,1,0
BRDA:40,4,0,0
BRDA:40,4,1,0
BRDA:49,5,0,0
BRDA:49,5,1,0
BRDA:74,6,0,0
BRDA:74,6,1,0
BRDA:88,7,0,0
BRDA:88,7,1,0
BRDA:98,8,0,0
BRDA:98,8,1,0
BRDA:121,9,0,0
BRDA:121,9,1,0
BRDA:130,10,0,0
BRDA:130,10,1,0
BRDA:137,11,0,0
BRDA:137,11,1,0
BRDA:139,12,0,0
BRDA:139,12,1,0
BRDA:147,13,0,0
BRDA:147,13,1,0
BRDA:154,14,0,0
BRDA:154,14,1,0
BRDA:170,15,0,0
BRDA:170,15,1,0
BRDA:175,16,0,0
BRDA:175,16,1,0
BRDA:180,17,0,0
BRDA:180,17,1,0
BRDA:196,18,0,0
BRDA:196,18,1,0
BRDA:207,19,0,0
BRDA:207,19,1,0
BRDA:208,20,0,0
BRDA:208,20,1,0
BRDA:229,21,0,0
BRDA:229,21,1,0
BRDA:231,22,0,0
BRDA:231,22,1,0
BRDA:242,23,0,0
BRDA:242,23,1,0
BRDA:246,24,0,0
BRDA:246,24,1,0
BRDA:251,25,0,0
BRDA:251,25,1,0
BRDA:257,26,0,0
BRDA:257,26,1,0
BRDA:270,27,0,0
BRDA:270,27,1,0
BRDA:278,28,0,0
BRDA:278,28,1,0
BRDA:296,29,0,0
BRDA:296,29,1,0
BRDA:304,30,0,0
BRDA:304,30,1,0
BRDA:309,31,0,0
BRDA:309,31,1,0
BRDA:320,32,0,0
BRDA:320,32,1,0
BRDA:325,33,0,0
BRDA:325,33,1,0
BRDA:338,34,0,0
BRDA:338,34,1,0
BRDA:345,35,0,0
BRDA:345,35,1,0
BRDA:354,36,0,0
BRDA:354,36,1,0
BRDA:359,37,0,0
BRDA:359,37,1,0
BRDA:372,38,0,0
BRDA:372,38,1,0
BRDA:377,39,0,0
BRDA:377,39,1,0
BRDA:388,40,0,0
BRDA:388,40,1,0
BRDA:393,41,0,0
BRDA:393,41,1,0
BRDA:405,42,0,0
BRDA:405,42,1,0
BRDA:410,43,0,0
BRDA:410,43,1,0
BRDA:424,44,0,0
BRDA:424,44,1,0
BRDA:429,45,0,0
BRDA:429,45,1,0
BRDA:442,46,0,0
BRDA:442,46,1,0
BRDA:447,47,0,0
BRDA:447,47,1,0
BRDA:458,48,0,0
BRDA:458,48,1,0
BRDA:465,49,0,0
BRDA:465,49,1,0
BRDA:470,50,0,0
BRDA:470,50,1,0
BRDA:472,51,0,0
BRDA:472,51,1,0
BRDA:477,52,0,0
BRDA:477,52,1,0
BRDA:482,53,0,0
BRDA:482,53,1,0
BRDA:485,54,0,0
BRDA:485,54,1,0
BRDA:486,55,0,0
BRDA:486,55,1,0
BRDA:491,56,0,0
BRDA:491,56,1,0
BRDA:491,57,0,0
BRDA:491,57,1,0
BRDA:493,58,0,0
BRDA:493,58,1,0
BRDA:499,59,0,0
BRDA:499,59,1,0
BRF:120
BRH:0
end_of_record
TN:
SF:content.js
FN:6,(anonymous_0)
FN:15,getXPath
FN:47,getCSSSelector
FN:63,(anonymous_3)
FN:78,captureElement
FN:102,(anonymous_5)
FN:122,(anonymous_6)
FN:139,(anonymous_7)
FN:150,(anonymous_8)
FNF:9
FNH:0
FNDA:0,(anonymous_0)
FNDA:0,getXPath
FNDA:0,getCSSSelector
FNDA:0,(anonymous_3)
FNDA:0,captureElement
FNDA:0,(anonymous_5)
FNDA:0,(anonymous_6)
FNDA:0,(anonymous_7)
FNDA:0,(anonymous_8)
DA:2,0
DA:3,0
DA:6,0
DA:7,0
DA:8,0
DA:9,0
DA:10,0
DA:16,0
DA:17,0
DA:20,0
DA:21,0
DA:24,0
DA:25,0
DA:26,0
DA:27,0
DA:29,0
DA:30,0
DA:31,0
DA:33,0
DA:36,0
DA:37,0
DA:38,0
DA:40,0
DA:43,0
DA:48,0
DA:49,0
DA:52,0
DA:53,0
DA:54,0
DA:56,0
DA:57,0
DA:61,0
DA:62,0
DA:63,0
DA:64,0
DA:65,0
DA:66,0
DA:70,0
DA:71,0
DA:74,0
DA:79,0
DA:82,0
DA:83,0
DA:84,0
DA:85,0
DA:86,0
DA:91,0
DA:92,0
DA:95,0
DA:102,0
DA:122,0
DA:123,0
DA:126,0
DA:127,0
DA:131,0
DA:132,0
DA:133,0
DA:134,0
DA:139,0
DA:140,0
DA:142,0
DA:143,0
DA:145,0
DA:148,0
DA:149,0
DA:150,0
DA:153,0
DA:156,0
DA:162,0
DA:163,0
DA:164,0
DA:165,0
DA:169,0
LF:73
LH:0
BRDA:7,0,0,0
BRDA:7,0,1,0
BRDA:16,1,0,0
BRDA:16,1,1,0
BRDA:20,2,0,0
BRDA:20,2,1,0
BRDA:25,3,0,0
BRDA:25,3,1,0
BRDA:30,4,0,0
BRDA:30,4,1,0
BRDA:30,5,0,0
BRDA:30,5,1,0
BRDA:37,6,0,0
BRDA:37,6,1,0
BRDA:43,7,0,0
BRDA:43,7,1,0
BRDA:48,8,0,0
BRDA:48,8,1,0
BRDA:53,9,0,0
BRDA:53,9,1,0
BRDA:56,10,0,0
BRDA:56,10,1,0
BRDA:61,11,0,0
BRDA:61,11,1,0
BRDA:64,12,0,0
BRDA:64,12,1,0
BRDA:85,13,0,0
BRDA:85,13,1,0
BRDA:88,14,0,0
BRDA:88,14,1,0
BRDA:98,15,0,0
BRDA:98,15,1,0
BRDA:100,16,0,0
BRDA:100,16,1,0
BRDA:123,17,0,0
BRDA:123,17,1,0
BRDA:126,18,0,0
BRDA:126,18,1,0
BRDA:132,19,0,0
BRDA:132,19,1,0
BRDA:132,20,0,0
BRDA:132,20,1,0
BRDA:132,20,2,0
BRDA:140,21,0,0
BRDA:140,21,1,0
BRDA:163,22,0,0
BRDA:163,22,1,0
BRF:47
BRH:0
end_of_record
TN:
SF:settings.js
FN:29,loadSettings
FN:32,(anonymous_1)
FN:43,updateEditorInfo
FN:49,saveSettings
FN:62,(anonymous_4)
FN:69,resetSettings
FN:71,(anonymous_6)
FN:80,showSuccessMessage
FN:82,(anonymous_8)
FN:93,(anonymous_9)
FN:99,(anonymous_10)
FNF:11
FNH:0
FNDA:0,loadSettings
FNDA:0,(anonymous_1)
FNDA:0,updateEditorInfo
FNDA:0,saveSettings
FNDA:0,(anonymous_4)
FNDA:0,resetSettings
FNDA:0,(anonymous_6)
FNDA:0,showSuccessMessage
FNDA:0,(anonymous_8)
FNDA:0,(anonymous_9)
FNDA:0,(anonymous_10)
DA:2,0
DA:13,0
DA:20,0
DA:30,0
DA:33,0
DA:34,0
DA:35,0
DA:37,0
DA:44,0
DA:45,0
DA:50,0
DA:57,0
DA:58,0
DA:59,0
DA:62,0
DA:63,0
DA:64,0
DA:70,0
DA:71,0
DA:72,0
DA:73,0
DA:74,0
DA:81,0
DA:82,0
DA:83,0
DA:88,0
DA:89,0
DA:90,0
DA:93,0
DA:94,0
DA:95,0
DA:99,0
DA:100,0
DA:101,0
DA:106,0
LF:35
LH:0
BRDA:33,0,0,0
BRDA:33,0,1,0
BRDA:34,1,0,0
BRDA:34,1,1,0
BRDA:35,2,0,0
BRDA:35,2,1,0
BRDA:57,3,0,0
BRDA:57,3,1,0
BRDA:57,4,0,0
BRDA:57,4,1,0
BRDA:70,5,0,0
BRDA:70,5,1,0
BRDA:94,6,0,0
BRDA:94,6,1,0
BRDA:100,7,0,0
BRDA:100,7,1,0
BRF:16
BRH:0
end_of_record
TN:
SF:sidepanel.js
FN:40,checkLibraries
FN:71,(anonymous_1)
FN:88,updateConnectionStatus
FN:106,fetchSdkSessions
FN:126,populateSessionDropdown
FN:147,(anonymous_5)
FN:168,loadChatHistory
FN:193,(anonymous_7)
FN:200,(anonymous_8)
FN:201,(anonymous_9)
FN:209,(anonymous_10)
FN:240,handleSessionSwitch
FN:256,(anonymous_12)
FN:273,(anonymous_13)
FN:327,handleTabSwitch
FN:384,connectToCurrentTab
FN:400,(anonymous_16)
FN:419,updateTabIndicator
FN:436,handleTabUrlChange
FN:448,clearMessages
FN:456,switchToSdkSession
FN:500,handleElementCaptured
FN:516,handleServerMessage
FN:526,(anonymous_23)
FN:621,handleStreamControl
FN:651,updateSdkSessionFromBackend
FN:662,(anonymous_26)
FN:677,(anonymous_27)
FN:691,handleResponseChunk
FN:721,renderMarkdown
FN:754,(anonymous_30)
FN:774,handleToolActivity
FN:791,addMessage
FN:804,showStreamingUI
FN:812,hideStreamingUI
FN:822,(anonymous_35)
FN:831,cancelStream
FN:842,renderToolActivityPanel
FN:850,(anonymous_38)
FN:851,(anonymous_39)
FN:852,(anonymous_40)
FN:853,(anonymous_41)
FN:862,(anonymous_42)
FN:880,getStatusIcon
FN:890,truncate
FN:907,(anonymous_45)
FN:917,(anonymous_46)
FN:918,(anonymous_47)
FN:920,(anonymous_48)
FN:926,(anonymous_49)
FN:927,(anonymous_50)
FN:937,(anonymous_51)
FN:960,(anonymous_52)
FN:1000,(anonymous_53)
FN:1010,(anonymous_54)
FN:1027,(anonymous_55)
FN:1035,(anonymous_56)
FN:1069,(anonymous_57)
FN:1089,(anonymous_58)
FN:1115,(anonymous_59)
FN:1132,(anonymous_60)
FN:1147,(anonymous_61)
FN:1178,(anonymous_62)
FN:1191,sendMessage
FN:1229,(anonymous_64)
FN:1233,(anonymous_65)
FN:1238,initializeSidePanel
FN:1251,(anonymous_67)
FN:1265,(anonymous_68)
FN:1269,(anonymous_69)
FN:1284,(anonymous_70)
FN:1294,(anonymous_71)
FN:1315,(anonymous_72)
FN:1370,(anonymous_73)
FN:1376,initializePermissionMode
FN:1390,(anonymous_75)
FN:1409,getModeLabel
FN:1419,(anonymous_77)
FN:1448,(anonymous_78)
FN:1457,handlePermissionRequest
FN:1476,showToolPermission
FN:1496,formatToolInput
FN:1531,startPermissionTimer
FN:1535,(anonymous_83)
FN:1552,respondToPermission
FN:1574,showAskUserQuestion
FN:1585,(anonymous_86)
FN:1598,(anonymous_87)
FN:1636,collectQuestionAnswers
FN:1640,(anonymous_89)
FN:1648,(anonymous_90)
FN:1660,(anonymous_91)
FN:1669,(anonymous_92)
FN:1674,(anonymous_93)
FN:1698,(anonymous_94)
FN:1714,(anonymous_95)
FN:1718,(anonymous_96)
FNF:97
FNH:0
FNDA:0,checkLibraries
FNDA:0,(anonymous_1)
FNDA:0,updateConnectionStatus
FNDA:0,fetchSdkSessions
FNDA:0,populateSessionDropdown
FNDA:0,(anonymous_5)
FNDA:0,loadChatHistory
FNDA:0,(anonymous_7)
FNDA:0,(anonymous_8)
FNDA:0,(anonymous_9)
FNDA:0,(anonymous_10)
FNDA:0,handleSessionSwitch
FNDA:0,(anonymous_12)
FNDA:0,(anonymous_13)
FNDA:0,handleTabSwitch
FNDA:0,connectToCurrentTab
FNDA:0,(anonymous_16)
FNDA:0,updateTabIndicator
FNDA:0,handleTabUrlChange
FNDA:0,clearMessages
FNDA:0,switchToSdkSession
FNDA:0,handleElementCaptured
FNDA:0,handleServerMessage
FNDA:0,(anonymous_23)
FNDA:0,handleStreamControl
FNDA:0,updateSdkSessionFromBackend
FNDA:0,(anonymous_26)
FNDA:0,(anonymous_27)
FNDA:0,handleResponseChunk
FNDA:0,renderMarkdown
FNDA:0,(anonymous_30)
FNDA:0,handleToolActivity
FNDA:0,addMessage
FNDA:0,showStreamingUI
FNDA:0,hideStreamingUI
FNDA:0,(anonymous_35)
FNDA:0,cancelStream
FNDA:0,renderToolActivityPanel
FNDA:0,(anonymous_38)
FNDA:0,(anonymous_39)
FNDA:0,(anonymous_40)
FNDA:0,(anonymous_41)
FNDA:0,(anonymous_42)
FNDA:0,getStatusIcon
FNDA:0,truncate
FNDA:0,(anonymous_45)
FNDA:0,(anonymous_46)
FNDA:0,(anonymous_47)
FNDA:0,(anonymous_48)
FNDA:0,(anonymous_49)
FNDA:0,(anonymous_50)
FNDA:0,(anonymous_51)
FNDA:0,(anonymous_52)
FNDA:0,(anonymous_53)
FNDA:0,(anonymous_54)
FNDA:0,(anonymous_55)
FNDA:0,(anonymous_56)
FNDA:0,(anonymous_57)
FNDA:0,(anonymous_58)
FNDA:0,(anonymous_59)
FNDA:0,(anonymous_60)
FNDA:0,(anonymous_61)
FNDA:0,(anonymous_62)
FNDA:0,sendMessage
FNDA:0,(anonymous_64)
FNDA:0,(anonymous_65)
FNDA:0,initializeSidePanel
FNDA:0,(anonymous_67)
FNDA:0,(anonymous_68)
FNDA:0,(anonymous_69)
FNDA:0,(anonymous_70)
FNDA:0,(anonymous_71)
FNDA:0,(anonymous_72)
FNDA:0,(anonymous_73)
FNDA:0,initializePermissionMode
FNDA:0,(anonymous_75)
FNDA:0,getModeLabel
FNDA:0,(anonymous_77)
FNDA:0,(anonymous_78)
FNDA:0,handlePermissionRequest
FNDA:0,showToolPermission
FNDA:0,formatToolInput
FNDA:0,startPermissionTimer
FNDA:0,(anonymous_83)
FNDA:0,respondToPermission
FNDA:0,showAskUserQuestion
FNDA:0,(anonymous_86)
FNDA:0,(anonymous_87)
FNDA:0,collectQuestionAnswers
FNDA:0,(anonymous_89)
FNDA:0,(anonymous_90)
FNDA:0,(anonymous_91)
FNDA:0,(anonymous_92)
FNDA:0,(anonymous_93)
FNDA:0,(anonymous_94)
FNDA:0,(anonymous_95)
FNDA:0,(anonymous_96)
DA:2,0
DA:3,0
DA:4,0
DA:5,0
DA:6,0
DA:9,0
DA:12,0
DA:20,0
DA:28,0
DA:29,0
DA:30,0
DA:33,0
DA:34,0
DA:37,0
DA:41,0
DA:44,0
DA:45,0
DA:46,0
DA:48,0
DA:51,0
DA:71,0
DA:72,0
DA:73,0
DA:74,0
DA:75,0
DA:76,0
DA:77,0
DA:78,0
DA:80,0
DA:81,0
DA:83,0
DA:89,0
DA:90,0
DA:91,0
DA:92,0
DA:95,0
DA:97,0
DA:98,0
DA:101,0
DA:107,0
DA:108,0
DA:109,0
DA:110,0
DA:111,0
DA:114,0
DA:115,0
DA:118,0
DA:119,0
DA:121,0
DA:127,0
DA:130,0
DA:133,0
DA:134,0
DA:135,0
DA:136,0
DA:139,0
DA:140,0
DA:141,0
DA:142,0
DA:143,0
DA:147,0
DA:148,0
DA:149,0
DA:152,0
DA:153,0
DA:155,0
DA:159,0
DA:162,0
DA:164,0
DA:169,0
DA:171,0
DA:172,0
DA:173,0
DA:176,0
DA:177,0
DA:178,0
DA:180,0
DA:182,0
DA:183,0
DA:184,0
DA:187,0
DA:188,0
DA:190,0
DA:193,0
DA:194,0
DA:195,0
DA:197,0
DA:199,0
DA:200,0
DA:201,0
DA:204,0
DA:209,0
DA:210,0
DA:213,0
DA:214,0
DA:215,0
DA:218,0
DA:219,0
DA:220,0
DA:221,0
DA:222,0
DA:223,0
DA:224,0
DA:228,0
DA:229,0
DA:231,0
DA:234,0
DA:235,0
DA:241,0
DA:244,0
DA:245,0
DA:248,0
DA:251,0
DA:252,0
DA:253,0
DA:256,0
DA:259,0
DA:260,0
DA:261,0
DA:265,0
DA:268,0
DA:269,0
DA:273,0
DA:274,0
DA:276,0
DA:277,0
DA:278,0
DA:281,0
DA:284,0
DA:285,0
DA:287,0
DA:289,0
DA:298,0
DA:299,0
DA:302,0
DA:303,0
DA:305,0
DA:308,0
DA:311,0
DA:314,0
DA:317,0
DA:318,0
DA:321,0
DA:328,0
DA:330,0
DA:333,0
DA:336,0
DA:339,0
DA:342,0
DA:344,0
DA:346,0
DA:347,0
DA:350,0
DA:353,0
DA:354,0
DA:355,0
DA:358,0
DA:359,0
DA:363,0
DA:365,0
DA:366,0
DA:369,0
DA:371,0
DA:375,0
DA:376,0
DA:380,0
DA:385,0
DA:386,0
DA:387,0
DA:390,0
DA:392,0
DA:393,0
DA:396,0
DA:401,0
DA:402,0
DA:403,0
DA:406,0
DA:407,0
DA:408,0
DA:410,0
DA:411,0
DA:415,0
DA:420,0
DA:422,0
DA:424,0
DA:427,0
DA:428,0
DA:429,0
DA:432,0
DA:437,0
DA:439,0
DA:442,0
DA:444,0
DA:450,0
DA:453,0
DA:457,0
DA:458,0
DA:459,0
DA:462,0
DA:464,0
DA:473,0
DA:474,0
DA:477,0
DA:478,0
DA:480,0
DA:483,0
DA:486,0
DA:487,0
DA:491,0
DA:494,0
DA:495,0
DA:501,0
DA:502,0
DA:505,0
DA:506,0
DA:509,0
DA:512,0
DA:517,0
DA:519,0
DA:522,0
DA:523,0
DA:526,0
DA:527,0
DA:528,0
DA:529,0
DA:532,0
DA:542,0
DA:544,0
DA:547,0
DA:550,0
DA:552,0
DA:555,0
DA:556,0
DA:559,0
DA:560,0
DA:563,0
DA:564,0
DA:568,0
DA:569,0
DA:571,0
DA:574,0
DA:575,0
DA:579,0
DA:582,0
DA:585,0
DA:588,0
DA:589,0
DA:593,0
DA:594,0
DA:598,0
DA:599,0
DA:603,0
DA:604,0
DA:611,0
DA:612,0
DA:615,0
DA:616,0
DA:617,0
DA:622,0
DA:624,0
DA:626,0
DA:627,0
DA:628,0
DA:631,0
DA:632,0
DA:633,0
DA:638,0
DA:639,0
DA:641,0
DA:644,0
DA:645,0
DA:646,0
DA:652,0
DA:654,0
DA:655,0
DA:656,0
DA:658,0
DA:659,0
DA:662,0
DA:663,0
DA:665,0
DA:667,0
DA:668,0
DA:669,0
DA:672,0
DA:673,0
DA:678,0
DA:679,0
DA:681,0
DA:687,0
DA:692,0
DA:694,0
DA:697,0
DA:698,0
DA:699,0
DA:702,0
DA:704,0
DA:705,0
DA:706,0
DA:708,0
DA:712,0
DA:715,0
DA:717,0
DA:722,0
DA:723,0
DA:725,0
DA:728,0
DA:729,0
DA:730,0
DA:731,0
DA:734,0
DA:736,0
DA:739,0
DA:750,0
DA:753,0
DA:754,0
DA:755,0
DA:756,0
DA:758,0
DA:763,0
DA:764,0
DA:766,0
DA:768,0
DA:770,0
DA:775,0
DA:778,0
DA:787,0
DA:792,0
DA:793,0
DA:794,0
DA:795,0
DA:796,0
DA:797,0
DA:801,0
DA:805,0
DA:806,0
DA:807,0
DA:808,0
DA:813,0
DA:814,0
DA:815,0
DA:816,0
DA:817,0
DA:820,0
DA:821,0
DA:822,0
DA:823,0
DA:824,0
DA:825,0
DA:832,0
DA:833,0
DA:837,0
DA:843,0
DA:844,0
DA:845,0
DA:846,0
DA:849,0
DA:850,0
DA:851,0
DA:852,0
DA:853,0
DA:855,0
DA:862,0
DA:877,0
DA:881,0
DA:887,0
DA:891,0
DA:897,0
DA:908,0
DA:909,0
DA:910,0
DA:912,0
DA:913,0
DA:914,0
DA:917,0
DA:918,0
DA:920,0
DA:921,0
DA:922,0
DA:926,0
DA:927,0
DA:928,0
DA:929,0
DA:934,0
DA:938,0
DA:939,0
DA:940,0
DA:944,0
DA:946,0
DA:948,0
DA:949,0
DA:950,0
DA:951,0
DA:952,0
DA:953,0
DA:956,0
DA:961,0
DA:962,0
DA:964,0
DA:965,0
DA:966,0
DA:967,0
DA:968,0
DA:971,0
DA:972,0
DA:974,0
DA:976,0
DA:977,0
DA:978,0
DA:979,0
DA:981,0
DA:983,0
DA:984,0
DA:987,0
DA:988,0
DA:989,0
DA:990,0
DA:991,0
DA:994,0
DA:995,0
DA:996,0
DA:1001,0
DA:1002,0
DA:1004,0
DA:1005,0
DA:1006,0
DA:1007,0
DA:1010,0
DA:1011,0
DA:1012,0
DA:1013,0
DA:1015,0
DA:1016,0
DA:1017,0
DA:1018,0
DA:1020,0
DA:1021,0
DA:1022,0
DA:1023,0
DA:1024,0
DA:1027,0
DA:1028,0
DA:1031,0
DA:1032,0
DA:1036,0
DA:1038,0
DA:1040,0
DA:1041,0
DA:1042,0
DA:1044,0
DA:1045,0
DA:1046,0
DA:1048,0
DA:1049,0
DA:1050,0
DA:1052,0
DA:1054,0
DA:1055,0
DA:1056,0
DA:1057,0
DA:1058,0
DA:1059,0
DA:1061,0
DA:1063,0
DA:1064,0
DA:1065,0
DA:1070,0
DA:1071,0
DA:1073,0
DA:1074,0
DA:1077,0
DA:1079,0
DA:1080,0
DA:1081,0
DA:1082,0
DA:1085,0
DA:1086,0
DA:1090,0
DA:1092,0
DA:1093,0
DA:1094,0
DA:1095,0
DA:1096,0
DA:1097,0
DA:1098,0
DA:1100,0
DA:1102,0
DA:1103,0
DA:1105,0
DA:1106,0
DA:1107,0
DA:1109,0
DA:1110,0
DA:1112,0
DA:1116,0
DA:1117,0
DA:1118,0
DA:1121,0
DA:1122,0
DA:1123,0
DA:1124,0
DA:1125,0
DA:1126,0
DA:1128,0
DA:1129,0
DA:1133,0
DA:1134,0
DA:1135,0
DA:1136,0
DA:1137,0
DA:1139,0
DA:1140,0
DA:1141,0
DA:1147,0
DA:1148,0
DA:1149,0
DA:1152,0
DA:1153,0
DA:1154,0
DA:1158,0
DA:1159,0
DA:1160,0
DA:1163,0
DA:1166,0
DA:1172,0
DA:1178,0
DA:1181,0
DA:1182,0
DA:1185,0
DA:1186,0
DA:1192,0
DA:1193,0
DA:1196,0
DA:1198,0
DA:1201,0
DA:1204,0
DA:1208,0
DA:1212,0
DA:1215,0
DA:1218,0
DA:1221,0
DA:1228,0
DA:1229,0
DA:1230,0
DA:1231,0
DA:1233,0
DA:1234,0
DA:1238,0
DA:1239,0
DA:1242,0
DA:1245,0
DA:1246,0
DA:1247,0
DA:1251,0
DA:1252,0
DA:1253,0
DA:1254,0
DA:1255,0
DA:1256,0
DA:1257,0
DA:1259,0
DA:1260,0
DA:1265,0
DA:1266,0
DA:1267,0
DA:1268,0
DA:1269,0
DA:1274,0
DA:1275,0
DA:1276,0
DA:1277,0
DA:1278,0
DA:1279,0
DA:1280,0
DA:1281,0
DA:1284,0
DA:1285,0
DA:1286,0
DA:1290,0
DA:1293,0
DA:1294,0
DA:1295,0
DA:1296,0
DA:1297,0
DA:1299,0
DA:1300,0
DA:1301,0
DA:1302,0
DA:1303,0
DA:1306,0
DA:1309,0
DA:1310,0
DA:1315,0
DA:1316,0
DA:1317,0
DA:1318,0
DA:1321,0
DA:1323,0
DA:1324,0
DA:1325,0
DA:1326,0
DA:1329,0
DA:1330,0
DA:1333,0
DA:1338,0
DA:1341,0
DA:1342,0
DA:1344,0
DA:1345,0
DA:1348,0
DA:1351,0
DA:1353,0
DA:1355,0
DA:1358,0
DA:1360,0
DA:1363,0
DA:1365,0
DA:1370,0
DA:1371,0
DA:1372,0
DA:1376,0
DA:1377,0
DA:1380,0
DA:1381,0
DA:1384,0
DA:1385,0
DA:1386,0
DA:1390,0
DA:1391,0
DA:1392,0
DA:1395,0
DA:1398,0
DA:1404,0
DA:1410,0
DA:1415,0
DA:1419,0
DA:1421,0
DA:1423,0
DA:1424,0
DA:1428,0
DA:1429,0
DA:1430,0
DA:1431,0
DA:1434,0
DA:1436,0
DA:1437,0
DA:1438,0
DA:1440,0
DA:1441,0
DA:1443,0
DA:1448,0
DA:1449,0
DA:1450,0
DA:1451,0
DA:1465,0
DA:1467,0
DA:1469,0
DA:1470,0
DA:1472,0
DA:1478,0
DA:1479,0
DA:1482,0
DA:1483,0
DA:1487,0
DA:1490,0
DA:1493,0
DA:1498,0
DA:1499,0
DA:1500,0
DA:1503,0
DA:1504,0
DA:1505,0
DA:1508,0
DA:1509,0
DA:1512,0
DA:1513,0
DA:1514,0
DA:1515,0
DA:1516,0
DA:1517,0
DA:1520,0
DA:1521,0
DA:1522,0
DA:1523,0
DA:1527,0
DA:1532,0
DA:1533,0
DA:1535,0
DA:1536,0
DA:1537,0
DA:1540,0
DA:1541,0
DA:1544,0
DA:1545,0
DA:1547,0
DA:1553,0
DA:1556,0
DA:1569,0
DA:1570,0
DA:1571,0
DA:1576,0
DA:1577,0
DA:1579,0
DA:1580,0
DA:1583,0
DA:1585,0
DA:1586,0
DA:1587,0
DA:1589,0
DA:1590,0
DA:1591,0
DA:1593,0
DA:1594,0
DA:1595,0
DA:1596,0
DA:1598,0
DA:1599,0
DA:1600,0
DA:1602,0
DA:1603,0
DA:1604,0
DA:1605,0
DA:1606,0
DA:1608,0
DA:1610,0
DA:1611,0
DA:1613,0
DA:1614,0
DA:1615,0
DA:1616,0
DA:1618,0
DA:1619,0
DA:1620,0
DA:1621,0
DA:1622,0
DA:1625,0
DA:1626,0
DA:1629,0
DA:1632,0
DA:1633,0
DA:1637,0
DA:1638,0
DA:1640,0
DA:1641,0
DA:1645,0
DA:1647,0
DA:1648,0
DA:1652,0
DA:1656,0
DA:1660,0
DA:1661,0
DA:1662,0
DA:1663,0
DA:1665,0
DA:1669,0
DA:1670,0
DA:1674,0
DA:1675,0
DA:1677,0
DA:1678,0
DA:1679,0
DA:1680,0
DA:1681,0
DA:1683,0
DA:1685,0
DA:1686,0
DA:1687,0
DA:1694,0
DA:1695,0
DA:1698,0
DA:1699,0
DA:1700,0
DA:1702,0
DA:1703,0
DA:1711,0
DA:1714,0
DA:1715,0
DA:1716,0
DA:1717,0
DA:1718,0
DA:1719,0
DA:1720,0
DA:1721,0
DA:1727,0
DA:1728,0
DA:1729,0
DA:1730,0
DA:1731,0
DA:1732,0
DA:1733,0
DA:1737,0
LF:791
LH:0
BRDA:41,0,0,0
BRDA:41,0,1,0
BRDA:41,1,0,0
BRDA:41,1,1,0
BRDA:41,1,2,0
BRDA:72,2,0,0
BRDA:72,2,1,0
BRDA:74,3,0,0
BRDA:74,3,1,0
BRDA:76,4,0,0
BRDA:76,4,1,0
BRDA:78,5,0,0
BRDA:78,5,1,0
BRDA:81,6,0,0
BRDA:81,6,1,0
BRDA:90,7,0,0
BRDA:90,7,1,0
BRDA:109,8,0,0
BRDA:109,8,1,0
BRDA:115,9,0,0
BRDA:115,9,1,0
BRDA:139,10,0,0
BRDA:139,10,1,0
BRDA:171,11,0,0
BRDA:171,11,1,0
BRDA:182,12,0,0
BRDA:182,12,1,0
BRDA:188,13,0,0
BRDA:188,13,1,0
BRDA:194,14,0,0
BRDA:194,14,1,0
BRDA:197,15,0,0
BRDA:197,15,1,0
BRDA:213,16,0,0
BRDA:213,16,1,0
BRDA:213,17,0,0
BRDA:213,17,1,0
BRDA:219,18,0,0
BRDA:219,18,1,0
BRDA:221,19,0,0
BRDA:221,19,1,0
BRDA:228,20,0,0
BRDA:228,20,1,0
BRDA:244,21,0,0
BRDA:244,21,1,0
BRDA:251,22,0,0
BRDA:251,22,1,0
BRDA:259,23,0,0
BRDA:259,23,1,0
BRDA:274,24,0,0
BRDA:274,24,1,0
BRDA:274,25,0,0
BRDA:274,25,1,0
BRDA:298,26,0,0
BRDA:298,26,1,0
BRDA:342,27,0,0
BRDA:342,27,1,0
BRDA:342,28,0,0
BRDA:342,28,1,0
BRDA:358,29,0,0
BRDA:358,29,1,0
BRDA:375,30,0,0
BRDA:375,30,1,0
BRDA:385,31,0,0
BRDA:385,31,1,0
BRDA:393,32,0,0
BRDA:393,32,1,0
BRDA:401,33,0,0
BRDA:401,33,1,0
BRDA:406,34,0,0
BRDA:406,34,1,0
BRDA:420,35,0,0
BRDA:420,35,1,0
BRDA:420,36,0,0
BRDA:420,36,1,0
BRDA:442,37,0,0
BRDA:442,37,1,0
BRDA:457,38,0,0
BRDA:457,38,1,0
BRDA:473,39,0,0
BRDA:473,39,1,0
BRDA:486,40,0,0
BRDA:486,40,1,0
BRDA:506,41,0,0
BRDA:506,41,1,0
BRDA:506,42,0,0
BRDA:506,42,1,0
BRDA:519,43,0,0
BRDA:519,43,1,0
BRDA:519,43,2,0
BRDA:519,43,3,0
BRDA:519,43,4,0
BRDA:519,43,5,0
BRDA:519,43,6,0
BRDA:519,43,7,0
BRDA:527,44,0,0
BRDA:527,44,1,0
BRDA:536,45,0,0
BRDA:536,45,1,0
BRDA:542,46,0,0
BRDA:542,46,1,0
BRDA:568,47,0,0
BRDA:568,47,1,0
BRDA:568,48,0,0
BRDA:568,48,1,0
BRDA:569,49,0,0
BRDA:569,49,1,0
BRDA:585,50,0,0
BRDA:585,50,1,0
BRDA:588,51,0,0
BRDA:588,51,1,0
BRDA:593,52,0,0
BRDA:593,52,1,0
BRDA:598,53,0,0
BRDA:598,53,1,0
BRDA:603,54,0,0
BRDA:603,54,1,0
BRDA:624,55,0,0
BRDA:624,55,1,0
BRDA:624,55,2,0
BRDA:632,56,0,0
BRDA:632,56,1,0
BRDA:638,57,0,0
BRDA:638,57,1,0
BRDA:638,58,0,0
BRDA:638,58,1,0
BRDA:652,59,0,0
BRDA:652,59,1,0
BRDA:656,60,0,0
BRDA:656,60,1,0
BRDA:659,61,0,0
BRDA:659,61,1,0
BRDA:663,62,0,0
BRDA:663,62,1,0
BRDA:667,63,0,0
BRDA:667,63,1,0
BRDA:667,64,0,0
BRDA:667,64,1,0
BRDA:672,65,0,0
BRDA:672,65,1,0
BRDA:678,66,0,0
BRDA:678,66,1,0
BRDA:697,67,0,0
BRDA:697,67,1,0
BRDA:697,68,0,0
BRDA:697,68,1,0
BRDA:702,69,0,0
BRDA:702,69,1,0
BRDA:704,70,0,0
BRDA:704,70,1,0
BRDA:704,71,0,0
BRDA:704,71,1,0
BRDA:723,72,0,0
BRDA:723,72,1,0
BRDA:728,73,0,0
BRDA:728,73,1,0
BRDA:728,74,0,0
BRDA:728,74,1,0
BRDA:728,74,2,0
BRDA:753,75,0,0
BRDA:753,75,1,0
BRDA:820,76,0,0
BRDA:820,76,1,0
BRDA:832,77,0,0
BRDA:832,77,1,0
BRDA:843,78,0,0
BRDA:843,78,1,0
BRDA:866,79,0,0
BRDA:866,79,1,0
BRDA:867,80,0,0
BRDA:867,80,1,0
BRDA:872,81,0,0
BRDA:872,81,1,0
BRDA:872,82,0,0
BRDA:872,82,1,0
BRDA:872,83,0,0
BRDA:872,83,1,0
BRDA:887,84,0,0
BRDA:887,84,1,0
BRDA:891,85,0,0
BRDA:891,85,1,0
BRDA:912,86,0,0
BRDA:912,86,1,0
BRDA:912,87,0,0
BRDA:912,87,1,0
BRDA:912,87,2,0
BRDA:921,88,0,0
BRDA:921,88,1,0
BRDA:921,89,0,0
BRDA:921,89,1,0
BRDA:928,90,0,0
BRDA:928,90,1,0
BRDA:948,91,0,0
BRDA:948,91,1,0
BRDA:951,92,0,0
BRDA:951,92,1,0
BRDA:964,93,0,0
BRDA:964,93,1,0
BRDA:971,94,0,0
BRDA:971,94,1,0
BRDA:983,95,0,0
BRDA:983,95,1,0
BRDA:989,96,0,0
BRDA:989,96,1,0
BRDA:994,97,0,0
BRDA:994,97,1,0
BRDA:1004,98,0,0
BRDA:1004,98,1,0
BRDA:1020,99,0,0
BRDA:1020,99,1,0
BRDA:1036,100,0,0
BRDA:1036,100,1,0
BRDA:1038,101,0,0
BRDA:1038,101,1,0
BRDA:1038,101,2,0
BRDA:1038,101,3,0
BRDA:1038,101,4,0
BRDA:1048,102,0,0
BRDA:1048,102,1,0
BRDA:1054,103,0,0
BRDA:1054,103,1,0
BRDA:1057,104,0,0
BRDA:1057,104,1,0
BRDA:1071,105,0,0
BRDA:1071,105,1,0
BRDA:1073,106,0,0
BRDA:1073,106,1,0
BRDA:1073,107,0,0
BRDA:1073,107,1,0
BRDA:1079,108,0,0
BRDA:1079,108,1,0
BRDA:1081,109,0,0
BRDA:1081,109,1,0
BRDA:1090,110,0,0
BRDA:1090,110,1,0
BRDA:1090,111,0,0
BRDA:1090,111,1,0
BRDA:1100,112,0,0
BRDA:1100,112,1,0
BRDA:1139,113,0,0
BRDA:1139,113,1,0
BRDA:1152,114,0,0
BRDA:1152,114,1,0
BRDA:1152,115,0,0
BRDA:1152,115,1,0
BRDA:1152,115,2,0
BRDA:1152,115,3,0
BRDA:1193,116,0,0
BRDA:1193,116,1,0
BRDA:1196,117,0,0
BRDA:1196,117,1,0
BRDA:1223,118,0,0
BRDA:1223,118,1,0
BRDA:1234,119,0,0
BRDA:1234,119,1,0
BRDA:1246,120,0,0
BRDA:1246,120,1,0
BRDA:1253,121,0,0
BRDA:1253,121,1,0
BRDA:1256,122,0,0
BRDA:1256,122,1,0
BRDA:1267,123,0,0
BRDA:1267,123,1,0
BRDA:1295,124,0,0
BRDA:1295,124,1,0
BRDA:1300,125,0,0
BRDA:1300,125,1,0
BRDA:1302,126,0,0
BRDA:1302,126,1,0
BRDA:1309,127,0,0
BRDA:1309,127,1,0
BRDA:1324,128,0,0
BRDA:1324,128,1,0
BRDA:1341,129,0,0
BRDA:1341,129,1,0
BRDA:1341,130,0,0
BRDA:1341,130,1,0
BRDA:1381,131,0,0
BRDA:1381,131,1,0
BRDA:1384,132,0,0
BRDA:1384,132,1,0
BRDA:1415,133,0,0
BRDA:1415,133,1,0
BRDA:1421,134,0,0
BRDA:1421,134,1,0
BRDA:1421,135,0,0
BRDA:1421,135,1,0
BRDA:1423,136,0,0
BRDA:1423,136,1,0
BRDA:1423,137,0,0
BRDA:1423,137,1,0
BRDA:1429,138,0,0
BRDA:1429,138,1,0
BRDA:1449,139,0,0
BRDA:1449,139,1,0
BRDA:1469,140,0,0
BRDA:1469,140,1,0
BRDA:1470,141,0,0
BRDA:1470,141,1,0
BRDA:1472,142,0,0
BRDA:1472,142,1,0
BRDA:1498,143,0,0
BRDA:1498,143,1,0
BRDA:1499,144,0,0
BRDA:1499,144,1,0
BRDA:1500,145,0,0
BRDA:1500,145,1,0
BRDA:1504,146,0,0
BRDA:1504,146,1,0
BRDA:1504,147,0,0
BRDA:1504,147,1,0
BRDA:1504,147,2,0
BRDA:1508,148,0,0
BRDA:1508,148,1,0
BRDA:1513,149,0,0
BRDA:1513,149,1,0
BRDA:1514,150,0,0
BRDA:1514,150,1,0
BRDA:1515,151,0,0
BRDA:1515,151,1,0
BRDA:1518,152,0,0
BRDA:1518,152,1,0
BRDA:1520,153,0,0
BRDA:1520,153,1,0
BRDA:1522,154,0,0
BRDA:1522,154,1,0
BRDA:1524,155,0,0
BRDA:1524,155,1,0
BRDA:1525,156,0,0
BRDA:1525,156,1,0
BRDA:1540,157,0,0
BRDA:1540,157,1,0
BRDA:1544,158,0,0
BRDA:1544,158,1,0
BRDA:1552,159,0,0
BRDA:1552,160,0,0
BRDA:1564,161,0,0
BRDA:1564,161,1,0
BRDA:1590,162,0,0
BRDA:1590,162,1,0
BRDA:1603,163,0,0
BRDA:1603,163,1,0
BRDA:1618,164,0,0
BRDA:1618,164,1,0
BRDA:1645,165,0,0
BRDA:1645,165,1,0
BRDA:1652,166,0,0
BRDA:1652,166,1,0
BRDA:1661,167,0,0
BRDA:1661,167,1,0
BRDA:1675,168,0,0
BRDA:1675,168,1,0
BRDA:1677,169,0,0
BRDA:1677,169,1,0
BRDA:1679,170,0,0
BRDA:1679,170,1,0
BRDA:1685,171,0,0
BRDA:1685,171,1,0
BRDA:1699,172,0,0
BRDA:1699,172,1,0
BRDA:1716,173,0,0
BRDA:1716,173,1,0
BRF:362
BRH:0
end_of_record
